2025-08-19 11:46:40 [[32minfo[39m]: Received request to fetch sheet data {"user":{"download_report":false,"_id":"677271b67b9759f7412b112c","name":"Admin User Name","email":"vnp@admin.com","password":"$2b$10$8bLqnhrEOhS34WTeYGfIXeQhe1YE8YfJqTiMV//.YFfaALA0pF4ta","role":"admin","access":"admin","createdAt":"2024-12-30T10:11:02.414Z","updatedAt":"2025-08-18T06:36:51.853Z","__v":1,"is_verified":true,"connected_entity_id":[],"phone_number":"01728704205"},"query":{"page":"1","limit":"10","entity_id":"685ce07be8c65c798a8962f6","multiplePropertyOwner":"false"}}
2025-08-19 11:46:40 [[32minfo[39m]: Building query for fetching sheet data {"page":1,"limit":10,"filters":{},"role":"admin"}
2025-08-19 11:46:41 [[32minfo[39m]: Query executed successfully {"total":5988}
2025-08-19 11:46:41 [[32minfo[39m]: Sheet data fetched successfully {"totalItems":5988}
2025-08-19 11:46:46 [[32minfo[39m]: Received request to fetch sheet data {"user":{"download_report":false,"_id":"677271b67b9759f7412b112c","name":"Admin User Name","email":"vnp@admin.com","password":"$2b$10$8bLqnhrEOhS34WTeYGfIXeQhe1YE8YfJqTiMV//.YFfaALA0pF4ta","role":"admin","access":"admin","createdAt":"2024-12-30T10:11:02.414Z","updatedAt":"2025-08-18T06:36:51.853Z","__v":1,"is_verified":true,"connected_entity_id":[],"phone_number":"01728704205"},"query":{"page":"1","limit":"10","entity_id":"685ce07be8c65c798a8962f6","multiplePropertyOwner":"false"}}
2025-08-19 11:46:46 [[32minfo[39m]: Building query for fetching sheet data {"page":1,"limit":10,"filters":{},"role":"admin"}
2025-08-19 11:46:47 [[32minfo[39m]: Query executed successfully {"total":5988}
2025-08-19 11:46:47 [[32minfo[39m]: Sheet data fetched successfully {"totalItems":5988}
2025-08-19 11:46:48 [[32minfo[39m]: Received request to fetch sheet data {"user":{"download_report":false,"_id":"677271b67b9759f7412b112c","name":"Admin User Name","email":"vnp@admin.com","password":"$2b$10$8bLqnhrEOhS34WTeYGfIXeQhe1YE8YfJqTiMV//.YFfaALA0pF4ta","role":"admin","access":"admin","createdAt":"2024-12-30T10:11:02.414Z","updatedAt":"2025-08-18T06:36:51.853Z","__v":1,"is_verified":true,"connected_entity_id":[],"phone_number":"01728704205"},"query":{"page":"1","limit":"10","entity_id":"685ce07be8c65c798a8962f6","multiplePropertyOwner":"false"}}
2025-08-19 11:46:48 [[32minfo[39m]: Building query for fetching sheet data {"page":1,"limit":10,"filters":{},"role":"admin"}
2025-08-19 11:46:49 [[32minfo[39m]: Query executed successfully {"total":5988}
2025-08-19 11:46:49 [[32minfo[39m]: Sheet data fetched successfully {"totalItems":5988}
2025-08-19 12:00:51 [[32minfo[39m]: Received request to fetch sheet data {"user":{"download_report":false,"_id":"677271b67b9759f7412b112c","name":"Admin User Name","email":"vnp@admin.com","password":"$2b$10$8bLqnhrEOhS34WTeYGfIXeQhe1YE8YfJqTiMV//.YFfaALA0pF4ta","role":"admin","access":"admin","createdAt":"2024-12-30T10:11:02.414Z","updatedAt":"2025-08-18T06:36:51.853Z","__v":1,"is_verified":true,"connected_entity_id":[],"phone_number":"01728704205"},"query":{"page":"1","limit":"10","entity_id":"685ce07be8c65c798a8962f6","multiplePropertyOwner":"false"}}
2025-08-19 12:00:51 [[32minfo[39m]: Building query for fetching sheet data {"page":1,"limit":10,"filters":{},"role":"admin"}
2025-08-19 12:00:52 [[32minfo[39m]: Query executed successfully {"total":5988}
2025-08-19 12:00:52 [[32minfo[39m]: Sheet data fetched successfully {"totalItems":5988}
2025-08-19 12:31:07 [[32minfo[39m]: Received request to fetch sheet data {"user":{"download_report":false,"_id":"677271b67b9759f7412b112c","name":"Admin User Name","email":"vnp@admin.com","password":"$2b$10$8bLqnhrEOhS34WTeYGfIXeQhe1YE8YfJqTiMV//.YFfaALA0pF4ta","role":"admin","access":"admin","createdAt":"2024-12-30T10:11:02.414Z","updatedAt":"2025-08-18T06:36:51.853Z","__v":1,"is_verified":true,"connected_entity_id":[],"phone_number":"01728704205"},"query":{"page":"1","limit":"10","entity_id":"685ce079e8c65c798a8962ed","multiplePropertyOwner":"false"}}
2025-08-19 12:31:07 [[32minfo[39m]: Building query for fetching sheet data {"page":1,"limit":10,"filters":{},"role":"admin"}
2025-08-19 12:31:09 [[32minfo[39m]: Query executed successfully {"total":5988}
2025-08-19 12:31:09 [[32minfo[39m]: Sheet data fetched successfully {"totalItems":5988}
2025-08-19 12:31:20 [[32minfo[39m]: Received request to fetch sheet data {"user":{"download_report":false,"_id":"677271b67b9759f7412b112c","name":"Admin User Name","email":"vnp@admin.com","password":"$2b$10$8bLqnhrEOhS34WTeYGfIXeQhe1YE8YfJqTiMV//.YFfaALA0pF4ta","role":"admin","access":"admin","createdAt":"2024-12-30T10:11:02.414Z","updatedAt":"2025-08-18T06:36:51.853Z","__v":1,"is_verified":true,"connected_entity_id":[],"phone_number":"01728704205"},"query":{"page":"1","limit":"10","entity_id":"685ce079e8c65c798a8962ed","multiplePropertyOwner":"false"}}
2025-08-19 12:31:20 [[32minfo[39m]: Building query for fetching sheet data {"page":1,"limit":10,"filters":{},"role":"admin"}
2025-08-19 12:31:21 [[32minfo[39m]: Query executed successfully {"total":5988}
2025-08-19 12:31:21 [[32minfo[39m]: Sheet data fetched successfully {"totalItems":5988}
2025-08-19 12:31:24 [[32minfo[39m]: Received request to fetch sheet data {"user":{"download_report":false,"_id":"677271b67b9759f7412b112c","name":"Admin User Name","email":"vnp@admin.com","password":"$2b$10$8bLqnhrEOhS34WTeYGfIXeQhe1YE8YfJqTiMV//.YFfaALA0pF4ta","role":"admin","access":"admin","createdAt":"2024-12-30T10:11:02.414Z","updatedAt":"2025-08-18T06:36:51.853Z","__v":1,"is_verified":true,"connected_entity_id":[],"phone_number":"01728704205"},"query":{"page":"1","limit":"10","entity_id":"685ce079e8c65c798a8962ed","multiplePropertyOwner":"false"}}
2025-08-19 12:31:24 [[32minfo[39m]: Building query for fetching sheet data {"page":1,"limit":10,"filters":{},"role":"admin"}
2025-08-19 12:31:25 [[32minfo[39m]: Query executed successfully {"total":5988}
2025-08-19 12:31:25 [[32minfo[39m]: Sheet data fetched successfully {"totalItems":5988}
2025-08-19 12:31:25 [[32minfo[39m]: Received request to fetch sheet data {"user":{"download_report":false,"_id":"677271b67b9759f7412b112c","name":"Admin User Name","email":"vnp@admin.com","password":"$2b$10$8bLqnhrEOhS34WTeYGfIXeQhe1YE8YfJqTiMV//.YFfaALA0pF4ta","role":"admin","access":"admin","createdAt":"2024-12-30T10:11:02.414Z","updatedAt":"2025-08-18T06:36:51.853Z","__v":1,"is_verified":true,"connected_entity_id":[],"phone_number":"01728704205"},"query":{"page":"1","limit":"10","entity_id":"685ce079e8c65c798a8962ed","multiplePropertyOwner":"false"}}
2025-08-19 12:31:25 [[32minfo[39m]: Building query for fetching sheet data {"page":1,"limit":10,"filters":{},"role":"admin"}
2025-08-19 12:31:26 [[32minfo[39m]: Query executed successfully {"total":5988}
2025-08-19 12:31:26 [[32minfo[39m]: Sheet data fetched successfully {"totalItems":5988}
2025-08-19 12:31:26 [[32minfo[39m]: Received request to fetch sheet data {"user":{"download_report":false,"_id":"677271b67b9759f7412b112c","name":"Admin User Name","email":"vnp@admin.com","password":"$2b$10$8bLqnhrEOhS34WTeYGfIXeQhe1YE8YfJqTiMV//.YFfaALA0pF4ta","role":"admin","access":"admin","createdAt":"2024-12-30T10:11:02.414Z","updatedAt":"2025-08-18T06:36:51.853Z","__v":1,"is_verified":true,"connected_entity_id":[],"phone_number":"01728704205"},"query":{"page":"1","limit":"10","entity_id":"685ce079e8c65c798a8962ed","multiplePropertyOwner":"false"}}
2025-08-19 12:31:26 [[32minfo[39m]: Building query for fetching sheet data {"page":1,"limit":10,"filters":{},"role":"admin"}
2025-08-19 12:31:27 [[32minfo[39m]: Query executed successfully {"total":5988}
2025-08-19 12:31:27 [[32minfo[39m]: Sheet data fetched successfully {"totalItems":5988}
2025-08-19 14:10:42 [[32minfo[39m]: Login request received {"email":"vnp@admin.com"}
