2025-02-26 10:41:24 [[31merror[39m]: Can't find /api/sheet/showsomefield on this server {"statusCode":404,"status":"fail","isOperational":true}
2025-02-26 11:00:21 [[32minfo[39m]: Received request to fetch sheet data {"user":{"download_report":false,"_id":"677271b67b9759f7412b112c","name":"Admin User","email":"vnp@admin.com","password":"$2b$10$8bLqnhrEOhS34WTeYGfIXeQhe1YE8YfJqTiMV//.YFfaALA0pF4ta","role":"admin","access":"admin","createdAt":"2024-12-30T10:11:02.414Z","updatedAt":"2025-01-14T15:00:18.983Z","__v":1,"is_verified":true,"connected_entity_id":[],"phone_number":"01728704205"},"query":{"page":"1","limit":"1","nextAuditId":"677f99f7c6618c7d08094c7f,677f99f7c6618c7d08094c80"}}
2025-02-26 11:00:21 [[32minfo[39m]: Building query for fetching sheet data {"page":1,"limit":1,"filters":{"nextAuditId":"677f99f7c6618c7d08094c7f,677f99f7c6618c7d08094c80"},"role":"admin"}
2025-02-26 11:00:21 [[32minfo[39m]: Query executed successfully {"total":2}
2025-02-26 11:00:21 [[32minfo[39m]: Sheet data fetched successfully {"totalItems":2}
2025-02-26 11:00:58 [[32minfo[39m]: Login request received {"email":"vnp@admin.com"}
2025-02-26 11:00:58 [[33mwarn[39m]: Invalid password {"email":"vnp@admin.com"}
2025-02-26 11:00:58 [[31merror[39m]: Login failed {"email":"vnp@admin.com","error":"Invalid password"}
2025-02-26 11:00:58 [[31merror[39m]: Invalid password {"statusCode":401,"status":"fail","isOperational":true}
2025-02-26 11:01:07 [[32minfo[39m]: Login request received {"email":"vnp@admin.com"}
2025-02-26 11:01:07 [[32minfo[39m]: Token generated successfully {"email":"vnp@admin.com","userId":"677271b67b9759f7412b112c"}
2025-02-26 11:01:07 [[32minfo[39m]: Login successful {"userId":"677271b67b9759f7412b112c","email":"vnp@admin.com"}
2025-02-26 11:01:33 [[32minfo[39m]: Received request to fetch sheet data {"user":{"download_report":false,"_id":"677271b67b9759f7412b112c","name":"Admin User","email":"vnp@admin.com","password":"$2b$10$8bLqnhrEOhS34WTeYGfIXeQhe1YE8YfJqTiMV//.YFfaALA0pF4ta","role":"admin","access":"admin","createdAt":"2024-12-30T10:11:02.414Z","updatedAt":"2025-01-14T15:00:18.983Z","__v":1,"is_verified":true,"connected_entity_id":[],"phone_number":"01728704205"},"query":{"page":"1","limit":"1","nextAuditId":"677f99f7c6618c7d08094c7f,677f99f7c6618c7d08094c80"}}
2025-02-26 11:01:33 [[32minfo[39m]: Building query for fetching sheet data {"page":1,"limit":1,"filters":{"nextAuditId":"677f99f7c6618c7d08094c7f,677f99f7c6618c7d08094c80"},"role":"admin"}
2025-02-26 11:01:34 [[32minfo[39m]: Query executed successfully {"total":2}
2025-02-26 11:01:34 [[32minfo[39m]: Sheet data fetched successfully {"totalItems":2}
2025-02-26 11:02:15 [[32minfo[39m]: Received request to fetch sheet data {"user":{"download_report":false,"_id":"677271b67b9759f7412b112c","name":"Admin User","email":"vnp@admin.com","password":"$2b$10$8bLqnhrEOhS34WTeYGfIXeQhe1YE8YfJqTiMV//.YFfaALA0pF4ta","role":"admin","access":"admin","createdAt":"2024-12-30T10:11:02.414Z","updatedAt":"2025-01-14T15:00:18.983Z","__v":1,"is_verified":true,"connected_entity_id":[],"phone_number":"01728704205"},"query":{"page":"1","limit":"1","search":"rainmaker","nextAuditId":"677f99f7c6618c7d08094c7f,677f99f7c6618c7d08094c80"}}
2025-02-26 11:02:15 [[32minfo[39m]: Building query for fetching sheet data {"page":1,"limit":1,"filters":{"nextAuditId":"677f99f7c6618c7d08094c7f,677f99f7c6618c7d08094c80"},"role":"admin"}
2025-02-26 11:02:15 [[32minfo[39m]: Query executed successfully {"total":2}
2025-02-26 11:02:15 [[32minfo[39m]: Sheet data fetched successfully {"totalItems":2}
2025-02-26 11:02:25 [[32minfo[39m]: Received request to fetch sheet data {"user":{"download_report":false,"_id":"677271b67b9759f7412b112c","name":"Admin User","email":"vnp@admin.com","password":"$2b$10$8bLqnhrEOhS34WTeYGfIXeQhe1YE8YfJqTiMV//.YFfaALA0pF4ta","role":"admin","access":"admin","createdAt":"2024-12-30T10:11:02.414Z","updatedAt":"2025-01-14T15:00:18.983Z","__v":1,"is_verified":true,"connected_entity_id":[],"phone_number":"01728704205"},"query":{"page":"1","limit":"1","nextAuditId":"677f99f7c6618c7d08094c7f,677f99f7c6618c7d08094c80"}}
2025-02-26 11:02:25 [[32minfo[39m]: Building query for fetching sheet data {"page":1,"limit":1,"filters":{"nextAuditId":"677f99f7c6618c7d08094c7f,677f99f7c6618c7d08094c80"},"role":"admin"}
2025-02-26 11:02:25 [[32minfo[39m]: Query executed successfully {"total":2}
2025-02-26 11:02:25 [[32minfo[39m]: Sheet data fetched successfully {"totalItems":2}
2025-02-26 11:02:37 [[32minfo[39m]: Received request to fetch sheet data {"user":{"download_report":false,"_id":"677271b67b9759f7412b112c","name":"Admin User","email":"vnp@admin.com","password":"$2b$10$8bLqnhrEOhS34WTeYGfIXeQhe1YE8YfJqTiMV//.YFfaALA0pF4ta","role":"admin","access":"admin","createdAt":"2024-12-30T10:11:02.414Z","updatedAt":"2025-01-14T15:00:18.983Z","__v":1,"is_verified":true,"connected_entity_id":[],"phone_number":"01728704205"},"query":{"page":"1","limit":"1"}}
2025-02-26 11:02:37 [[32minfo[39m]: Building query for fetching sheet data {"page":1,"limit":1,"filters":{},"role":"admin"}
2025-02-26 11:02:37 [[32minfo[39m]: Query executed successfully {"total":4313}
2025-02-26 11:02:37 [[32minfo[39m]: Sheet data fetched successfully {"totalItems":4313}
2025-02-26 11:02:50 [[32minfo[39m]: Received request to fetch sheet data {"user":{"download_report":false,"_id":"677271b67b9759f7412b112c","name":"Admin User","email":"vnp@admin.com","password":"$2b$10$8bLqnhrEOhS34WTeYGfIXeQhe1YE8YfJqTiMV//.YFfaALA0pF4ta","role":"admin","access":"admin","createdAt":"2024-12-30T10:11:02.414Z","updatedAt":"2025-01-14T15:00:18.983Z","__v":1,"is_verified":true,"connected_entity_id":[],"phone_number":"01728704205"},"query":{"page":"1","limit":"1","search":"rainmaker"}}
2025-02-26 11:02:50 [[32minfo[39m]: Building query for fetching sheet data {"page":1,"limit":1,"filters":{},"role":"admin"}
2025-02-26 11:02:50 [[32minfo[39m]: Query executed successfully {"total":30}
2025-02-26 11:02:50 [[32minfo[39m]: Sheet data fetched successfully {"totalItems":30}
2025-02-26 11:03:17 [[32minfo[39m]: Received request to fetch sheet data {"user":{"download_report":false,"_id":"677271b67b9759f7412b112c","name":"Admin User","email":"vnp@admin.com","password":"$2b$10$8bLqnhrEOhS34WTeYGfIXeQhe1YE8YfJqTiMV//.YFfaALA0pF4ta","role":"admin","access":"admin","createdAt":"2024-12-30T10:11:02.414Z","updatedAt":"2025-01-14T15:00:18.983Z","__v":1,"is_verified":true,"connected_entity_id":[],"phone_number":"01728704205"},"query":{"page":"1","limit":"1","property":"677f93cdc6618c7d08091cb3"}}
2025-02-26 11:03:17 [[32minfo[39m]: Building query for fetching sheet data {"page":1,"limit":1,"filters":{"property":"677f93cdc6618c7d08091cb3"},"role":"admin"}
2025-02-26 11:03:18 [[32minfo[39m]: Query executed successfully {"total":1}
2025-02-26 11:03:18 [[32minfo[39m]: Sheet data fetched successfully {"totalItems":1}
