2025-08-25 11:15:44 [[32minfo[39m]: Received request to fetch sheet data {"user":{"_id":"689dc795625c63a7b500e17e","name":"Mahi","email":"mahi121.mr@gmail.com","password":"$2b$10$0uYLOgsM0csm8o3Kms1ZjuKtCros2bcgRIsnb4rsXhi6kq4bAiP3.","role":"portfolio","connected_entity_id":["685ce07be8c65c798a8962f6"],"invited_user":"677271b67b9759f7412b112c","is_verified":true,"download_report":true,"createdAt":"2025-08-14T11:25:09.292Z","updatedAt":"2025-08-14T11:25:40.528Z","__v":0},"query":{"startDate":"2025-08-18","endDate":"2025-08-25","page":"1","limit":"10","entity_id":"685ce07be8c65c798a8962f6","multiplePropertyOwner":"false"}}
2025-08-25 11:15:44 [[32minfo[39m]: Building query for fetching sheet data {"page":1,"limit":10,"filters":{"startDate":"2025-08-18","endDate":"2025-08-25"},"role":"portfolio"}
2025-08-25 11:15:45 [[32minfo[39m]: Query executed successfully {"total":0}
2025-08-25 11:15:45 [[32minfo[39m]: Sheet data fetched successfully {"totalItems":0}
2025-08-25 11:16:25 [[32minfo[39m]: Received request to fetch sheet data {"user":{"_id":"689dc795625c63a7b500e17e","name":"Mahi","email":"mahi121.mr@gmail.com","password":"$2b$10$0uYLOgsM0csm8o3Kms1ZjuKtCros2bcgRIsnb4rsXhi6kq4bAiP3.","role":"portfolio","connected_entity_id":["685ce07be8c65c798a8962f6"],"invited_user":"677271b67b9759f7412b112c","is_verified":true,"download_report":true,"createdAt":"2025-08-14T11:25:09.292Z","updatedAt":"2025-08-14T11:25:40.528Z","__v":0},"query":{"startDate":"2024-08-25","endDate":"2025-08-25","page":"1","limit":"10","entity_id":"685ce07be8c65c798a8962f6","multiplePropertyOwner":"false"}}
2025-08-25 11:16:25 [[32minfo[39m]: Building query for fetching sheet data {"page":1,"limit":10,"filters":{"startDate":"2024-08-25","endDate":"2025-08-25"},"role":"portfolio"}
2025-08-25 11:16:26 [[32minfo[39m]: Query executed successfully {"total":2}
2025-08-25 11:16:26 [[32minfo[39m]: Sheet data fetched successfully {"totalItems":2}
2025-08-25 11:17:21 [[32minfo[39m]: Received request to fetch sheet data {"user":{"_id":"689dc795625c63a7b500e17e","name":"Mahi","email":"mahi121.mr@gmail.com","password":"$2b$10$0uYLOgsM0csm8o3Kms1ZjuKtCros2bcgRIsnb4rsXhi6kq4bAiP3.","role":"portfolio","connected_entity_id":["685ce07be8c65c798a8962f6"],"invited_user":"677271b67b9759f7412b112c","is_verified":true,"download_report":true,"createdAt":"2025-08-14T11:25:09.292Z","updatedAt":"2025-08-14T11:25:40.528Z","__v":0},"query":{"page":"1","limit":"10","entity_id":"685ce07be8c65c798a8962f6","multiplePropertyOwner":"false"}}
2025-08-25 11:17:21 [[32minfo[39m]: Building query for fetching sheet data {"page":1,"limit":10,"filters":{},"role":"portfolio"}
2025-08-25 11:17:21 [[32minfo[39m]: Received request to fetch sheet data {"user":{"_id":"689dc795625c63a7b500e17e","name":"Mahi","email":"mahi121.mr@gmail.com","password":"$2b$10$0uYLOgsM0csm8o3Kms1ZjuKtCros2bcgRIsnb4rsXhi6kq4bAiP3.","role":"portfolio","connected_entity_id":["685ce07be8c65c798a8962f6"],"invited_user":"677271b67b9759f7412b112c","is_verified":true,"download_report":true,"createdAt":"2025-08-14T11:25:09.292Z","updatedAt":"2025-08-14T11:25:40.528Z","__v":0},"query":{"startDate":"2025-08-18","endDate":"2025-08-25","page":"1","limit":"10","entity_id":"685ce07be8c65c798a8962f6","multiplePropertyOwner":"false"}}
2025-08-25 11:17:21 [[32minfo[39m]: Building query for fetching sheet data {"page":1,"limit":10,"filters":{"startDate":"2025-08-18","endDate":"2025-08-25"},"role":"portfolio"}
2025-08-25 11:17:22 [[32minfo[39m]: Query executed successfully {"total":24}
2025-08-25 11:17:22 [[32minfo[39m]: Sheet data fetched successfully {"totalItems":24}
2025-08-25 11:17:22 [[32minfo[39m]: Query executed successfully {"total":0}
2025-08-25 11:17:22 [[32minfo[39m]: Sheet data fetched successfully {"totalItems":0}
2025-08-25 11:31:37 [[31merror[39m]: Failed to fetch user details {"error":"PlanExecutor error during aggregation :: caused by :: The argument to $size must be an array, but was of type: int"}
2025-08-25 11:31:38 [[31merror[39m]: Failed to fetch user details {"error":"PlanExecutor error during aggregation :: caused by :: The argument to $size must be an array, but was of type: int"}
2025-08-25 11:31:40 [[31merror[39m]: Failed to fetch user details {"error":"PlanExecutor error during aggregation :: caused by :: The argument to $size must be an array, but was of type: int"}
2025-08-25 11:31:43 [[31merror[39m]: Failed to fetch user details {"error":"PlanExecutor error during aggregation :: caused by :: The argument to $size must be an array, but was of type: int"}
