2025-04-25 20:12:45 [[31merror[39m]: Unauthorized {"statusCode":401,"status":"fail","isOperational":true}
2025-04-25 20:14:00 [[32minfo[39m]: Received request to fetch sheet data {"user":{"download_report":false,"_id":"677271b67b9759f7412b112c","name":"Admin User","email":"vnp@admin.com","password":"$2b$10$8bLqnhrEOhS34WTeYGfIXeQhe1YE8YfJqTiMV//.YFfaALA0pF4ta","role":"admin","access":"admin","createdAt":"2024-12-30T10:11:02.414Z","updatedAt":"2025-01-14T15:00:18.983Z","__v":1,"is_verified":true,"connected_entity_id":[],"phone_number":"01728704205"},"query":{"page":"1","limit":"3"}}
2025-04-25 20:14:00 [[32minfo[39m]: Building query for fetching sheet data {"page":1,"limit":3,"filters":{},"role":"admin"}
2025-04-25 20:14:00 [[32minfo[39m]: Query executed successfully {"total":5416}
2025-04-25 20:14:00 [[32minfo[39m]: Sheet data fetched successfully {"totalItems":5416}
2025-04-25 20:14:15 [[32minfo[39m]: Received request to fetch sheet data {"user":{"download_report":false,"_id":"677271b67b9759f7412b112c","name":"Admin User","email":"vnp@admin.com","password":"$2b$10$8bLqnhrEOhS34WTeYGfIXeQhe1YE8YfJqTiMV//.YFfaALA0pF4ta","role":"admin","access":"admin","createdAt":"2024-12-30T10:11:02.414Z","updatedAt":"2025-01-14T15:00:18.983Z","__v":1,"is_verified":true,"connected_entity_id":[],"phone_number":"01728704205"},"query":{"page":"1","limit":"3","search":"rainmaker"}}
2025-04-25 20:14:15 [[32minfo[39m]: Building query for fetching sheet data {"page":1,"limit":3,"filters":{},"role":"admin"}
2025-04-25 20:14:15 [[32minfo[39m]: Query executed successfully {"total":28}
2025-04-25 20:14:15 [[32minfo[39m]: Sheet data fetched successfully {"totalItems":28}
2025-04-25 20:14:46 [[32minfo[39m]: Received request to fetch sheet data {"user":{"download_report":false,"_id":"677271b67b9759f7412b112c","name":"Admin User","email":"vnp@admin.com","password":"$2b$10$8bLqnhrEOhS34WTeYGfIXeQhe1YE8YfJqTiMV//.YFfaALA0pF4ta","role":"admin","access":"admin","createdAt":"2024-12-30T10:11:02.414Z","updatedAt":"2025-01-14T15:00:18.983Z","__v":1,"is_verified":true,"connected_entity_id":[],"phone_number":"01728704205"},"query":{"page":"1","limit":"3","search":"avid hotel cincinnati"}}
2025-04-25 20:14:46 [[32minfo[39m]: Building query for fetching sheet data {"page":1,"limit":3,"filters":{},"role":"admin"}
2025-04-25 20:14:46 [[32minfo[39m]: Query executed successfully {"total":1}
2025-04-25 20:14:46 [[32minfo[39m]: Sheet data fetched successfully {"totalItems":1}
2025-04-25 20:15:25 [[32minfo[39m]: Received request to fetch sheet data {"user":{"download_report":false,"_id":"677271b67b9759f7412b112c","name":"Admin User","email":"vnp@admin.com","password":"$2b$10$8bLqnhrEOhS34WTeYGfIXeQhe1YE8YfJqTiMV//.YFfaALA0pF4ta","role":"admin","access":"admin","createdAt":"2024-12-30T10:11:02.414Z","updatedAt":"2025-01-14T15:00:18.983Z","__v":1,"is_verified":true,"connected_entity_id":[],"phone_number":"01728704205"},"query":{"page":"1","limit":"3"}}
2025-04-25 20:15:25 [[32minfo[39m]: Building query for fetching sheet data {"page":1,"limit":3,"filters":{},"role":"admin"}
2025-04-25 20:15:26 [[32minfo[39m]: Query executed successfully {"total":5416}
2025-04-25 20:15:26 [[32minfo[39m]: Sheet data fetched successfully {"totalItems":5416}
2025-04-25 20:15:45 [[32minfo[39m]: Received request to fetch sheet data {"user":{"download_report":false,"_id":"677271b67b9759f7412b112c","name":"Admin User","email":"vnp@admin.com","password":"$2b$10$8bLqnhrEOhS34WTeYGfIXeQhe1YE8YfJqTiMV//.YFfaALA0pF4ta","role":"admin","access":"admin","createdAt":"2024-12-30T10:11:02.414Z","updatedAt":"2025-01-14T15:00:18.983Z","__v":1,"is_verified":true,"connected_entity_id":[],"phone_number":"01728704205"},"query":{"page":"10","limit":"3"}}
2025-04-25 20:15:45 [[32minfo[39m]: Building query for fetching sheet data {"page":10,"limit":3,"filters":{},"role":"admin"}
2025-04-25 20:15:46 [[32minfo[39m]: Query executed successfully {"total":5416}
2025-04-25 20:15:46 [[32minfo[39m]: Sheet data fetched successfully {"totalItems":5416}
2025-04-25 20:16:04 [[32minfo[39m]: Received request to fetch sheet data {"user":{"download_report":false,"_id":"677271b67b9759f7412b112c","name":"Admin User","email":"vnp@admin.com","password":"$2b$10$8bLqnhrEOhS34WTeYGfIXeQhe1YE8YfJqTiMV//.YFfaALA0pF4ta","role":"admin","access":"admin","createdAt":"2024-12-30T10:11:02.414Z","updatedAt":"2025-01-14T15:00:18.983Z","__v":1,"is_verified":true,"connected_entity_id":[],"phone_number":"01728704205"},"query":{"page":"10","limit":"3","search":"the sutton place hotel vancouver 23624"}}
2025-04-25 20:16:04 [[32minfo[39m]: Building query for fetching sheet data {"page":10,"limit":3,"filters":{},"role":"admin"}
2025-04-25 20:16:05 [[32minfo[39m]: Query executed successfully {"total":2}
2025-04-25 20:16:05 [[32minfo[39m]: Sheet data fetched successfully {"totalItems":2}
2025-04-25 20:16:19 [[32minfo[39m]: Received request to fetch sheet data {"user":{"download_report":false,"_id":"677271b67b9759f7412b112c","name":"Admin User","email":"vnp@admin.com","password":"$2b$10$8bLqnhrEOhS34WTeYGfIXeQhe1YE8YfJqTiMV//.YFfaALA0pF4ta","role":"admin","access":"admin","createdAt":"2024-12-30T10:11:02.414Z","updatedAt":"2025-01-14T15:00:18.983Z","__v":1,"is_verified":true,"connected_entity_id":[],"phone_number":"01728704205"},"query":{"page":"10","limit":"3","search":"the sutton place hotel vancouver"}}
2025-04-25 20:16:19 [[32minfo[39m]: Building query for fetching sheet data {"page":10,"limit":3,"filters":{},"role":"admin"}
2025-04-25 20:16:19 [[32minfo[39m]: Query executed successfully {"total":3}
2025-04-25 20:16:19 [[32minfo[39m]: Sheet data fetched successfully {"totalItems":3}
2025-04-25 20:16:28 [[32minfo[39m]: Received request to fetch sheet data {"user":{"download_report":false,"_id":"677271b67b9759f7412b112c","name":"Admin User","email":"vnp@admin.com","password":"$2b$10$8bLqnhrEOhS34WTeYGfIXeQhe1YE8YfJqTiMV//.YFfaALA0pF4ta","role":"admin","access":"admin","createdAt":"2024-12-30T10:11:02.414Z","updatedAt":"2025-01-14T15:00:18.983Z","__v":1,"is_verified":true,"connected_entity_id":[],"phone_number":"01728704205"},"query":{"page":"10","limit":"3","search":"the sutton place hotel"}}
2025-04-25 20:16:28 [[32minfo[39m]: Building query for fetching sheet data {"page":10,"limit":3,"filters":{},"role":"admin"}
2025-04-25 20:16:29 [[32minfo[39m]: Query executed successfully {"total":10}
2025-04-25 20:16:29 [[32minfo[39m]: Sheet data fetched successfully {"totalItems":10}
2025-04-25 20:16:34 [[32minfo[39m]: Received request to fetch sheet data {"user":{"download_report":false,"_id":"677271b67b9759f7412b112c","name":"Admin User","email":"vnp@admin.com","password":"$2b$10$8bLqnhrEOhS34WTeYGfIXeQhe1YE8YfJqTiMV//.YFfaALA0pF4ta","role":"admin","access":"admin","createdAt":"2024-12-30T10:11:02.414Z","updatedAt":"2025-01-14T15:00:18.983Z","__v":1,"is_verified":true,"connected_entity_id":[],"phone_number":"01728704205"},"query":{"page":"10","limit":"3","search":"the sutton place"}}
2025-04-25 20:16:34 [[32minfo[39m]: Building query for fetching sheet data {"page":10,"limit":3,"filters":{},"role":"admin"}
2025-04-25 20:16:35 [[32minfo[39m]: Query executed successfully {"total":10}
2025-04-25 20:16:35 [[32minfo[39m]: Sheet data fetched successfully {"totalItems":10}
2025-04-25 20:16:39 [[32minfo[39m]: Received request to fetch sheet data {"user":{"download_report":false,"_id":"677271b67b9759f7412b112c","name":"Admin User","email":"vnp@admin.com","password":"$2b$10$8bLqnhrEOhS34WTeYGfIXeQhe1YE8YfJqTiMV//.YFfaALA0pF4ta","role":"admin","access":"admin","createdAt":"2024-12-30T10:11:02.414Z","updatedAt":"2025-01-14T15:00:18.983Z","__v":1,"is_verified":true,"connected_entity_id":[],"phone_number":"01728704205"},"query":{"page":"10","limit":"3","search":"the sutton"}}
2025-04-25 20:16:39 [[32minfo[39m]: Building query for fetching sheet data {"page":10,"limit":3,"filters":{},"role":"admin"}
2025-04-25 20:16:40 [[32minfo[39m]: Query executed successfully {"total":10}
2025-04-25 20:16:40 [[32minfo[39m]: Sheet data fetched successfully {"totalItems":10}
2025-04-25 20:16:48 [[32minfo[39m]: Received request to fetch sheet data {"user":{"download_report":false,"_id":"677271b67b9759f7412b112c","name":"Admin User","email":"vnp@admin.com","password":"$2b$10$8bLqnhrEOhS34WTeYGfIXeQhe1YE8YfJqTiMV//.YFfaALA0pF4ta","role":"admin","access":"admin","createdAt":"2024-12-30T10:11:02.414Z","updatedAt":"2025-01-14T15:00:18.983Z","__v":1,"is_verified":true,"connected_entity_id":[],"phone_number":"01728704205"},"query":{"page":"10","limit":"3","search":"avid hotel cincinnati"}}
2025-04-25 20:16:48 [[32minfo[39m]: Building query for fetching sheet data {"page":10,"limit":3,"filters":{},"role":"admin"}
2025-04-25 20:16:48 [[32minfo[39m]: Query executed successfully {"total":1}
2025-04-25 20:16:48 [[32minfo[39m]: Sheet data fetched successfully {"totalItems":1}
2025-04-25 20:16:54 [[32minfo[39m]: Received request to fetch sheet data {"user":{"download_report":false,"_id":"677271b67b9759f7412b112c","name":"Admin User","email":"vnp@admin.com","password":"$2b$10$8bLqnhrEOhS34WTeYGfIXeQhe1YE8YfJqTiMV//.YFfaALA0pF4ta","role":"admin","access":"admin","createdAt":"2024-12-30T10:11:02.414Z","updatedAt":"2025-01-14T15:00:18.983Z","__v":1,"is_verified":true,"connected_entity_id":[],"phone_number":"01728704205"},"query":{"page":"10","limit":"3"}}
2025-04-25 20:16:54 [[32minfo[39m]: Building query for fetching sheet data {"page":10,"limit":3,"filters":{},"role":"admin"}
2025-04-25 20:16:55 [[32minfo[39m]: Query executed successfully {"total":5416}
2025-04-25 20:16:55 [[32minfo[39m]: Sheet data fetched successfully {"totalItems":5416}
2025-04-25 20:16:58 [[32minfo[39m]: Received request to fetch sheet data {"user":{"download_report":false,"_id":"677271b67b9759f7412b112c","name":"Admin User","email":"vnp@admin.com","password":"$2b$10$8bLqnhrEOhS34WTeYGfIXeQhe1YE8YfJqTiMV//.YFfaALA0pF4ta","role":"admin","access":"admin","createdAt":"2024-12-30T10:11:02.414Z","updatedAt":"2025-01-14T15:00:18.983Z","__v":1,"is_verified":true,"connected_entity_id":[],"phone_number":"01728704205"},"query":{"page":"10","limit":"3","search":"avid hotel cincinnati"}}
2025-04-25 20:16:58 [[32minfo[39m]: Building query for fetching sheet data {"page":10,"limit":3,"filters":{},"role":"admin"}
2025-04-25 20:16:58 [[32minfo[39m]: Query executed successfully {"total":1}
2025-04-25 20:16:58 [[32minfo[39m]: Sheet data fetched successfully {"totalItems":1}
2025-04-25 20:20:25 [[32minfo[39m]: Received request to fetch sheet data {"user":{"download_report":false,"_id":"677271b67b9759f7412b112c","name":"Admin User","email":"vnp@admin.com","password":"$2b$10$8bLqnhrEOhS34WTeYGfIXeQhe1YE8YfJqTiMV//.YFfaALA0pF4ta","role":"admin","access":"admin","createdAt":"2024-12-30T10:11:02.414Z","updatedAt":"2025-01-14T15:00:18.983Z","__v":1,"is_verified":true,"connected_entity_id":[],"phone_number":"01728704205"},"query":{"page":"10","limit":"3","search":"avid hotel cincinnati"}}
2025-04-25 20:20:25 [[32minfo[39m]: Building query for fetching sheet data {"page":10,"limit":3,"filters":{},"role":"admin"}
2025-04-25 20:20:25 [[32minfo[39m]: Query executed successfully {"total":1}
2025-04-25 20:20:25 [[32minfo[39m]: Sheet data fetched successfully {"totalItems":1}
2025-04-25 20:21:34 [[32minfo[39m]: Received request to fetch sheet data {"user":{"download_report":false,"_id":"677271b67b9759f7412b112c","name":"Admin User","email":"vnp@admin.com","password":"$2b$10$8bLqnhrEOhS34WTeYGfIXeQhe1YE8YfJqTiMV//.YFfaALA0pF4ta","role":"admin","access":"admin","createdAt":"2024-12-30T10:11:02.414Z","updatedAt":"2025-01-14T15:00:18.983Z","__v":1,"is_verified":true,"connected_entity_id":[],"phone_number":"01728704205"},"query":{"page":"10","limit":"3","search":"avid hotel cincinnati"}}
2025-04-25 20:21:34 [[32minfo[39m]: Building query for fetching sheet data {"page":10,"limit":3,"filters":{},"role":"admin"}
2025-04-25 20:21:34 [[32minfo[39m]: Query executed successfully {"total":1}
2025-04-25 20:21:34 [[32minfo[39m]: Sheet data fetched successfully {"totalItems":1}
2025-04-25 20:22:00 [[32minfo[39m]: Received request to fetch sheet data {"user":{"download_report":false,"_id":"677271b67b9759f7412b112c","name":"Admin User","email":"vnp@admin.com","password":"$2b$10$8bLqnhrEOhS34WTeYGfIXeQhe1YE8YfJqTiMV//.YFfaALA0pF4ta","role":"admin","access":"admin","createdAt":"2024-12-30T10:11:02.414Z","updatedAt":"2025-01-14T15:00:18.983Z","__v":1,"is_verified":true,"connected_entity_id":[],"phone_number":"01728704205"},"query":{"page":"10","limit":"3","search":"avid hotel cincinnati"}}
2025-04-25 20:22:00 [[32minfo[39m]: Building query for fetching sheet data {"page":10,"limit":3,"filters":{},"role":"admin"}
2025-04-25 20:22:01 [[32minfo[39m]: Query executed successfully {"total":1}
2025-04-25 20:22:01 [[32minfo[39m]: Sheet data fetched successfully {"totalItems":1}
2025-04-25 20:22:33 [[32minfo[39m]: Received request to fetch sheet data {"user":{"download_report":false,"_id":"677271b67b9759f7412b112c","name":"Admin User","email":"vnp@admin.com","password":"$2b$10$8bLqnhrEOhS34WTeYGfIXeQhe1YE8YfJqTiMV//.YFfaALA0pF4ta","role":"admin","access":"admin","createdAt":"2024-12-30T10:11:02.414Z","updatedAt":"2025-01-14T15:00:18.983Z","__v":1,"is_verified":true,"connected_entity_id":[],"phone_number":"01728704205"},"query":{"page":"10","limit":"3","search":"avid hotel cincinnati"}}
2025-04-25 20:22:33 [[32minfo[39m]: Building query for fetching sheet data {"page":10,"limit":3,"filters":{},"role":"admin"}
2025-04-25 20:22:33 [[32minfo[39m]: Query executed successfully {"total":1}
2025-04-25 20:22:33 [[32minfo[39m]: Sheet data fetched successfully {"totalItems":1}
2025-04-25 20:22:58 [[32minfo[39m]: Received request to fetch sheet data {"user":{"download_report":false,"_id":"677271b67b9759f7412b112c","name":"Admin User","email":"vnp@admin.com","password":"$2b$10$8bLqnhrEOhS34WTeYGfIXeQhe1YE8YfJqTiMV//.YFfaALA0pF4ta","role":"admin","access":"admin","createdAt":"2024-12-30T10:11:02.414Z","updatedAt":"2025-01-14T15:00:18.983Z","__v":1,"is_verified":true,"connected_entity_id":[],"phone_number":"01728704205"},"query":{"page":"10","limit":"3","search":"avid hotel cincinnati"}}
2025-04-25 20:22:58 [[32minfo[39m]: Building query for fetching sheet data {"page":10,"limit":3,"filters":{},"role":"admin"}
2025-04-25 20:22:58 [[32minfo[39m]: Query executed successfully {"total":1}
2025-04-25 20:22:58 [[32minfo[39m]: Sheet data fetched successfully {"totalItems":1}
2025-04-25 20:25:23 [[32minfo[39m]: Received request to fetch sheet data {"user":{"download_report":false,"_id":"677271b67b9759f7412b112c","name":"Admin User","email":"vnp@admin.com","password":"$2b$10$8bLqnhrEOhS34WTeYGfIXeQhe1YE8YfJqTiMV//.YFfaALA0pF4ta","role":"admin","access":"admin","createdAt":"2024-12-30T10:11:02.414Z","updatedAt":"2025-01-14T15:00:18.983Z","__v":1,"is_verified":true,"connected_entity_id":[],"phone_number":"01728704205"},"query":{"page":"10","limit":"3"}}
2025-04-25 20:25:23 [[32minfo[39m]: Building query for fetching sheet data {"page":10,"limit":3,"filters":{},"role":"admin"}
2025-04-25 20:25:23 [[32minfo[39m]: Query executed successfully {"total":5416}
2025-04-25 20:25:23 [[32minfo[39m]: Sheet data fetched successfully {"totalItems":5416}
2025-04-25 20:27:50 [[32minfo[39m]: Received request to fetch sheet data {"user":{"download_report":false,"_id":"677271b67b9759f7412b112c","name":"Admin User","email":"vnp@admin.com","password":"$2b$10$8bLqnhrEOhS34WTeYGfIXeQhe1YE8YfJqTiMV//.YFfaALA0pF4ta","role":"admin","access":"admin","createdAt":"2024-12-30T10:11:02.414Z","updatedAt":"2025-01-14T15:00:18.983Z","__v":1,"is_verified":true,"connected_entity_id":[],"phone_number":"01728704205"},"query":{"page":"1","limit":"3","search":"the sutton place hotel vancouver"}}
2025-04-25 20:27:50 [[32minfo[39m]: Building query for fetching sheet data {"page":1,"limit":3,"filters":{},"role":"admin"}
2025-04-25 20:27:50 [[32minfo[39m]: Query executed successfully {"total":3}
2025-04-25 20:27:50 [[32minfo[39m]: Sheet data fetched successfully {"totalItems":3}
2025-04-25 20:28:15 [[32minfo[39m]: Received request to fetch sheet data {"user":{"download_report":false,"_id":"677271b67b9759f7412b112c","name":"Admin User","email":"vnp@admin.com","password":"$2b$10$8bLqnhrEOhS34WTeYGfIXeQhe1YE8YfJqTiMV//.YFfaALA0pF4ta","role":"admin","access":"admin","createdAt":"2024-12-30T10:11:02.414Z","updatedAt":"2025-01-14T15:00:18.983Z","__v":1,"is_verified":true,"connected_entity_id":[],"phone_number":"01728704205"},"query":{"page":"1","limit":"3","search":"sandman hotel group"}}
2025-04-25 20:28:15 [[32minfo[39m]: Building query for fetching sheet data {"page":1,"limit":3,"filters":{},"role":"admin"}
2025-04-25 20:28:16 [[32minfo[39m]: Query executed successfully {"total":133}
2025-04-25 20:28:16 [[32minfo[39m]: Sheet data fetched successfully {"totalItems":133}
2025-04-25 20:29:00 [[32minfo[39m]: Received request to fetch sheet data {"user":{"download_report":false,"_id":"677271b67b9759f7412b112c","name":"Admin User","email":"vnp@admin.com","password":"$2b$10$8bLqnhrEOhS34WTeYGfIXeQhe1YE8YfJqTiMV//.YFfaALA0pF4ta","role":"admin","access":"admin","createdAt":"2024-12-30T10:11:02.414Z","updatedAt":"2025-01-14T15:00:18.983Z","__v":1,"is_verified":true,"connected_entity_id":[],"phone_number":"01728704205"},"query":{"page":"1","limit":"3","search":"sandman signature toronto"}}
2025-04-25 20:29:00 [[32minfo[39m]: Building query for fetching sheet data {"page":1,"limit":3,"filters":{},"role":"admin"}
2025-04-25 20:29:01 [[32minfo[39m]: Query executed successfully {"total":2}
2025-04-25 20:29:01 [[32minfo[39m]: Sheet data fetched successfully {"totalItems":2}
2025-04-25 20:32:48 [[31merror[39m]: Can't find /first-login?email=cse_2012020156@lus.ac.bd on this server {"statusCode":404,"status":"fail","isOperational":true}
2025-04-25 20:36:43 [[32minfo[39m]: Received request to fetch sheet data {"user":{"_id":"680b9d01ee08aabf8d724ce8","name":"Ahad Putki Manager","email":"cse_2012020156@lus.ac.bd","password":"$2b$10$5GdDBslTxLiN.3nk7d6GgOKMcUPt4n1JeB9VwBe8gb.UjMmdGLvDC","role":"portfolio","connected_entity_id":["67ff6a058cf571a9112ee8da"],"invited_user":"677271b67b9759f7412b112c","is_verified":true,"download_report":true,"createdAt":"2025-04-25T14:32:33.172Z","updatedAt":"2025-04-25T14:33:56.706Z","__v":0},"query":{"page":"1","limit":"3","search":"sandman signature toronto"}}
2025-04-25 20:36:43 [[32minfo[39m]: Building query for fetching sheet data {"page":1,"limit":3,"filters":{},"role":"portfolio"}
2025-04-25 20:36:44 [[32minfo[39m]: Query executed successfully {"total":0}
2025-04-25 20:36:44 [[32minfo[39m]: Sheet data fetched successfully {"totalItems":0}
2025-04-25 20:36:50 [[32minfo[39m]: Received request to fetch sheet data {"user":{"_id":"680b9d01ee08aabf8d724ce8","name":"Ahad Putki Manager","email":"cse_2012020156@lus.ac.bd","password":"$2b$10$5GdDBslTxLiN.3nk7d6GgOKMcUPt4n1JeB9VwBe8gb.UjMmdGLvDC","role":"portfolio","connected_entity_id":["67ff6a058cf571a9112ee8da"],"invited_user":"677271b67b9759f7412b112c","is_verified":true,"download_report":true,"createdAt":"2025-04-25T14:32:33.172Z","updatedAt":"2025-04-25T14:33:56.706Z","__v":0},"query":{"page":"1","limit":"3"}}
2025-04-25 20:36:50 [[32minfo[39m]: Building query for fetching sheet data {"page":1,"limit":3,"filters":{},"role":"portfolio"}
2025-04-25 20:36:50 [[32minfo[39m]: Query executed successfully {"total":133}
2025-04-25 20:36:50 [[32minfo[39m]: Sheet data fetched successfully {"totalItems":133}
2025-04-25 20:37:13 [[32minfo[39m]: Received request to fetch sheet data {"user":{"_id":"680b9d01ee08aabf8d724ce8","name":"Ahad Putki Manager","email":"cse_2012020156@lus.ac.bd","password":"$2b$10$5GdDBslTxLiN.3nk7d6GgOKMcUPt4n1JeB9VwBe8gb.UjMmdGLvDC","role":"portfolio","connected_entity_id":["67ff6a058cf571a9112ee8da"],"invited_user":"677271b67b9759f7412b112c","is_verified":true,"download_report":true,"createdAt":"2025-04-25T14:32:33.172Z","updatedAt":"2025-04-25T14:33:56.706Z","__v":0},"query":{"page":"1","limit":"3","search":"sandman signature toronto airport hotel"}}
2025-04-25 20:37:13 [[32minfo[39m]: Building query for fetching sheet data {"page":1,"limit":3,"filters":{},"role":"portfolio"}
2025-04-25 20:37:13 [[32minfo[39m]: Query executed successfully {"total":0}
2025-04-25 20:37:13 [[32minfo[39m]: Sheet data fetched successfully {"totalItems":0}
2025-04-25 20:37:19 [[32minfo[39m]: Received request to fetch sheet data {"user":{"_id":"680b9d01ee08aabf8d724ce8","name":"Ahad Putki Manager","email":"cse_2012020156@lus.ac.bd","password":"$2b$10$5GdDBslTxLiN.3nk7d6GgOKMcUPt4n1JeB9VwBe8gb.UjMmdGLvDC","role":"portfolio","connected_entity_id":["67ff6a058cf571a9112ee8da"],"invited_user":"677271b67b9759f7412b112c","is_verified":true,"download_report":true,"createdAt":"2025-04-25T14:32:33.172Z","updatedAt":"2025-04-25T14:33:56.706Z","__v":0},"query":{"page":"1","limit":"3"}}
2025-04-25 20:37:19 [[32minfo[39m]: Building query for fetching sheet data {"page":1,"limit":3,"filters":{},"role":"portfolio"}
2025-04-25 20:37:20 [[32minfo[39m]: Query executed successfully {"total":133}
2025-04-25 20:37:20 [[32minfo[39m]: Sheet data fetched successfully {"totalItems":133}
2025-04-25 20:38:02 [[32minfo[39m]: Received request to fetch sheet data {"user":{"_id":"680b9d01ee08aabf8d724ce8","name":"Ahad Putki Manager","email":"cse_2012020156@lus.ac.bd","password":"$2b$10$5GdDBslTxLiN.3nk7d6GgOKMcUPt4n1JeB9VwBe8gb.UjMmdGLvDC","role":"portfolio","connected_entity_id":["67ff6a058cf571a9112ee8da"],"invited_user":"677271b67b9759f7412b112c","is_verified":true,"download_report":true,"createdAt":"2025-04-25T14:32:33.172Z","updatedAt":"2025-04-25T14:33:56.706Z","__v":0},"query":{"page":"1","limit":"3","search":"sandman suites surrey-guildford"}}
2025-04-25 20:38:02 [[32minfo[39m]: Building query for fetching sheet data {"page":1,"limit":3,"filters":{},"role":"portfolio"}
2025-04-25 20:38:02 [[32minfo[39m]: Query executed successfully {"total":0}
2025-04-25 20:38:02 [[32minfo[39m]: Sheet data fetched successfully {"totalItems":0}
2025-04-25 20:38:07 [[32minfo[39m]: Received request to fetch sheet data {"user":{"_id":"680b9d01ee08aabf8d724ce8","name":"Ahad Putki Manager","email":"cse_2012020156@lus.ac.bd","password":"$2b$10$5GdDBslTxLiN.3nk7d6GgOKMcUPt4n1JeB9VwBe8gb.UjMmdGLvDC","role":"portfolio","connected_entity_id":["67ff6a058cf571a9112ee8da"],"invited_user":"677271b67b9759f7412b112c","is_verified":true,"download_report":true,"createdAt":"2025-04-25T14:32:33.172Z","updatedAt":"2025-04-25T14:33:56.706Z","__v":0},"query":{"page":"1","limit":"3"}}
2025-04-25 20:38:07 [[32minfo[39m]: Building query for fetching sheet data {"page":1,"limit":3,"filters":{},"role":"portfolio"}
2025-04-25 20:38:07 [[32minfo[39m]: Query executed successfully {"total":133}
2025-04-25 20:38:07 [[32minfo[39m]: Sheet data fetched successfully {"totalItems":133}
2025-04-25 20:41:07 [[32minfo[39m]: Received request to fetch sheet data {"user":{"_id":"680b9d01ee08aabf8d724ce8","name":"Ahad Putki Manager","email":"cse_2012020156@lus.ac.bd","password":"$2b$10$5GdDBslTxLiN.3nk7d6GgOKMcUPt4n1JeB9VwBe8gb.UjMmdGLvDC","role":"portfolio","connected_entity_id":["67ff6a058cf571a9112ee8da"],"invited_user":"677271b67b9759f7412b112c","is_verified":true,"download_report":true,"createdAt":"2025-04-25T14:32:33.172Z","updatedAt":"2025-04-25T14:33:56.706Z","__v":0},"query":{"page":"1","limit":"3","search":"sandman suites surrey-guildford"}}
2025-04-25 20:41:07 [[32minfo[39m]: Building query for fetching sheet data {"page":1,"limit":3,"filters":{},"role":"portfolio"}
2025-04-25 20:41:07 [[32minfo[39m]: Query executed successfully {"total":0}
2025-04-25 20:41:07 [[32minfo[39m]: Sheet data fetched successfully {"totalItems":0}
2025-04-25 20:44:44 [[32minfo[39m]: Received request to fetch sheet data {"user":{"_id":"680b9d01ee08aabf8d724ce8","name":"Ahad Putki Manager","email":"cse_2012020156@lus.ac.bd","password":"$2b$10$5GdDBslTxLiN.3nk7d6GgOKMcUPt4n1JeB9VwBe8gb.UjMmdGLvDC","role":"portfolio","connected_entity_id":["67ff6a058cf571a9112ee8da"],"invited_user":"677271b67b9759f7412b112c","is_verified":true,"download_report":true,"createdAt":"2025-04-25T14:32:33.172Z","updatedAt":"2025-04-25T14:33:56.706Z","__v":0},"query":{"page":"1","limit":"3","search":"sandman suites surrey-guildford"}}
2025-04-25 20:44:44 [[32minfo[39m]: Building query for fetching sheet data {"page":1,"limit":3,"filters":{},"role":"portfolio"}
2025-04-25 20:44:44 [[32minfo[39m]: Query executed successfully {"total":2}
2025-04-25 20:44:44 [[32minfo[39m]: Sheet data fetched successfully {"totalItems":2}
2025-04-25 20:45:08 [[32minfo[39m]: Received request to fetch sheet data {"user":{"_id":"680b9d01ee08aabf8d724ce8","name":"Ahad Putki Manager","email":"cse_2012020156@lus.ac.bd","password":"$2b$10$5GdDBslTxLiN.3nk7d6GgOKMcUPt4n1JeB9VwBe8gb.UjMmdGLvDC","role":"portfolio","connected_entity_id":["67ff6a058cf571a9112ee8da"],"invited_user":"677271b67b9759f7412b112c","is_verified":true,"download_report":true,"createdAt":"2025-04-25T14:32:33.172Z","updatedAt":"2025-04-25T14:33:56.706Z","__v":0},"query":{"page":"1","limit":"3","search":"sandman suites surrey-guildford 909588"}}
2025-04-25 20:45:08 [[32minfo[39m]: Building query for fetching sheet data {"page":1,"limit":3,"filters":{},"role":"portfolio"}
2025-04-25 20:45:09 [[32minfo[39m]: Query executed successfully {"total":1}
2025-04-25 20:45:09 [[32minfo[39m]: Sheet data fetched successfully {"totalItems":1}
2025-04-25 20:45:21 [[32minfo[39m]: Received request to fetch sheet data {"user":{"download_report":false,"_id":"677271b67b9759f7412b112c","name":"Admin User","email":"vnp@admin.com","password":"$2b$10$8bLqnhrEOhS34WTeYGfIXeQhe1YE8YfJqTiMV//.YFfaALA0pF4ta","role":"admin","access":"admin","createdAt":"2024-12-30T10:11:02.414Z","updatedAt":"2025-01-14T15:00:18.983Z","__v":1,"is_verified":true,"connected_entity_id":[],"phone_number":"01728704205"},"query":{"page":"1","limit":"3","search":"sandman suites surrey-guildford 909588"}}
2025-04-25 20:45:21 [[32minfo[39m]: Building query for fetching sheet data {"page":1,"limit":3,"filters":{},"role":"admin"}
2025-04-25 20:45:22 [[32minfo[39m]: Query executed successfully {"total":1}
2025-04-25 20:45:22 [[32minfo[39m]: Sheet data fetched successfully {"totalItems":1}
2025-04-25 20:45:35 [[32minfo[39m]: Received request to fetch sheet data {"user":{"download_report":false,"_id":"677271b67b9759f7412b112c","name":"Admin User","email":"vnp@admin.com","password":"$2b$10$8bLqnhrEOhS34WTeYGfIXeQhe1YE8YfJqTiMV//.YFfaALA0pF4ta","role":"admin","access":"admin","createdAt":"2024-12-30T10:11:02.414Z","updatedAt":"2025-01-14T15:00:18.983Z","__v":1,"is_verified":true,"connected_entity_id":[],"phone_number":"01728704205"},"query":{"page":"1","limit":"3","search":"sandman signature toronto airport hotel"}}
2025-04-25 20:45:35 [[32minfo[39m]: Building query for fetching sheet data {"page":1,"limit":3,"filters":{},"role":"admin"}
2025-04-25 20:45:36 [[32minfo[39m]: Query executed successfully {"total":2}
2025-04-25 20:45:36 [[32minfo[39m]: Sheet data fetched successfully {"totalItems":2}
2025-04-25 20:45:53 [[32minfo[39m]: Received request to fetch sheet data {"user":{"download_report":false,"_id":"677271b67b9759f7412b112c","name":"Admin User","email":"vnp@admin.com","password":"$2b$10$8bLqnhrEOhS34WTeYGfIXeQhe1YE8YfJqTiMV//.YFfaALA0pF4ta","role":"admin","access":"admin","createdAt":"2024-12-30T10:11:02.414Z","updatedAt":"2025-01-14T15:00:18.983Z","__v":1,"is_verified":true,"connected_entity_id":[],"phone_number":"01728704205"},"query":{"page":"1","limit":"3","search":"the sutton place hotel vancouver"}}
2025-04-25 20:45:53 [[32minfo[39m]: Building query for fetching sheet data {"page":1,"limit":3,"filters":{},"role":"admin"}
2025-04-25 20:45:53 [[32minfo[39m]: Query executed successfully {"total":3}
2025-04-25 20:45:53 [[32minfo[39m]: Sheet data fetched successfully {"totalItems":3}
2025-04-25 20:46:04 [[32minfo[39m]: Received request to fetch sheet data {"user":{"_id":"680b9d01ee08aabf8d724ce8","name":"Ahad Putki Manager","email":"cse_2012020156@lus.ac.bd","password":"$2b$10$5GdDBslTxLiN.3nk7d6GgOKMcUPt4n1JeB9VwBe8gb.UjMmdGLvDC","role":"portfolio","connected_entity_id":["67ff6a058cf571a9112ee8da"],"invited_user":"677271b67b9759f7412b112c","is_verified":true,"download_report":true,"createdAt":"2025-04-25T14:32:33.172Z","updatedAt":"2025-04-25T14:33:56.706Z","__v":0},"query":{"page":"1","limit":"3","search":"the sutton place hotel vancouver"}}
2025-04-25 20:46:04 [[32minfo[39m]: Building query for fetching sheet data {"page":1,"limit":3,"filters":{},"role":"portfolio"}
2025-04-25 20:46:04 [[32minfo[39m]: Query executed successfully {"total":3}
2025-04-25 20:46:04 [[32minfo[39m]: Sheet data fetched successfully {"totalItems":3}
2025-04-25 20:46:46 [[32minfo[39m]: Received request to fetch sheet data {"user":{"_id":"680b9d01ee08aabf8d724ce8","name":"Ahad Putki Manager","email":"cse_2012020156@lus.ac.bd","password":"$2b$10$5GdDBslTxLiN.3nk7d6GgOKMcUPt4n1JeB9VwBe8gb.UjMmdGLvDC","role":"portfolio","connected_entity_id":["67ff6a058cf571a9112ee8da"],"invited_user":"677271b67b9759f7412b112c","is_verified":true,"download_report":true,"createdAt":"2025-04-25T14:32:33.172Z","updatedAt":"2025-04-25T14:33:56.706Z","__v":0},"query":{"page":"1","limit":"3","search":"the sutton place hotel vancouver"}}
2025-04-25 20:46:46 [[32minfo[39m]: Building query for fetching sheet data {"page":1,"limit":3,"filters":{},"role":"portfolio"}
2025-04-25 20:46:46 [[32minfo[39m]: Query executed successfully {"total":3}
2025-04-25 20:46:46 [[32minfo[39m]: Sheet data fetched successfully {"totalItems":3}
2025-04-25 20:47:10 [[32minfo[39m]: Received request to fetch sheet data {"user":{"_id":"680b9d01ee08aabf8d724ce8","name":"Ahad Putki Manager","email":"cse_2012020156@lus.ac.bd","password":"$2b$10$5GdDBslTxLiN.3nk7d6GgOKMcUPt4n1JeB9VwBe8gb.UjMmdGLvDC","role":"portfolio","connected_entity_id":["67ff6a058cf571a9112ee8da"],"invited_user":"677271b67b9759f7412b112c","is_verified":true,"download_report":true,"createdAt":"2025-04-25T14:32:33.172Z","updatedAt":"2025-04-25T14:33:56.706Z","__v":0},"query":{"page":"100","limit":"3"}}
2025-04-25 20:47:10 [[32minfo[39m]: Building query for fetching sheet data {"page":100,"limit":3,"filters":{},"role":"portfolio"}
2025-04-25 20:47:10 [[32minfo[39m]: Query executed successfully {"total":133}
2025-04-25 20:47:10 [[32minfo[39m]: Sheet data fetched successfully {"totalItems":133}
2025-04-25 20:47:31 [[32minfo[39m]: Received request to fetch sheet data {"user":{"_id":"680b9d01ee08aabf8d724ce8","name":"Ahad Putki Manager","email":"cse_2012020156@lus.ac.bd","password":"$2b$10$5GdDBslTxLiN.3nk7d6GgOKMcUPt4n1JeB9VwBe8gb.UjMmdGLvDC","role":"portfolio","connected_entity_id":["67ff6a058cf571a9112ee8da"],"invited_user":"677271b67b9759f7412b112c","is_verified":true,"download_report":true,"createdAt":"2025-04-25T14:32:33.172Z","updatedAt":"2025-04-25T14:33:56.706Z","__v":0},"query":{"page":"1","limit":"100"}}
2025-04-25 20:47:31 [[32minfo[39m]: Building query for fetching sheet data {"page":1,"limit":100,"filters":{},"role":"portfolio"}
2025-04-25 20:47:31 [[32minfo[39m]: Query executed successfully {"total":133}
2025-04-25 20:47:31 [[32minfo[39m]: Sheet data fetched successfully {"totalItems":133}
2025-04-25 20:50:33 [[32minfo[39m]: Received request to fetch sheet data {"user":{"_id":"680b9d01ee08aabf8d724ce8","name":"Ahad Putki Manager","email":"cse_2012020156@lus.ac.bd","password":"$2b$10$5GdDBslTxLiN.3nk7d6GgOKMcUPt4n1JeB9VwBe8gb.UjMmdGLvDC","role":"portfolio","connected_entity_id":["67ff6a058cf571a9112ee8da"],"invited_user":"677271b67b9759f7412b112c","is_verified":true,"download_report":true,"createdAt":"2025-04-25T14:32:33.172Z","updatedAt":"2025-04-25T14:33:56.706Z","__v":0},"query":{"page":"1","limit":"100","search":"the sutton place hotel vancouver"}}
2025-04-25 20:50:33 [[32minfo[39m]: Building query for fetching sheet data {"page":1,"limit":100,"filters":{},"role":"portfolio"}
2025-04-25 20:50:34 [[32minfo[39m]: Query executed successfully {"total":3}
2025-04-25 20:50:34 [[32minfo[39m]: Sheet data fetched successfully {"totalItems":3}
2025-04-25 20:55:53 [[32minfo[39m]: Received request to fetch sheet data {"user":{"_id":"680b9d01ee08aabf8d724ce8","name":"Ahad Putki Manager","email":"cse_2012020156@lus.ac.bd","password":"$2b$10$5GdDBslTxLiN.3nk7d6GgOKMcUPt4n1JeB9VwBe8gb.UjMmdGLvDC","role":"portfolio","connected_entity_id":["67ff6a058cf571a9112ee8da"],"invited_user":"677271b67b9759f7412b112c","is_verified":true,"download_report":true,"createdAt":"2025-04-25T14:32:33.172Z","updatedAt":"2025-04-25T14:33:56.706Z","__v":0},"query":{"page":"1","limit":"100","search":"aka"}}
2025-04-25 20:55:53 [[32minfo[39m]: Building query for fetching sheet data {"page":1,"limit":100,"filters":{},"role":"portfolio"}
2025-04-25 20:55:53 [[32minfo[39m]: Query executed successfully {"total":0}
2025-04-25 20:55:53 [[32minfo[39m]: Sheet data fetched successfully {"totalItems":0}
2025-04-25 20:56:02 [[32minfo[39m]: Received request to fetch sheet data {"user":{"_id":"680b9d01ee08aabf8d724ce8","name":"Ahad Putki Manager","email":"cse_2012020156@lus.ac.bd","password":"$2b$10$5GdDBslTxLiN.3nk7d6GgOKMcUPt4n1JeB9VwBe8gb.UjMmdGLvDC","role":"portfolio","connected_entity_id":["67ff6a058cf571a9112ee8da"],"invited_user":"677271b67b9759f7412b112c","is_verified":true,"download_report":true,"createdAt":"2025-04-25T14:32:33.172Z","updatedAt":"2025-04-25T14:33:56.706Z","__v":0},"query":{"page":"1","limit":"100","search":"aka"}}
2025-04-25 20:56:02 [[32minfo[39m]: Building query for fetching sheet data {"page":1,"limit":100,"filters":{},"role":"portfolio"}
2025-04-25 20:56:02 [[32minfo[39m]: Query executed successfully {"total":0}
2025-04-25 20:56:02 [[32minfo[39m]: Sheet data fetched successfully {"totalItems":0}
2025-04-25 21:13:36 [[32minfo[39m]: Received request to fetch sheet data {"user":{"_id":"680b9d01ee08aabf8d724ce8","name":"Ahad Putki Manager","email":"cse_2012020156@lus.ac.bd","password":"$2b$10$5GdDBslTxLiN.3nk7d6GgOKMcUPt4n1JeB9VwBe8gb.UjMmdGLvDC","role":"portfolio","connected_entity_id":["67ff6a058cf571a9112ee8da"],"invited_user":"677271b67b9759f7412b112c","is_verified":true,"download_report":true,"createdAt":"2025-04-25T14:32:33.172Z","updatedAt":"2025-04-25T14:33:56.706Z","__v":0},"query":{"page":"1","limit":"100","search":"sunray properties"}}
2025-04-25 21:13:36 [[32minfo[39m]: Building query for fetching sheet data {"page":1,"limit":100,"filters":{},"role":"portfolio"}
2025-04-25 21:13:36 [[32minfo[39m]: Query executed successfully {"total":0}
2025-04-25 21:13:36 [[32minfo[39m]: Sheet data fetched successfully {"totalItems":0}
2025-04-25 21:13:53 [[32minfo[39m]: Received request to fetch sheet data {"user":{"_id":"680b9d01ee08aabf8d724ce8","name":"Ahad Putki Manager","email":"cse_2012020156@lus.ac.bd","password":"$2b$10$5GdDBslTxLiN.3nk7d6GgOKMcUPt4n1JeB9VwBe8gb.UjMmdGLvDC","role":"portfolio","connected_entity_id":["67ff6a058cf571a9112ee8da"],"invited_user":"677271b67b9759f7412b112c","is_verified":true,"download_report":true,"createdAt":"2025-04-25T14:32:33.172Z","updatedAt":"2025-04-25T14:33:56.706Z","__v":0},"query":{"page":"1","limit":"100","search":"four points by sheraton downtown windsor 27074"}}
2025-04-25 21:13:53 [[32minfo[39m]: Building query for fetching sheet data {"page":1,"limit":100,"filters":{},"role":"portfolio"}
2025-04-25 21:13:53 [[32minfo[39m]: Query executed successfully {"total":0}
2025-04-25 21:13:53 [[32minfo[39m]: Sheet data fetched successfully {"totalItems":0}
2025-04-25 21:48:12 [[31merror[39m]: Can't find /first-login?email=fixederror1@gmail.com on this server {"statusCode":404,"status":"fail","isOperational":true}
2025-04-25 21:50:35 [[32minfo[39m]: Received request to fetch sheet data {"user":{"_id":"680ba72fee08aabf8d724dd8","name":"Ahad bhai Property Manager","email":"fixederror1@gmail.com","password":"$2b$10$ukuqvQLYmKs3egosDWGLaOV8guBvzULgOe6kqdImodIRbn32Bydbm","role":"property","connected_entity_id":["67ff6a2d8cf571a9112efae4"],"invited_user":"677271b67b9759f7412b112c","is_verified":true,"download_report":true,"createdAt":"2025-04-25T15:15:59.767Z","updatedAt":"2025-04-25T15:49:02.539Z","__v":0},"query":{"page":"1","limit":"100","search":"four points by sheraton downtown windsor 27074"}}
2025-04-25 21:50:35 [[32minfo[39m]: Building query for fetching sheet data {"page":1,"limit":100,"filters":{},"role":"property"}
2025-04-25 21:50:36 [[32minfo[39m]: Query executed successfully {"total":1}
2025-04-25 21:50:36 [[32minfo[39m]: Sheet data fetched successfully {"totalItems":1}
2025-04-25 21:51:44 [[32minfo[39m]: Received request to fetch sheet data {"user":{"_id":"680ba72fee08aabf8d724dd8","name":"Ahad bhai Property Manager","email":"fixederror1@gmail.com","password":"$2b$10$ukuqvQLYmKs3egosDWGLaOV8guBvzULgOe6kqdImodIRbn32Bydbm","role":"property","connected_entity_id":["67ff6a2d8cf571a9112efae4"],"invited_user":"677271b67b9759f7412b112c","is_verified":true,"download_report":true,"createdAt":"2025-04-25T15:15:59.767Z","updatedAt":"2025-04-25T15:49:02.539Z","__v":0},"query":{"page":"1","limit":"100","search":"aka"}}
2025-04-25 21:51:44 [[32minfo[39m]: Building query for fetching sheet data {"page":1,"limit":100,"filters":{},"role":"property"}
2025-04-25 21:51:45 [[32minfo[39m]: Query executed successfully {"total":0}
2025-04-25 21:51:45 [[32minfo[39m]: Sheet data fetched successfully {"totalItems":0}
2025-04-25 21:51:49 [[32minfo[39m]: Received request to fetch sheet data {"user":{"_id":"680ba72fee08aabf8d724dd8","name":"Ahad bhai Property Manager","email":"fixederror1@gmail.com","password":"$2b$10$ukuqvQLYmKs3egosDWGLaOV8guBvzULgOe6kqdImodIRbn32Bydbm","role":"property","connected_entity_id":["67ff6a2d8cf571a9112efae4"],"invited_user":"677271b67b9759f7412b112c","is_verified":true,"download_report":true,"createdAt":"2025-04-25T15:15:59.767Z","updatedAt":"2025-04-25T15:49:02.539Z","__v":0},"query":{"page":"1","limit":"100","search":"the sutton place hotel vancouver"}}
2025-04-25 21:51:49 [[32minfo[39m]: Building query for fetching sheet data {"page":1,"limit":100,"filters":{},"role":"property"}
2025-04-25 21:51:49 [[32minfo[39m]: Query executed successfully {"total":0}
2025-04-25 21:51:49 [[32minfo[39m]: Sheet data fetched successfully {"totalItems":0}
