2025-08-20 14:29:20 [[32minfo[39m]: Received request to fetch sheet data {"user":{"download_report":false,"_id":"677271b67b9759f7412b112c","name":"Admin User Name","email":"vnp@admin.com","password":"$2b$10$8bLqnhrEOhS34WTeYGfIXeQhe1YE8YfJqTiMV//.YFfaALA0pF4ta","role":"admin","access":"admin","createdAt":"2024-12-30T10:11:02.414Z","updatedAt":"2025-08-18T06:36:51.853Z","__v":1,"is_verified":true,"connected_entity_id":[],"phone_number":"01728704205"},"query":{"page":"1","limit":"10","entity_id":"685ce07ae8c65c798a8962f0","multiplePropertyOwner":"false"}}
2025-08-20 14:29:20 [[32minfo[39m]: Building query for fetching sheet data {"page":1,"limit":10,"filters":{},"role":"admin"}
2025-08-20 14:29:22 [[32minfo[39m]: Query executed successfully {"total":5988}
2025-08-20 14:29:22 [[32minfo[39m]: Sheet data fetched successfully {"totalItems":5988}
2025-08-20 14:29:22 [[32minfo[39m]: Received request to fetch sheet data {"user":{"download_report":false,"_id":"677271b67b9759f7412b112c","name":"Admin User Name","email":"vnp@admin.com","password":"$2b$10$8bLqnhrEOhS34WTeYGfIXeQhe1YE8YfJqTiMV//.YFfaALA0pF4ta","role":"admin","access":"admin","createdAt":"2024-12-30T10:11:02.414Z","updatedAt":"2025-08-18T06:36:51.853Z","__v":1,"is_verified":true,"connected_entity_id":[],"phone_number":"01728704205"},"query":{"page":"1","limit":"10","entity_id":"685ce07ae8c65c798a8962f0","multiplePropertyOwner":"false"}}
2025-08-20 14:29:22 [[32minfo[39m]: Building query for fetching sheet data {"page":1,"limit":10,"filters":{},"role":"admin"}
2025-08-20 14:29:23 [[32minfo[39m]: Query executed successfully {"total":5988}
2025-08-20 14:29:23 [[32minfo[39m]: Sheet data fetched successfully {"totalItems":5988}
2025-08-20 14:29:29 [[32minfo[39m]: Received request to fetch sheet data {"user":{"download_report":false,"_id":"677271b67b9759f7412b112c","name":"Admin User Name","email":"vnp@admin.com","password":"$2b$10$8bLqnhrEOhS34WTeYGfIXeQhe1YE8YfJqTiMV//.YFfaALA0pF4ta","role":"admin","access":"admin","createdAt":"2024-12-30T10:11:02.414Z","updatedAt":"2025-08-18T06:36:51.853Z","__v":1,"is_verified":true,"connected_entity_id":[],"phone_number":"01728704205"},"query":{"page":"1","limit":"10","entity_id":"685ce07ae8c65c798a8962f0","multiplePropertyOwner":"false"}}
2025-08-20 14:29:29 [[32minfo[39m]: Building query for fetching sheet data {"page":1,"limit":10,"filters":{},"role":"admin"}
2025-08-20 14:29:31 [[32minfo[39m]: Query executed successfully {"total":5988}
2025-08-20 14:29:31 [[32minfo[39m]: Sheet data fetched successfully {"totalItems":5988}
2025-08-20 14:29:36 [[32minfo[39m]: Received request to fetch sheet data {"user":{"download_report":false,"_id":"677271b67b9759f7412b112c","name":"Admin User Name","email":"vnp@admin.com","password":"$2b$10$8bLqnhrEOhS34WTeYGfIXeQhe1YE8YfJqTiMV//.YFfaALA0pF4ta","role":"admin","access":"admin","createdAt":"2024-12-30T10:11:02.414Z","updatedAt":"2025-08-18T06:36:51.853Z","__v":1,"is_verified":true,"connected_entity_id":[],"phone_number":"01728704205"},"query":{"page":"1","limit":"10","entity_id":"685ce07ae8c65c798a8962f0","multiplePropertyOwner":"false"}}
2025-08-20 14:29:36 [[32minfo[39m]: Building query for fetching sheet data {"page":1,"limit":10,"filters":{},"role":"admin"}
2025-08-20 14:29:37 [[32minfo[39m]: Query executed successfully {"total":5988}
2025-08-20 14:29:37 [[32minfo[39m]: Sheet data fetched successfully {"totalItems":5988}
2025-08-20 14:29:44 [[32minfo[39m]: Received request to fetch sheet data {"user":{"download_report":false,"_id":"677271b67b9759f7412b112c","name":"Admin User Name","email":"vnp@admin.com","password":"$2b$10$8bLqnhrEOhS34WTeYGfIXeQhe1YE8YfJqTiMV//.YFfaALA0pF4ta","role":"admin","access":"admin","createdAt":"2024-12-30T10:11:02.414Z","updatedAt":"2025-08-18T06:36:51.853Z","__v":1,"is_verified":true,"connected_entity_id":[],"phone_number":"01728704205"},"query":{"page":"1","limit":"10","entity_id":"685ce07ae8c65c798a8962f0","multiplePropertyOwner":"false"}}
2025-08-20 14:29:44 [[32minfo[39m]: Building query for fetching sheet data {"page":1,"limit":10,"filters":{},"role":"admin"}
2025-08-20 14:29:45 [[32minfo[39m]: Query executed successfully {"total":5988}
2025-08-20 14:29:45 [[32minfo[39m]: Sheet data fetched successfully {"totalItems":5988}
2025-08-20 14:30:22 [[32minfo[39m]: Received request to fetch sheet data {"user":{"download_report":false,"_id":"677271b67b9759f7412b112c","name":"Admin User Name","email":"vnp@admin.com","password":"$2b$10$8bLqnhrEOhS34WTeYGfIXeQhe1YE8YfJqTiMV//.YFfaALA0pF4ta","role":"admin","access":"admin","createdAt":"2024-12-30T10:11:02.414Z","updatedAt":"2025-08-18T06:36:51.853Z","__v":1,"is_verified":true,"connected_entity_id":[],"phone_number":"01728704205"},"query":{"page":"1","limit":"10","entity_id":"685ce07be8c65c798a8962f3","multiplePropertyOwner":"false"}}
2025-08-20 14:30:22 [[32minfo[39m]: Building query for fetching sheet data {"page":1,"limit":10,"filters":{},"role":"admin"}
2025-08-20 14:30:23 [[32minfo[39m]: Query executed successfully {"total":5988}
2025-08-20 14:30:23 [[32minfo[39m]: Sheet data fetched successfully {"totalItems":5988}
2025-08-20 14:30:24 [[32minfo[39m]: Received request to fetch sheet data {"user":{"download_report":false,"_id":"677271b67b9759f7412b112c","name":"Admin User Name","email":"vnp@admin.com","password":"$2b$10$8bLqnhrEOhS34WTeYGfIXeQhe1YE8YfJqTiMV//.YFfaALA0pF4ta","role":"admin","access":"admin","createdAt":"2024-12-30T10:11:02.414Z","updatedAt":"2025-08-18T06:36:51.853Z","__v":1,"is_verified":true,"connected_entity_id":[],"phone_number":"01728704205"},"query":{"page":"1","limit":"10","entity_id":"685ce07be8c65c798a8962f3","multiplePropertyOwner":"false"}}
2025-08-20 14:30:24 [[32minfo[39m]: Building query for fetching sheet data {"page":1,"limit":10,"filters":{},"role":"admin"}
2025-08-20 14:30:25 [[32minfo[39m]: Query executed successfully {"total":5988}
2025-08-20 14:30:25 [[32minfo[39m]: Sheet data fetched successfully {"totalItems":5988}
2025-08-20 14:30:27 [[32minfo[39m]: Received request to fetch sheet data {"user":{"download_report":false,"_id":"677271b67b9759f7412b112c","name":"Admin User Name","email":"vnp@admin.com","password":"$2b$10$8bLqnhrEOhS34WTeYGfIXeQhe1YE8YfJqTiMV//.YFfaALA0pF4ta","role":"admin","access":"admin","createdAt":"2024-12-30T10:11:02.414Z","updatedAt":"2025-08-18T06:36:51.853Z","__v":1,"is_verified":true,"connected_entity_id":[],"phone_number":"01728704205"},"query":{"page":"1","limit":"10","entity_id":"685ce07be8c65c798a8962f3","multiplePropertyOwner":"false"}}
2025-08-20 14:30:27 [[32minfo[39m]: Building query for fetching sheet data {"page":1,"limit":10,"filters":{},"role":"admin"}
2025-08-20 14:30:28 [[32minfo[39m]: Query executed successfully {"total":5988}
2025-08-20 14:30:28 [[32minfo[39m]: Sheet data fetched successfully {"totalItems":5988}
2025-08-20 14:41:36 [[32minfo[39m]: Received request to fetch sheet data {"user":{"download_report":false,"_id":"677271b67b9759f7412b112c","name":"Admin User Name","email":"vnp@admin.com","password":"$2b$10$8bLqnhrEOhS34WTeYGfIXeQhe1YE8YfJqTiMV//.YFfaALA0pF4ta","role":"admin","access":"admin","createdAt":"2024-12-30T10:11:02.414Z","updatedAt":"2025-08-18T06:36:51.853Z","__v":1,"is_verified":true,"connected_entity_id":[],"phone_number":"01728704205"},"query":{"page":"1","limit":"10","entity_id":"685ce07ae8c65c798a8962f0","multiplePropertyOwner":"false"}}
2025-08-20 14:41:36 [[32minfo[39m]: Building query for fetching sheet data {"page":1,"limit":10,"filters":{},"role":"admin"}
2025-08-20 14:41:38 [[32minfo[39m]: Query executed successfully {"total":5988}
2025-08-20 14:41:38 [[32minfo[39m]: Sheet data fetched successfully {"totalItems":5988}
2025-08-20 14:41:38 [[32minfo[39m]: Received request to fetch sheet data {"user":{"download_report":false,"_id":"677271b67b9759f7412b112c","name":"Admin User Name","email":"vnp@admin.com","password":"$2b$10$8bLqnhrEOhS34WTeYGfIXeQhe1YE8YfJqTiMV//.YFfaALA0pF4ta","role":"admin","access":"admin","createdAt":"2024-12-30T10:11:02.414Z","updatedAt":"2025-08-18T06:36:51.853Z","__v":1,"is_verified":true,"connected_entity_id":[],"phone_number":"01728704205"},"query":{"page":"1","limit":"10","entity_id":"685ce07ae8c65c798a8962f0","multiplePropertyOwner":"false"}}
2025-08-20 14:41:38 [[32minfo[39m]: Building query for fetching sheet data {"page":1,"limit":10,"filters":{},"role":"admin"}
2025-08-20 14:41:39 [[32minfo[39m]: Query executed successfully {"total":5988}
2025-08-20 14:41:39 [[32minfo[39m]: Sheet data fetched successfully {"totalItems":5988}
2025-08-20 14:41:43 [[32minfo[39m]: Received request to fetch sheet data {"user":{"download_report":false,"_id":"677271b67b9759f7412b112c","name":"Admin User Name","email":"vnp@admin.com","password":"$2b$10$8bLqnhrEOhS34WTeYGfIXeQhe1YE8YfJqTiMV//.YFfaALA0pF4ta","role":"admin","access":"admin","createdAt":"2024-12-30T10:11:02.414Z","updatedAt":"2025-08-18T06:36:51.853Z","__v":1,"is_verified":true,"connected_entity_id":[],"phone_number":"01728704205"},"query":{"page":"1","limit":"10","entity_id":"685ce07ae8c65c798a8962f0","multiplePropertyOwner":"false"}}
2025-08-20 14:41:43 [[32minfo[39m]: Building query for fetching sheet data {"page":1,"limit":10,"filters":{},"role":"admin"}
2025-08-20 14:41:44 [[32minfo[39m]: Query executed successfully {"total":5988}
2025-08-20 14:41:44 [[32minfo[39m]: Sheet data fetched successfully {"totalItems":5988}
2025-08-20 14:44:36 [[32minfo[39m]: Received request to fetch sheet data {"user":{"download_report":false,"_id":"677271b67b9759f7412b112c","name":"Admin User Name","email":"vnp@admin.com","password":"$2b$10$8bLqnhrEOhS34WTeYGfIXeQhe1YE8YfJqTiMV//.YFfaALA0pF4ta","role":"admin","access":"admin","createdAt":"2024-12-30T10:11:02.414Z","updatedAt":"2025-08-18T06:36:51.853Z","__v":1,"is_verified":true,"connected_entity_id":[],"phone_number":"01728704205"},"query":{"page":"1","limit":"10","entity_id":"685ce07ae8c65c798a8962f0","multiplePropertyOwner":"false"}}
2025-08-20 14:44:36 [[32minfo[39m]: Building query for fetching sheet data {"page":1,"limit":10,"filters":{},"role":"admin"}
2025-08-20 14:44:38 [[32minfo[39m]: Query executed successfully {"total":5988}
2025-08-20 14:44:38 [[32minfo[39m]: Sheet data fetched successfully {"totalItems":5988}
2025-08-20 14:45:19 [[32minfo[39m]: Received request to fetch sheet data {"user":{"download_report":false,"_id":"677271b67b9759f7412b112c","name":"Admin User Name","email":"vnp@admin.com","password":"$2b$10$8bLqnhrEOhS34WTeYGfIXeQhe1YE8YfJqTiMV//.YFfaALA0pF4ta","role":"admin","access":"admin","createdAt":"2024-12-30T10:11:02.414Z","updatedAt":"2025-08-18T06:36:51.853Z","__v":1,"is_verified":true,"connected_entity_id":[],"phone_number":"01728704205"},"query":{"page":"1","limit":"10","entity_id":"685ce07ae8c65c798a8962f0","multiplePropertyOwner":"false"}}
2025-08-20 14:45:19 [[32minfo[39m]: Building query for fetching sheet data {"page":1,"limit":10,"filters":{},"role":"admin"}
2025-08-20 14:45:20 [[32minfo[39m]: Query executed successfully {"total":5988}
2025-08-20 14:45:20 [[32minfo[39m]: Sheet data fetched successfully {"totalItems":5988}
2025-08-20 14:46:11 [[32minfo[39m]: Received request to fetch sheet data {"user":{"download_report":false,"_id":"677271b67b9759f7412b112c","name":"Admin User Name","email":"vnp@admin.com","password":"$2b$10$8bLqnhrEOhS34WTeYGfIXeQhe1YE8YfJqTiMV//.YFfaALA0pF4ta","role":"admin","access":"admin","createdAt":"2024-12-30T10:11:02.414Z","updatedAt":"2025-08-18T06:36:51.853Z","__v":1,"is_verified":true,"connected_entity_id":[],"phone_number":"01728704205"},"query":{"page":"1","limit":"10","entity_id":"685ce07ae8c65c798a8962f0","multiplePropertyOwner":"false"}}
2025-08-20 14:46:11 [[32minfo[39m]: Building query for fetching sheet data {"page":1,"limit":10,"filters":{},"role":"admin"}
2025-08-20 14:46:12 [[32minfo[39m]: Query executed successfully {"total":5988}
2025-08-20 14:46:12 [[32minfo[39m]: Sheet data fetched successfully {"totalItems":5988}
2025-08-20 14:55:36 [[32minfo[39m]: Received request to fetch sheet data {"user":{"download_report":false,"_id":"677271b67b9759f7412b112c","name":"Admin User Name","email":"vnp@admin.com","password":"$2b$10$8bLqnhrEOhS34WTeYGfIXeQhe1YE8YfJqTiMV//.YFfaALA0pF4ta","role":"admin","access":"admin","createdAt":"2024-12-30T10:11:02.414Z","updatedAt":"2025-08-18T06:36:51.853Z","__v":1,"is_verified":true,"connected_entity_id":[],"phone_number":"01728704205"},"query":{"page":"1","limit":"10","entity_id":"685ce07ae8c65c798a8962f0","multiplePropertyOwner":"false"}}
2025-08-20 14:55:36 [[32minfo[39m]: Building query for fetching sheet data {"page":1,"limit":10,"filters":{},"role":"admin"}
2025-08-20 14:55:40 [[32minfo[39m]: Query executed successfully {"total":5988}
2025-08-20 14:55:40 [[32minfo[39m]: Sheet data fetched successfully {"totalItems":5988}
2025-08-20 14:56:02 [[32minfo[39m]: Received request to fetch sheet data {"user":{"download_report":false,"_id":"677271b67b9759f7412b112c","name":"Admin User Name","email":"vnp@admin.com","password":"$2b$10$8bLqnhrEOhS34WTeYGfIXeQhe1YE8YfJqTiMV//.YFfaALA0pF4ta","role":"admin","access":"admin","createdAt":"2024-12-30T10:11:02.414Z","updatedAt":"2025-08-18T06:36:51.853Z","__v":1,"is_verified":true,"connected_entity_id":[],"phone_number":"01728704205"},"query":{"page":"1","limit":"10","entity_id":"685ce07ae8c65c798a8962f1","multiplePropertyOwner":"false"}}
2025-08-20 14:56:02 [[32minfo[39m]: Building query for fetching sheet data {"page":1,"limit":10,"filters":{},"role":"admin"}
2025-08-20 14:56:03 [[32minfo[39m]: Query executed successfully {"total":5988}
2025-08-20 14:56:03 [[32minfo[39m]: Sheet data fetched successfully {"totalItems":5988}
2025-08-20 14:56:04 [[32minfo[39m]: Received request to fetch sheet data {"user":{"download_report":false,"_id":"677271b67b9759f7412b112c","name":"Admin User Name","email":"vnp@admin.com","password":"$2b$10$8bLqnhrEOhS34WTeYGfIXeQhe1YE8YfJqTiMV//.YFfaALA0pF4ta","role":"admin","access":"admin","createdAt":"2024-12-30T10:11:02.414Z","updatedAt":"2025-08-18T06:36:51.853Z","__v":1,"is_verified":true,"connected_entity_id":[],"phone_number":"01728704205"},"query":{"page":"1","limit":"10","entity_id":"685ce07ae8c65c798a8962f1","multiplePropertyOwner":"false"}}
2025-08-20 14:56:04 [[32minfo[39m]: Building query for fetching sheet data {"page":1,"limit":10,"filters":{},"role":"admin"}
2025-08-20 14:56:05 [[32minfo[39m]: Query executed successfully {"total":5988}
2025-08-20 14:56:05 [[32minfo[39m]: Sheet data fetched successfully {"totalItems":5988}
2025-08-20 14:56:07 [[32minfo[39m]: Received request to fetch sheet data {"user":{"download_report":false,"_id":"677271b67b9759f7412b112c","name":"Admin User Name","email":"vnp@admin.com","password":"$2b$10$8bLqnhrEOhS34WTeYGfIXeQhe1YE8YfJqTiMV//.YFfaALA0pF4ta","role":"admin","access":"admin","createdAt":"2024-12-30T10:11:02.414Z","updatedAt":"2025-08-18T06:36:51.853Z","__v":1,"is_verified":true,"connected_entity_id":[],"phone_number":"01728704205"},"query":{"page":"1","limit":"10","entity_id":"685ce07ae8c65c798a8962f1","multiplePropertyOwner":"false"}}
2025-08-20 14:56:07 [[32minfo[39m]: Building query for fetching sheet data {"page":1,"limit":10,"filters":{},"role":"admin"}
2025-08-20 14:56:08 [[32minfo[39m]: Query executed successfully {"total":5988}
2025-08-20 14:56:08 [[32minfo[39m]: Sheet data fetched successfully {"totalItems":5988}
2025-08-20 14:59:05 [[32minfo[39m]: Received request to fetch sheet data {"user":{"download_report":false,"_id":"677271b67b9759f7412b112c","name":"Admin User Name","email":"vnp@admin.com","password":"$2b$10$8bLqnhrEOhS34WTeYGfIXeQhe1YE8YfJqTiMV//.YFfaALA0pF4ta","role":"admin","access":"admin","createdAt":"2024-12-30T10:11:02.414Z","updatedAt":"2025-08-18T06:36:51.853Z","__v":1,"is_verified":true,"connected_entity_id":[],"phone_number":"01728704205"},"query":{"page":"1","limit":"10","entity_id":"685ce07ae8c65c798a8962f1","multiplePropertyOwner":"false"}}
2025-08-20 14:59:05 [[32minfo[39m]: Building query for fetching sheet data {"page":1,"limit":10,"filters":{},"role":"admin"}
2025-08-20 14:59:08 [[32minfo[39m]: Query executed successfully {"total":5988}
2025-08-20 14:59:08 [[32minfo[39m]: Sheet data fetched successfully {"totalItems":5988}
2025-08-20 15:01:53 [[32minfo[39m]: Login request received {"email":"mahi121.mr@gmail.com"}
2025-08-20 15:02:10 [[32minfo[39m]: Received request to fetch sheet data {"user":{"_id":"689dc795625c63a7b500e17e","name":"Mahi","email":"mahi121.mr@gmail.com","password":"$2b$10$0uYLOgsM0csm8o3Kms1ZjuKtCros2bcgRIsnb4rsXhi6kq4bAiP3.","role":"portfolio","connected_entity_id":["685ce07be8c65c798a8962f6"],"invited_user":"677271b67b9759f7412b112c","is_verified":true,"download_report":true,"createdAt":"2025-08-14T11:25:09.292Z","updatedAt":"2025-08-14T11:25:40.528Z","__v":0},"query":{"page":"1","limit":"10","entity_id":"685ce07be8c65c798a8962f6","multiplePropertyOwner":"false"}}
2025-08-20 15:02:10 [[32minfo[39m]: Building query for fetching sheet data {"page":1,"limit":10,"filters":{},"role":"portfolio"}
2025-08-20 15:02:11 [[32minfo[39m]: Query executed successfully {"total":24}
2025-08-20 15:02:11 [[32minfo[39m]: Sheet data fetched successfully {"totalItems":24}
2025-08-20 15:02:11 [[32minfo[39m]: Received request to fetch sheet data {"user":{"_id":"689dc795625c63a7b500e17e","name":"Mahi","email":"mahi121.mr@gmail.com","password":"$2b$10$0uYLOgsM0csm8o3Kms1ZjuKtCros2bcgRIsnb4rsXhi6kq4bAiP3.","role":"portfolio","connected_entity_id":["685ce07be8c65c798a8962f6"],"invited_user":"677271b67b9759f7412b112c","is_verified":true,"download_report":true,"createdAt":"2025-08-14T11:25:09.292Z","updatedAt":"2025-08-14T11:25:40.528Z","__v":0},"query":{"page":"1","limit":"10","entity_id":"685ce07be8c65c798a8962f6","multiplePropertyOwner":"false"}}
2025-08-20 15:02:11 [[32minfo[39m]: Building query for fetching sheet data {"page":1,"limit":10,"filters":{},"role":"portfolio"}
2025-08-20 15:02:12 [[32minfo[39m]: Query executed successfully {"total":24}
2025-08-20 15:02:12 [[32minfo[39m]: Sheet data fetched successfully {"totalItems":24}
2025-08-20 15:02:20 [[32minfo[39m]: Received request to fetch sheet data {"user":{"_id":"689dc795625c63a7b500e17e","name":"Mahi","email":"mahi121.mr@gmail.com","password":"$2b$10$0uYLOgsM0csm8o3Kms1ZjuKtCros2bcgRIsnb4rsXhi6kq4bAiP3.","role":"portfolio","connected_entity_id":["685ce07be8c65c798a8962f6"],"invited_user":"677271b67b9759f7412b112c","is_verified":true,"download_report":true,"createdAt":"2025-08-14T11:25:09.292Z","updatedAt":"2025-08-14T11:25:40.528Z","__v":0},"query":{"page":"1","limit":"10","entity_id":"685ce07be8c65c798a8962f6","multiplePropertyOwner":"false"}}
2025-08-20 15:02:20 [[32minfo[39m]: Building query for fetching sheet data {"page":1,"limit":10,"filters":{},"role":"portfolio"}
2025-08-20 15:02:22 [[32minfo[39m]: Query executed successfully {"total":24}
2025-08-20 15:02:22 [[32minfo[39m]: Sheet data fetched successfully {"totalItems":24}
