2025-02-28 11:12:31 [[32minfo[39m]: Login request received {"email":"vnp@admin.com"}
2025-02-28 11:12:31 [[32minfo[39m]: Token generated successfully {"email":"vnp@admin.com","userId":"677271b67b9759f7412b112c"}
2025-02-28 11:12:31 [[32minfo[39m]: Login successful {"userId":"677271b67b9759f7412b112c","email":"vnp@admin.com"}
2025-02-28 11:28:24 [[32minfo[39m]: Received request to fetch sheet data {"user":{"download_report":false,"_id":"677271b67b9759f7412b112c","name":"Admin User","email":"vnp@admin.com","password":"$2b$10$8bLqnhrEOhS34WTeYGfIXeQhe1YE8YfJqTiMV//.YFfaALA0pF4ta","role":"admin","access":"admin","createdAt":"2024-12-30T10:11:02.414Z","updatedAt":"2025-01-14T15:00:18.983Z","__v":1,"is_verified":true,"connected_entity_id":[],"phone_number":"01728704205"},"query":{"page":"1","limit":"1","search":"avid hotels"}}
2025-02-28 11:28:24 [[32minfo[39m]: Building query for fetching sheet data {"page":1,"limit":1,"filters":{},"role":"admin"}
2025-02-28 11:28:25 [[32minfo[39m]: Query executed successfully {"total":5}
2025-02-28 11:28:25 [[32minfo[39m]: Sheet data fetched successfully {"totalItems":5}
2025-02-28 11:29:24 [[32minfo[39m]: Received request to fetch sheet data {"user":{"download_report":false,"_id":"677271b67b9759f7412b112c","name":"Admin User","email":"vnp@admin.com","password":"$2b$10$8bLqnhrEOhS34WTeYGfIXeQhe1YE8YfJqTiMV//.YFfaALA0pF4ta","role":"admin","access":"admin","createdAt":"2024-12-30T10:11:02.414Z","updatedAt":"2025-01-14T15:00:18.983Z","__v":1,"is_verified":true,"connected_entity_id":[],"phone_number":"01728704205"},"query":{"page":"1","limit":"1","search":"AKA BEVERLY HILLS-5414555"}}
2025-02-28 11:29:24 [[32minfo[39m]: Building query for fetching sheet data {"page":1,"limit":1,"filters":{},"role":"admin"}
2025-02-28 11:29:24 [[32minfo[39m]: Query executed successfully {"total":1}
2025-02-28 11:29:24 [[32minfo[39m]: Sheet data fetched successfully {"totalItems":1}
2025-02-28 11:29:34 [[32minfo[39m]: Received request to fetch sheet data {"user":{"download_report":false,"_id":"677271b67b9759f7412b112c","name":"Admin User","email":"vnp@admin.com","password":"$2b$10$8bLqnhrEOhS34WTeYGfIXeQhe1YE8YfJqTiMV//.YFfaALA0pF4ta","role":"admin","access":"admin","createdAt":"2024-12-30T10:11:02.414Z","updatedAt":"2025-01-14T15:00:18.983Z","__v":1,"is_verified":true,"connected_entity_id":[],"phone_number":"01728704205"},"query":{"page":"1","limit":"1"}}
2025-02-28 11:29:34 [[32minfo[39m]: Building query for fetching sheet data {"page":1,"limit":1,"filters":{},"role":"admin"}
2025-02-28 11:29:34 [[32minfo[39m]: Query executed successfully {"total":4313}
2025-02-28 11:29:34 [[32minfo[39m]: Sheet data fetched successfully {"totalItems":4313}
2025-02-28 11:30:18 [[32minfo[39m]: Received request to fetch sheet data {"user":{"download_report":false,"_id":"677271b67b9759f7412b112c","name":"Admin User","email":"vnp@admin.com","password":"$2b$10$8bLqnhrEOhS34WTeYGfIXeQhe1YE8YfJqTiMV//.YFfaALA0pF4ta","role":"admin","access":"admin","createdAt":"2024-12-30T10:11:02.414Z","updatedAt":"2025-01-14T15:00:18.983Z","__v":1,"is_verified":true,"connected_entity_id":[],"phone_number":"01728704205"},"query":{"page":"1","limit":"1","search":"vik portfolio"}}
2025-02-28 11:30:18 [[32minfo[39m]: Building query for fetching sheet data {"page":1,"limit":1,"filters":{},"role":"admin"}
2025-02-28 11:30:18 [[32minfo[39m]: Query executed successfully {"total":2}
2025-02-28 11:30:18 [[32minfo[39m]: Sheet data fetched successfully {"totalItems":2}
2025-02-28 11:35:02 [[32minfo[39m]: Login request received {"email":"smahadalichowdhury@gmail.com"}
2025-02-28 11:35:02 [[32minfo[39m]: Token generated successfully {"email":"smahadalichowdhury@gmail.com","userId":"6790d033c31c6351ce39d82d"}
2025-02-28 11:35:02 [[32minfo[39m]: Login successful {"userId":"6790d033c31c6351ce39d82d","email":"smahadalichowdhury@gmail.com"}
2025-02-28 11:35:41 [[32minfo[39m]: Received request to fetch sheet data {"user":{"_id":"6790d033c31c6351ce39d82d","name":"ahad ali chowdhury","email":"smahadalichowdhury@gmail.com","password":"$2b$10$7ni3f7YuKZk.3rVqCu1OJuv7.pt8OAvI2puymTztFv8FJTAwGVq4O","role":"property","connected_entity_id":["678d1902cfc0248a9f03159f"],"invited_user":"677271b67b9759f7412b112c","is_verified":true,"download_report":false,"createdAt":"2025-01-22T11:02:11.533Z","updatedAt":"2025-01-22T11:03:18.268Z","__v":0},"query":{"page":"1","limit":"1","search":"vik portfolio"}}
2025-02-28 11:35:41 [[32minfo[39m]: Building query for fetching sheet data {"page":1,"limit":1,"filters":{},"role":"property"}
2025-02-28 11:35:41 [[32minfo[39m]: Query executed successfully {"total":0}
2025-02-28 11:35:41 [[32minfo[39m]: Sheet data fetched successfully {"totalItems":0}
2025-02-28 11:36:11 [[32minfo[39m]: Received request to fetch sheet data {"user":{"_id":"6790d033c31c6351ce39d82d","name":"ahad ali chowdhury","email":"smahadalichowdhury@gmail.com","password":"$2b$10$7ni3f7YuKZk.3rVqCu1OJuv7.pt8OAvI2puymTztFv8FJTAwGVq4O","role":"property","connected_entity_id":["678d1902cfc0248a9f03159f"],"invited_user":"677271b67b9759f7412b112c","is_verified":true,"download_report":false,"createdAt":"2025-01-22T11:02:11.533Z","updatedAt":"2025-01-22T11:03:18.268Z","__v":0},"query":{"page":"1","limit":"1","search":"vik Hotel"}}
2025-02-28 11:36:11 [[32minfo[39m]: Building query for fetching sheet data {"page":1,"limit":1,"filters":{},"role":"property"}
2025-02-28 11:36:11 [[32minfo[39m]: Query executed successfully {"total":0}
2025-02-28 11:36:11 [[32minfo[39m]: Sheet data fetched successfully {"totalItems":0}
2025-02-28 11:36:47 [[32minfo[39m]: Received request to fetch sheet data {"user":{"_id":"6790d033c31c6351ce39d82d","name":"ahad ali chowdhury","email":"smahadalichowdhury@gmail.com","password":"$2b$10$7ni3f7YuKZk.3rVqCu1OJuv7.pt8OAvI2puymTztFv8FJTAwGVq4O","role":"property","connected_entity_id":["678d1902cfc0248a9f03159f"],"invited_user":"677271b67b9759f7412b112c","is_verified":true,"download_report":false,"createdAt":"2025-01-22T11:02:11.533Z","updatedAt":"2025-01-22T11:03:18.268Z","__v":0},"query":{"page":"1","limit":"1","search":"vik hotel"}}
2025-02-28 11:36:47 [[32minfo[39m]: Building query for fetching sheet data {"page":1,"limit":1,"filters":{},"role":"property"}
2025-02-28 11:36:47 [[32minfo[39m]: Query executed successfully {"total":0}
2025-02-28 11:36:47 [[32minfo[39m]: Sheet data fetched successfully {"totalItems":0}
2025-02-28 11:37:14 [[32minfo[39m]: Received request to fetch sheet data {"user":{"_id":"6790d033c31c6351ce39d82d","name":"ahad ali chowdhury","email":"smahadalichowdhury@gmail.com","password":"$2b$10$7ni3f7YuKZk.3rVqCu1OJuv7.pt8OAvI2puymTztFv8FJTAwGVq4O","role":"property","connected_entity_id":["678d1902cfc0248a9f03159f"],"invited_user":"677271b67b9759f7412b112c","is_verified":true,"download_report":false,"createdAt":"2025-01-22T11:02:11.533Z","updatedAt":"2025-01-22T11:03:18.268Z","__v":0},"query":{"page":"1","limit":"1","search":"vik hotel"}}
2025-02-28 11:37:14 [[32minfo[39m]: Building query for fetching sheet data {"page":1,"limit":1,"filters":{},"role":"property"}
2025-02-28 11:37:14 [[32minfo[39m]: Query executed successfully {"total":0}
2025-02-28 11:37:14 [[32minfo[39m]: Sheet data fetched successfully {"totalItems":0}
2025-02-28 11:37:19 [[32minfo[39m]: Received request to fetch sheet data {"user":{"_id":"6790d033c31c6351ce39d82d","name":"ahad ali chowdhury","email":"smahadalichowdhury@gmail.com","password":"$2b$10$7ni3f7YuKZk.3rVqCu1OJuv7.pt8OAvI2puymTztFv8FJTAwGVq4O","role":"property","connected_entity_id":["678d1902cfc0248a9f03159f"],"invited_user":"677271b67b9759f7412b112c","is_verified":true,"download_report":false,"createdAt":"2025-01-22T11:02:11.533Z","updatedAt":"2025-01-22T11:03:18.268Z","__v":0},"query":{"page":"1","limit":"1","search":"vik hotel"}}
2025-02-28 11:37:19 [[32minfo[39m]: Building query for fetching sheet data {"page":1,"limit":1,"filters":{},"role":"property"}
2025-02-28 11:37:19 [[32minfo[39m]: Query executed successfully {"total":0}
2025-02-28 11:37:19 [[32minfo[39m]: Sheet data fetched successfully {"totalItems":0}
2025-02-28 11:41:10 [[32minfo[39m]: Received request to fetch sheet data {"user":{"_id":"6790d033c31c6351ce39d82d","name":"ahad ali chowdhury","email":"smahadalichowdhury@gmail.com","password":"$2b$10$7ni3f7YuKZk.3rVqCu1OJuv7.pt8OAvI2puymTztFv8FJTAwGVq4O","role":"property","connected_entity_id":["678d1902cfc0248a9f03159f"],"invited_user":"677271b67b9759f7412b112c","is_verified":true,"download_report":false,"createdAt":"2025-01-22T11:02:11.533Z","updatedAt":"2025-01-22T11:03:18.268Z","__v":0},"query":{"page":"1","limit":"1","search":"vik hotel"}}
2025-02-28 11:41:10 [[32minfo[39m]: Building query for fetching sheet data {"page":1,"limit":1,"filters":{},"role":"property"}
2025-02-28 11:41:10 [[32minfo[39m]: Query executed successfully {"total":2}
2025-02-28 11:41:10 [[32minfo[39m]: Sheet data fetched successfully {"totalItems":2}
2025-02-28 11:41:26 [[32minfo[39m]: Received request to fetch sheet data {"user":{"_id":"6790d033c31c6351ce39d82d","name":"ahad ali chowdhury","email":"smahadalichowdhury@gmail.com","password":"$2b$10$7ni3f7YuKZk.3rVqCu1OJuv7.pt8OAvI2puymTztFv8FJTAwGVq4O","role":"property","connected_entity_id":["678d1902cfc0248a9f03159f"],"invited_user":"677271b67b9759f7412b112c","is_verified":true,"download_report":false,"createdAt":"2025-01-22T11:02:11.533Z","updatedAt":"2025-01-22T11:03:18.268Z","__v":0},"query":{"page":"1","limit":"1","search":"AKA BEVERLY HILLS-5414555"}}
2025-02-28 11:41:26 [[32minfo[39m]: Building query for fetching sheet data {"page":1,"limit":1,"filters":{},"role":"property"}
2025-02-28 11:41:27 [[32minfo[39m]: Query executed successfully {"total":0}
2025-02-28 11:41:27 [[32minfo[39m]: Sheet data fetched successfully {"totalItems":0}
2025-02-28 11:41:48 [[32minfo[39m]: Received request to fetch sheet data {"user":{"_id":"6790d033c31c6351ce39d82d","name":"ahad ali chowdhury","email":"smahadalichowdhury@gmail.com","password":"$2b$10$7ni3f7YuKZk.3rVqCu1OJuv7.pt8OAvI2puymTztFv8FJTAwGVq4O","role":"property","connected_entity_id":["678d1902cfc0248a9f03159f"],"invited_user":"677271b67b9759f7412b112c","is_verified":true,"download_report":false,"createdAt":"2025-01-22T11:02:11.533Z","updatedAt":"2025-01-22T11:03:18.268Z","__v":0},"query":{"page":"1","limit":"1","search":"vik portfolio","property":"677f93cdc6618c7d08091cb3"}}
2025-02-28 11:41:48 [[32minfo[39m]: Building query for fetching sheet data {"page":1,"limit":1,"filters":{"property":"677f93cdc6618c7d08091cb3"},"role":"property"}
2025-02-28 11:41:48 [[32minfo[39m]: Query executed successfully {"total":0}
2025-02-28 11:41:48 [[32minfo[39m]: Sheet data fetched successfully {"totalItems":0}
2025-02-28 11:41:56 [[32minfo[39m]: Received request to fetch sheet data {"user":{"_id":"6790d033c31c6351ce39d82d","name":"ahad ali chowdhury","email":"smahadalichowdhury@gmail.com","password":"$2b$10$7ni3f7YuKZk.3rVqCu1OJuv7.pt8OAvI2puymTztFv8FJTAwGVq4O","role":"property","connected_entity_id":["678d1902cfc0248a9f03159f"],"invited_user":"677271b67b9759f7412b112c","is_verified":true,"download_report":false,"createdAt":"2025-01-22T11:02:11.533Z","updatedAt":"2025-01-22T11:03:18.268Z","__v":0},"query":{"page":"1","limit":"1","search":"vik portfolio"}}
2025-02-28 11:41:56 [[32minfo[39m]: Building query for fetching sheet data {"page":1,"limit":1,"filters":{},"role":"property"}
2025-02-28 11:41:57 [[32minfo[39m]: Query executed successfully {"total":2}
2025-02-28 11:41:57 [[32minfo[39m]: Sheet data fetched successfully {"totalItems":2}
2025-02-28 11:42:23 [[32minfo[39m]: Received request to fetch sheet data {"user":{"_id":"6790d033c31c6351ce39d82d","name":"ahad ali chowdhury","email":"smahadalichowdhury@gmail.com","password":"$2b$10$7ni3f7YuKZk.3rVqCu1OJuv7.pt8OAvI2puymTztFv8FJTAwGVq4O","role":"property","connected_entity_id":["678d1902cfc0248a9f03159f"],"invited_user":"677271b67b9759f7412b112c","is_verified":true,"download_report":false,"createdAt":"2025-01-22T11:02:11.533Z","updatedAt":"2025-01-22T11:03:18.268Z","__v":0},"query":{"page":"1","limit":"1","property":"678d1902cfc0248a9f03159f"}}
2025-02-28 11:42:23 [[32minfo[39m]: Building query for fetching sheet data {"page":1,"limit":1,"filters":{"property":"678d1902cfc0248a9f03159f"},"role":"property"}
2025-02-28 11:42:23 [[32minfo[39m]: Query executed successfully {"total":0}
2025-02-28 11:42:23 [[32minfo[39m]: Sheet data fetched successfully {"totalItems":0}
