2025-08-21 14:04:38 [[32minfo[39m]: Received request to fetch sheet data {"user":{"download_report":false,"_id":"677271b67b9759f7412b112c","name":"Admin User Name","email":"vnp@admin.com","password":"$2b$10$8bLqnhrEOhS34WTeYGfIXeQhe1YE8YfJqTiMV//.YFfaALA0pF4ta","role":"admin","access":"admin","createdAt":"2024-12-30T10:11:02.414Z","updatedAt":"2025-08-18T06:36:51.853Z","__v":1,"is_verified":true,"connected_entity_id":[],"phone_number":"01728704205"},"query":{"page":"1","limit":"10","entity_id":"685ce079e8c65c798a8962ed","multiplePropertyOwner":"false"}}
2025-08-21 14:04:38 [[32minfo[39m]: Building query for fetching sheet data {"page":1,"limit":10,"filters":{},"role":"admin"}
2025-08-21 14:04:40 [[32minfo[39m]: Query executed successfully {"total":5988}
2025-08-21 14:04:40 [[32minfo[39m]: Sheet data fetched successfully {"totalItems":5988}
2025-08-21 14:04:40 [[32minfo[39m]: Received request to fetch sheet data {"user":{"download_report":false,"_id":"677271b67b9759f7412b112c","name":"Admin User Name","email":"vnp@admin.com","password":"$2b$10$8bLqnhrEOhS34WTeYGfIXeQhe1YE8YfJqTiMV//.YFfaALA0pF4ta","role":"admin","access":"admin","createdAt":"2024-12-30T10:11:02.414Z","updatedAt":"2025-08-18T06:36:51.853Z","__v":1,"is_verified":true,"connected_entity_id":[],"phone_number":"01728704205"},"query":{"page":"1","limit":"10","entity_id":"685ce079e8c65c798a8962ed","multiplePropertyOwner":"false"}}
2025-08-21 14:04:40 [[32minfo[39m]: Building query for fetching sheet data {"page":1,"limit":10,"filters":{},"role":"admin"}
2025-08-21 14:04:42 [[32minfo[39m]: Query executed successfully {"total":5988}
2025-08-21 14:04:42 [[32minfo[39m]: Sheet data fetched successfully {"totalItems":5988}
2025-08-21 14:05:31 [[32minfo[39m]: Received request to fetch sheet data {"user":{"download_report":false,"_id":"677271b67b9759f7412b112c","name":"Admin User Name","email":"vnp@admin.com","password":"$2b$10$8bLqnhrEOhS34WTeYGfIXeQhe1YE8YfJqTiMV//.YFfaALA0pF4ta","role":"admin","access":"admin","createdAt":"2024-12-30T10:11:02.414Z","updatedAt":"2025-08-18T06:36:51.853Z","__v":1,"is_verified":true,"connected_entity_id":[],"phone_number":"01728704205"},"query":{"page":"1","limit":"10","multiplePropertyOwner":"false"}}
2025-08-21 14:05:31 [[32minfo[39m]: Building query for fetching sheet data {"page":1,"limit":10,"filters":{},"role":"admin"}
2025-08-21 14:05:33 [[32minfo[39m]: Query executed successfully {"total":5988}
2025-08-21 14:05:33 [[32minfo[39m]: Sheet data fetched successfully {"totalItems":5988}
2025-08-21 14:05:33 [[32minfo[39m]: Received request to fetch sheet data {"user":{"download_report":false,"_id":"677271b67b9759f7412b112c","name":"Admin User Name","email":"vnp@admin.com","password":"$2b$10$8bLqnhrEOhS34WTeYGfIXeQhe1YE8YfJqTiMV//.YFfaALA0pF4ta","role":"admin","access":"admin","createdAt":"2024-12-30T10:11:02.414Z","updatedAt":"2025-08-18T06:36:51.853Z","__v":1,"is_verified":true,"connected_entity_id":[],"phone_number":"01728704205"},"query":{"page":"1","limit":"10","multiplePropertyOwner":"false"}}
2025-08-21 14:05:33 [[32minfo[39m]: Building query for fetching sheet data {"page":1,"limit":10,"filters":{},"role":"admin"}
2025-08-21 14:05:34 [[32minfo[39m]: Query executed successfully {"total":5988}
2025-08-21 14:05:34 [[32minfo[39m]: Sheet data fetched successfully {"totalItems":5988}
2025-08-21 14:09:22 [[32minfo[39m]: Received request to fetch sheet data {"user":{"download_report":false,"_id":"677271b67b9759f7412b112c","name":"Admin User Name","email":"vnp@admin.com","password":"$2b$10$8bLqnhrEOhS34WTeYGfIXeQhe1YE8YfJqTiMV//.YFfaALA0pF4ta","role":"admin","access":"admin","createdAt":"2024-12-30T10:11:02.414Z","updatedAt":"2025-08-18T06:36:51.853Z","__v":1,"is_verified":true,"connected_entity_id":[],"phone_number":"01728704205"},"query":{"page":"1","limit":"10","multiplePropertyOwner":"false"}}
2025-08-21 14:09:22 [[32minfo[39m]: Building query for fetching sheet data {"page":1,"limit":10,"filters":{},"role":"admin"}
2025-08-21 14:09:23 [[32minfo[39m]: Query executed successfully {"total":5988}
2025-08-21 14:09:23 [[32minfo[39m]: Sheet data fetched successfully {"totalItems":5988}
2025-08-21 14:09:41 [[32minfo[39m]: Received request to fetch sheet data {"user":{"download_report":false,"_id":"677271b67b9759f7412b112c","name":"Admin User Name","email":"vnp@admin.com","password":"$2b$10$8bLqnhrEOhS34WTeYGfIXeQhe1YE8YfJqTiMV//.YFfaALA0pF4ta","role":"admin","access":"admin","createdAt":"2024-12-30T10:11:02.414Z","updatedAt":"2025-08-18T06:36:51.853Z","__v":1,"is_verified":true,"connected_entity_id":[],"phone_number":"01728704205"},"query":{"startDate":"2025-08-14","endDate":"2025-08-21","page":"1","limit":"10","multiplePropertyOwner":"false"}}
2025-08-21 14:09:41 [[32minfo[39m]: Building query for fetching sheet data {"page":1,"limit":10,"filters":{"startDate":"2025-08-14","endDate":"2025-08-21"},"role":"admin"}
2025-08-21 14:09:41 [[32minfo[39m]: Received request to fetch sheet data {"user":{"download_report":false,"_id":"677271b67b9759f7412b112c","name":"Admin User Name","email":"vnp@admin.com","password":"$2b$10$8bLqnhrEOhS34WTeYGfIXeQhe1YE8YfJqTiMV//.YFfaALA0pF4ta","role":"admin","access":"admin","createdAt":"2024-12-30T10:11:02.414Z","updatedAt":"2025-08-18T06:36:51.853Z","__v":1,"is_verified":true,"connected_entity_id":[],"phone_number":"01728704205"},"query":{"page":"1","limit":"10","multiplePropertyOwner":"false"}}
2025-08-21 14:09:41 [[32minfo[39m]: Building query for fetching sheet data {"page":1,"limit":10,"filters":{},"role":"admin"}
2025-08-21 14:09:41 [[32minfo[39m]: Query executed successfully {"total":0}
2025-08-21 14:09:41 [[32minfo[39m]: Sheet data fetched successfully {"totalItems":0}
2025-08-21 14:09:42 [[32minfo[39m]: Query executed successfully {"total":5988}
2025-08-21 14:09:42 [[32minfo[39m]: Sheet data fetched successfully {"totalItems":5988}
2025-08-21 14:09:49 [[32minfo[39m]: Received request to fetch sheet data {"user":{"download_report":false,"_id":"677271b67b9759f7412b112c","name":"Admin User Name","email":"vnp@admin.com","password":"$2b$10$8bLqnhrEOhS34WTeYGfIXeQhe1YE8YfJqTiMV//.YFfaALA0pF4ta","role":"admin","access":"admin","createdAt":"2024-12-30T10:11:02.414Z","updatedAt":"2025-08-18T06:36:51.853Z","__v":1,"is_verified":true,"connected_entity_id":[],"phone_number":"01728704205"},"query":{"page":"2","limit":"10","multiplePropertyOwner":"false"}}
2025-08-21 14:09:49 [[32minfo[39m]: Building query for fetching sheet data {"page":2,"limit":10,"filters":{},"role":"admin"}
2025-08-21 14:09:50 [[32minfo[39m]: Query executed successfully {"total":5988}
2025-08-21 14:09:50 [[32minfo[39m]: Sheet data fetched successfully {"totalItems":5988}
2025-08-21 14:10:04 [[32minfo[39m]: Received request to fetch sheet data {"user":{"download_report":false,"_id":"677271b67b9759f7412b112c","name":"Admin User Name","email":"vnp@admin.com","password":"$2b$10$8bLqnhrEOhS34WTeYGfIXeQhe1YE8YfJqTiMV//.YFfaALA0pF4ta","role":"admin","access":"admin","createdAt":"2024-12-30T10:11:02.414Z","updatedAt":"2025-08-18T06:36:51.853Z","__v":1,"is_verified":true,"connected_entity_id":[],"phone_number":"01728704205"},"query":{"page":"1","limit":"10","entity_id":"685ce07ae8c65c798a8962ee","multiplePropertyOwner":"false"}}
2025-08-21 14:10:04 [[32minfo[39m]: Building query for fetching sheet data {"page":1,"limit":10,"filters":{},"role":"admin"}
2025-08-21 14:10:04 [[32minfo[39m]: Received request to fetch sheet data {"user":{"download_report":false,"_id":"677271b67b9759f7412b112c","name":"Admin User Name","email":"vnp@admin.com","password":"$2b$10$8bLqnhrEOhS34WTeYGfIXeQhe1YE8YfJqTiMV//.YFfaALA0pF4ta","role":"admin","access":"admin","createdAt":"2024-12-30T10:11:02.414Z","updatedAt":"2025-08-18T06:36:51.853Z","__v":1,"is_verified":true,"connected_entity_id":[],"phone_number":"01728704205"},"query":{"startDate":"2025-08-14","endDate":"2025-08-21","page":"1","limit":"10","entity_id":"685ce07ae8c65c798a8962ee","multiplePropertyOwner":"false"}}
2025-08-21 14:10:04 [[32minfo[39m]: Building query for fetching sheet data {"page":1,"limit":10,"filters":{"startDate":"2025-08-14","endDate":"2025-08-21"},"role":"admin"}
2025-08-21 14:10:05 [[32minfo[39m]: Query executed successfully {"total":0}
2025-08-21 14:10:05 [[32minfo[39m]: Sheet data fetched successfully {"totalItems":0}
2025-08-21 14:10:05 [[32minfo[39m]: Received request to fetch sheet data {"user":{"download_report":false,"_id":"677271b67b9759f7412b112c","name":"Admin User Name","email":"vnp@admin.com","password":"$2b$10$8bLqnhrEOhS34WTeYGfIXeQhe1YE8YfJqTiMV//.YFfaALA0pF4ta","role":"admin","access":"admin","createdAt":"2024-12-30T10:11:02.414Z","updatedAt":"2025-08-18T06:36:51.853Z","__v":1,"is_verified":true,"connected_entity_id":[],"phone_number":"01728704205"},"query":{"startDate":"2025-08-14","endDate":"2025-08-21","page":"1","limit":"10","entity_id":"685ce07ae8c65c798a8962ee","multiplePropertyOwner":"false"}}
2025-08-21 14:10:05 [[32minfo[39m]: Building query for fetching sheet data {"page":1,"limit":10,"filters":{"startDate":"2025-08-14","endDate":"2025-08-21"},"role":"admin"}
2025-08-21 14:10:06 [[32minfo[39m]: Query executed successfully {"total":0}
2025-08-21 14:10:06 [[32minfo[39m]: Sheet data fetched successfully {"totalItems":0}
2025-08-21 14:10:07 [[32minfo[39m]: Query executed successfully {"total":5988}
2025-08-21 14:10:07 [[32minfo[39m]: Sheet data fetched successfully {"totalItems":5988}
2025-08-21 14:10:09 [[32minfo[39m]: Received request to fetch sheet data {"user":{"download_report":false,"_id":"677271b67b9759f7412b112c","name":"Admin User Name","email":"vnp@admin.com","password":"$2b$10$8bLqnhrEOhS34WTeYGfIXeQhe1YE8YfJqTiMV//.YFfaALA0pF4ta","role":"admin","access":"admin","createdAt":"2024-12-30T10:11:02.414Z","updatedAt":"2025-08-18T06:36:51.853Z","__v":1,"is_verified":true,"connected_entity_id":[],"phone_number":"01728704205"},"query":{"startDate":"2024-08-21","endDate":"2025-08-21","page":"1","limit":"10","entity_id":"685ce07ae8c65c798a8962ee","multiplePropertyOwner":"false"}}
2025-08-21 14:10:09 [[32minfo[39m]: Building query for fetching sheet data {"page":1,"limit":10,"filters":{"startDate":"2024-08-21","endDate":"2025-08-21"},"role":"admin"}
2025-08-21 14:10:10 [[32minfo[39m]: Query executed successfully {"total":1677}
2025-08-21 14:10:10 [[32minfo[39m]: Sheet data fetched successfully {"totalItems":1677}
2025-08-21 14:10:15 [[32minfo[39m]: Received request to fetch sheet data {"user":{"download_report":false,"_id":"677271b67b9759f7412b112c","name":"Admin User Name","email":"vnp@admin.com","password":"$2b$10$8bLqnhrEOhS34WTeYGfIXeQhe1YE8YfJqTiMV//.YFfaALA0pF4ta","role":"admin","access":"admin","createdAt":"2024-12-30T10:11:02.414Z","updatedAt":"2025-08-18T06:36:51.853Z","__v":1,"is_verified":true,"connected_entity_id":[],"phone_number":"01728704205"},"query":{"startDate":"2024-08-21","endDate":"2025-08-21","page":"168","limit":"10","entity_id":"685ce07ae8c65c798a8962ee","multiplePropertyOwner":"false"}}
2025-08-21 14:10:15 [[32minfo[39m]: Building query for fetching sheet data {"page":168,"limit":10,"filters":{"startDate":"2024-08-21","endDate":"2025-08-21"},"role":"admin"}
2025-08-21 14:10:16 [[32minfo[39m]: Query executed successfully {"total":1677}
2025-08-21 14:10:16 [[32minfo[39m]: Sheet data fetched successfully {"totalItems":1677}
2025-08-21 14:10:52 [[32minfo[39m]: Received request to fetch sheet data {"user":{"download_report":false,"_id":"677271b67b9759f7412b112c","name":"Admin User Name","email":"vnp@admin.com","password":"$2b$10$8bLqnhrEOhS34WTeYGfIXeQhe1YE8YfJqTiMV//.YFfaALA0pF4ta","role":"admin","access":"admin","createdAt":"2024-12-30T10:11:02.414Z","updatedAt":"2025-08-18T06:36:51.853Z","__v":1,"is_verified":true,"connected_entity_id":[],"phone_number":"01728704205"},"query":{"startDate":"2024-08-21","endDate":"2025-08-21","page":"1","limit":"10","multiplePropertyOwner":"false"}}
2025-08-21 14:10:52 [[32minfo[39m]: Building query for fetching sheet data {"page":1,"limit":10,"filters":{"startDate":"2024-08-21","endDate":"2025-08-21"},"role":"admin"}
2025-08-21 14:10:52 [[32minfo[39m]: Received request to fetch sheet data {"user":{"download_report":false,"_id":"677271b67b9759f7412b112c","name":"Admin User Name","email":"vnp@admin.com","password":"$2b$10$8bLqnhrEOhS34WTeYGfIXeQhe1YE8YfJqTiMV//.YFfaALA0pF4ta","role":"admin","access":"admin","createdAt":"2024-12-30T10:11:02.414Z","updatedAt":"2025-08-18T06:36:51.853Z","__v":1,"is_verified":true,"connected_entity_id":[],"phone_number":"01728704205"},"query":{"page":"1","limit":"10","multiplePropertyOwner":"false"}}
2025-08-21 14:10:52 [[32minfo[39m]: Building query for fetching sheet data {"page":1,"limit":10,"filters":{},"role":"admin"}
2025-08-21 14:10:53 [[32minfo[39m]: Query executed successfully {"total":1677}
2025-08-21 14:10:53 [[32minfo[39m]: Sheet data fetched successfully {"totalItems":1677}
2025-08-21 14:10:53 [[32minfo[39m]: Query executed successfully {"total":5988}
2025-08-21 14:10:53 [[32minfo[39m]: Sheet data fetched successfully {"totalItems":5988}
2025-08-21 14:11:29 [[32minfo[39m]: Received request to fetch sheet data {"user":{"download_report":false,"_id":"677271b67b9759f7412b112c","name":"Admin User Name","email":"vnp@admin.com","password":"$2b$10$8bLqnhrEOhS34WTeYGfIXeQhe1YE8YfJqTiMV//.YFfaALA0pF4ta","role":"admin","access":"admin","createdAt":"2024-12-30T10:11:02.414Z","updatedAt":"2025-08-18T06:36:51.853Z","__v":1,"is_verified":true,"connected_entity_id":[],"phone_number":"01728704205"},"query":{"page":"599","limit":"10","multiplePropertyOwner":"false"}}
2025-08-21 14:11:29 [[32minfo[39m]: Building query for fetching sheet data {"page":599,"limit":10,"filters":{},"role":"admin"}
2025-08-21 14:11:30 [[32minfo[39m]: Query executed successfully {"total":5988}
2025-08-21 14:11:30 [[32minfo[39m]: Sheet data fetched successfully {"totalItems":5988}
