2025-05-01 14:44:03 [[32minfo[39m]: Received request to fetch sheet data {"user":{"download_report":false,"_id":"677271b67b9759f7412b112c","name":"Admin User","email":"vnp@admin.com","password":"$2b$10$8bLqnhrEOhS34WTeYGfIXeQhe1YE8YfJqTiMV//.YFfaALA0pF4ta","role":"admin","access":"admin","createdAt":"2024-12-30T10:11:02.414Z","updatedAt":"2025-01-14T15:00:18.983Z","__v":1,"is_verified":true,"connected_entity_id":[],"phone_number":"01728704205"},"query":{"page":"1","limit":"100"}}
2025-05-01 14:44:03 [[32minfo[39m]: Building query for fetching sheet data {"page":1,"limit":100,"filters":{},"role":"admin"}
2025-05-01 14:44:05 [[32minfo[39m]: Query executed successfully {"total":5453}
2025-05-01 14:44:05 [[32minfo[39m]: Sheet data fetched successfully {"totalItems":5453}
2025-05-01 14:44:23 [[32minfo[39m]: Received request to fetch sheet data {"user":{"download_report":false,"_id":"677271b67b9759f7412b112c","name":"Admin User","email":"vnp@admin.com","password":"$2b$10$8bLqnhrEOhS34WTeYGfIXeQhe1YE8YfJqTiMV//.YFfaALA0pF4ta","role":"admin","access":"admin","createdAt":"2024-12-30T10:11:02.414Z","updatedAt":"2025-01-14T15:00:18.983Z","__v":1,"is_verified":true,"connected_entity_id":[],"phone_number":"01728704205"},"query":{"page":"1","limit":"100","id":"22557"}}
2025-05-01 14:44:23 [[32minfo[39m]: Building query for fetching sheet data {"page":1,"limit":100,"filters":{"id":"22557"},"role":"admin"}
2025-05-01 14:44:26 [[32minfo[39m]: Query executed successfully {"total":5453}
2025-05-01 14:44:26 [[32minfo[39m]: Sheet data fetched successfully {"totalItems":5453}
2025-05-01 14:44:38 [[32minfo[39m]: Received request to fetch sheet data {"user":{"download_report":false,"_id":"677271b67b9759f7412b112c","name":"Admin User","email":"vnp@admin.com","password":"$2b$10$8bLqnhrEOhS34WTeYGfIXeQhe1YE8YfJqTiMV//.YFfaALA0pF4ta","role":"admin","access":"admin","createdAt":"2024-12-30T10:11:02.414Z","updatedAt":"2025-01-14T15:00:18.983Z","__v":1,"is_verified":true,"connected_entity_id":[],"phone_number":"01728704205"},"query":{"page":"1","limit":"10","id":"22557"}}
2025-05-01 14:44:38 [[32minfo[39m]: Building query for fetching sheet data {"page":1,"limit":10,"filters":{"id":"22557"},"role":"admin"}
2025-05-01 14:44:38 [[32minfo[39m]: Query executed successfully {"total":5453}
2025-05-01 14:44:38 [[32minfo[39m]: Sheet data fetched successfully {"totalItems":5453}
2025-05-01 14:45:36 [[32minfo[39m]: Received request to fetch sheet data {"user":{"download_report":false,"_id":"677271b67b9759f7412b112c","name":"Admin User","email":"vnp@admin.com","password":"$2b$10$8bLqnhrEOhS34WTeYGfIXeQhe1YE8YfJqTiMV//.YFfaALA0pF4ta","role":"admin","access":"admin","createdAt":"2024-12-30T10:11:02.414Z","updatedAt":"2025-01-14T15:00:18.983Z","__v":1,"is_verified":true,"connected_entity_id":[],"phone_number":"01728704205"},"query":{"page":"1","limit":"10","id":"22557"}}
2025-05-01 14:45:36 [[32minfo[39m]: Building query for fetching sheet data {"page":1,"limit":10,"filters":{"id":"22557"},"role":"admin"}
2025-05-01 14:45:36 [[32minfo[39m]: Query executed successfully {"total":5453}
2025-05-01 14:45:36 [[32minfo[39m]: Sheet data fetched successfully {"totalItems":5453}
2025-05-01 14:46:38 [[32minfo[39m]: Received request to fetch sheet data {"user":{"download_report":false,"_id":"677271b67b9759f7412b112c","name":"Admin User","email":"vnp@admin.com","password":"$2b$10$8bLqnhrEOhS34WTeYGfIXeQhe1YE8YfJqTiMV//.YFfaALA0pF4ta","role":"admin","access":"admin","createdAt":"2024-12-30T10:11:02.414Z","updatedAt":"2025-01-14T15:00:18.983Z","__v":1,"is_verified":true,"connected_entity_id":[],"phone_number":"01728704205"},"query":{"page":"1","limit":"10","id":"22557"}}
2025-05-01 14:46:38 [[32minfo[39m]: Building query for fetching sheet data {"page":1,"limit":10,"filters":{"id":"22557"},"role":"admin"}
2025-05-01 14:46:38 [[32minfo[39m]: Query executed successfully {"total":5453}
2025-05-01 14:46:38 [[32minfo[39m]: Sheet data fetched successfully {"totalItems":5453}
2025-05-01 14:50:05 [[32minfo[39m]: Received request to fetch sheet data {"user":{"download_report":false,"_id":"677271b67b9759f7412b112c","name":"Admin User","email":"vnp@admin.com","password":"$2b$10$8bLqnhrEOhS34WTeYGfIXeQhe1YE8YfJqTiMV//.YFfaALA0pF4ta","role":"admin","access":"admin","createdAt":"2024-12-30T10:11:02.414Z","updatedAt":"2025-01-14T15:00:18.983Z","__v":1,"is_verified":true,"connected_entity_id":[],"phone_number":"01728704205"},"query":{"page":"1","limit":"10","id":"22557"}}
2025-05-01 14:50:05 [[32minfo[39m]: Building query for fetching sheet data {"page":1,"limit":10,"filters":{"id":"22557"},"role":"admin"}
2025-05-01 14:50:05 [[32minfo[39m]: Query executed successfully {"total":2}
2025-05-01 14:50:05 [[32minfo[39m]: Sheet data fetched successfully {"totalItems":2}
2025-05-01 14:50:30 [[32minfo[39m]: Received request to fetch sheet data {"user":{"download_report":false,"_id":"677271b67b9759f7412b112c","name":"Admin User","email":"vnp@admin.com","password":"$2b$10$8bLqnhrEOhS34WTeYGfIXeQhe1YE8YfJqTiMV//.YFfaALA0pF4ta","role":"admin","access":"admin","createdAt":"2024-12-30T10:11:02.414Z","updatedAt":"2025-01-14T15:00:18.983Z","__v":1,"is_verified":true,"connected_entity_id":[],"phone_number":"01728704205"},"query":{"page":"1","limit":"10","id":"491697"}}
2025-05-01 14:50:30 [[32minfo[39m]: Building query for fetching sheet data {"page":1,"limit":10,"filters":{"id":"491697"},"role":"admin"}
2025-05-01 14:50:30 [[32minfo[39m]: Query executed successfully {"total":2}
2025-05-01 14:50:30 [[32minfo[39m]: Sheet data fetched successfully {"totalItems":2}
2025-05-01 14:50:37 [[32minfo[39m]: Received request to fetch sheet data {"user":{"download_report":false,"_id":"677271b67b9759f7412b112c","name":"Admin User","email":"vnp@admin.com","password":"$2b$10$8bLqnhrEOhS34WTeYGfIXeQhe1YE8YfJqTiMV//.YFfaALA0pF4ta","role":"admin","access":"admin","createdAt":"2024-12-30T10:11:02.414Z","updatedAt":"2025-01-14T15:00:18.983Z","__v":1,"is_verified":true,"connected_entity_id":[],"phone_number":"01728704205"},"query":{"page":"1","limit":"10"}}
2025-05-01 14:50:37 [[32minfo[39m]: Building query for fetching sheet data {"page":1,"limit":10,"filters":{},"role":"admin"}
2025-05-01 14:50:38 [[32minfo[39m]: Query executed successfully {"total":5453}
2025-05-01 14:50:38 [[32minfo[39m]: Sheet data fetched successfully {"totalItems":5453}
2025-05-01 14:50:55 [[32minfo[39m]: Received request to fetch sheet data {"user":{"download_report":false,"_id":"677271b67b9759f7412b112c","name":"Admin User","email":"vnp@admin.com","password":"$2b$10$8bLqnhrEOhS34WTeYGfIXeQhe1YE8YfJqTiMV//.YFfaALA0pF4ta","role":"admin","access":"admin","createdAt":"2024-12-30T10:11:02.414Z","updatedAt":"2025-01-14T15:00:18.983Z","__v":1,"is_verified":true,"connected_entity_id":[],"phone_number":"01728704205"},"query":{"page":"1","limit":"10","id":"426497"}}
2025-05-01 14:50:55 [[32minfo[39m]: Building query for fetching sheet data {"page":1,"limit":10,"filters":{"id":"426497"},"role":"admin"}
2025-05-01 14:50:56 [[32minfo[39m]: Query executed successfully {"total":2}
2025-05-01 14:50:56 [[32minfo[39m]: Sheet data fetched successfully {"totalItems":2}
2025-05-01 14:57:20 [[32minfo[39m]: Received request to fetch sheet data {"user":{"download_report":false,"_id":"677271b67b9759f7412b112c","name":"Admin User","email":"vnp@admin.com","password":"$2b$10$8bLqnhrEOhS34WTeYGfIXeQhe1YE8YfJqTiMV//.YFfaALA0pF4ta","role":"admin","access":"admin","createdAt":"2024-12-30T10:11:02.414Z","updatedAt":"2025-01-14T15:00:18.983Z","__v":1,"is_verified":true,"connected_entity_id":[],"phone_number":"01728704205"},"query":{"page":"1","limit":"10","id":"426497"}}
2025-05-01 14:57:20 [[32minfo[39m]: Building query for fetching sheet data {"page":1,"limit":10,"filters":{"id":"426497"},"role":"admin"}
2025-05-01 14:57:20 [[32minfo[39m]: Query executed successfully {"total":2}
2025-05-01 14:57:20 [[32minfo[39m]: Sheet data fetched successfully {"totalItems":2}
2025-05-01 15:00:46 [[32minfo[39m]: Received request to fetch sheet data {"user":{"_id":"68131efc9da85044aaa28c67","name":"Nurany Jannat - Multiple Test","email":"jannatnurani12@gmail.com","password":"$2b$10$G02oZYWHQGiWjerb8m6h6OrE6gQh4IXm1d9D6fGKPnJaJgtU6Us6y","role":"property","connected_entity_id":["67ff6a148cf571a9112eecea","67ff6a178cf571a9112eee8a"],"invited_user":"677271b67b9759f7412b112c","is_verified":true,"download_report":true,"createdAt":"2025-05-01T07:13:00.263Z","updatedAt":"2025-05-01T07:16:55.193Z","__v":0,"phone_number":""},"query":{"page":"1","limit":"10"}}
2025-05-01 15:00:46 [[32minfo[39m]: Building query for fetching sheet data {"page":1,"limit":10,"filters":{},"role":"property"}
2025-05-01 15:00:46 [[32minfo[39m]: Query executed successfully {"total":2}
2025-05-01 15:00:46 [[32minfo[39m]: Sheet data fetched successfully {"totalItems":2}
2025-05-01 15:01:10 [[32minfo[39m]: Received request to fetch sheet data {"user":{"_id":"68131efc9da85044aaa28c67","name":"Nurany Jannat - Multiple Test","email":"jannatnurani12@gmail.com","password":"$2b$10$G02oZYWHQGiWjerb8m6h6OrE6gQh4IXm1d9D6fGKPnJaJgtU6Us6y","role":"property","connected_entity_id":["67ff6a148cf571a9112eecea","67ff6a178cf571a9112eee8a"],"invited_user":"677271b67b9759f7412b112c","is_verified":true,"download_report":true,"createdAt":"2025-05-01T07:13:00.263Z","updatedAt":"2025-05-01T07:16:55.193Z","__v":0,"phone_number":""},"query":{"page":"1","limit":"10","id":"426497"}}
2025-05-01 15:01:10 [[32minfo[39m]: Building query for fetching sheet data {"page":1,"limit":10,"filters":{"id":"426497"},"role":"property"}
2025-05-01 15:01:10 [[32minfo[39m]: Query executed successfully {"total":0}
2025-05-01 15:01:10 [[32minfo[39m]: Sheet data fetched successfully {"totalItems":0}
2025-05-01 15:01:15 [[32minfo[39m]: Received request to fetch sheet data {"user":{"_id":"68131efc9da85044aaa28c67","name":"Nurany Jannat - Multiple Test","email":"jannatnurani12@gmail.com","password":"$2b$10$G02oZYWHQGiWjerb8m6h6OrE6gQh4IXm1d9D6fGKPnJaJgtU6Us6y","role":"property","connected_entity_id":["67ff6a148cf571a9112eecea","67ff6a178cf571a9112eee8a"],"invited_user":"677271b67b9759f7412b112c","is_verified":true,"download_report":true,"createdAt":"2025-05-01T07:13:00.263Z","updatedAt":"2025-05-01T07:16:55.193Z","__v":0,"phone_number":""},"query":{"page":"1","limit":"10"}}
2025-05-01 15:01:15 [[32minfo[39m]: Building query for fetching sheet data {"page":1,"limit":10,"filters":{},"role":"property"}
2025-05-01 15:01:15 [[32minfo[39m]: Query executed successfully {"total":2}
2025-05-01 15:01:15 [[32minfo[39m]: Sheet data fetched successfully {"totalItems":2}
2025-05-01 15:01:24 [[32minfo[39m]: Received request to fetch sheet data {"user":{"_id":"68131efc9da85044aaa28c67","name":"Nurany Jannat - Multiple Test","email":"jannatnurani12@gmail.com","password":"$2b$10$G02oZYWHQGiWjerb8m6h6OrE6gQh4IXm1d9D6fGKPnJaJgtU6Us6y","role":"property","connected_entity_id":["67ff6a148cf571a9112eecea","67ff6a178cf571a9112eee8a"],"invited_user":"677271b67b9759f7412b112c","is_verified":true,"download_report":true,"createdAt":"2025-05-01T07:13:00.263Z","updatedAt":"2025-05-01T07:16:55.193Z","__v":0,"phone_number":""},"query":{"page":"1","limit":"10","id":"1312191"}}
2025-05-01 15:01:24 [[32minfo[39m]: Building query for fetching sheet data {"page":1,"limit":10,"filters":{"id":"1312191"},"role":"property"}
2025-05-01 15:01:24 [[32minfo[39m]: Query executed successfully {"total":1}
2025-05-01 15:01:24 [[32minfo[39m]: Sheet data fetched successfully {"totalItems":1}
2025-05-01 15:51:28 [[32minfo[39m]: Received request to fetch sheet data {"user":{"_id":"68131efc9da85044aaa28c67","name":"Nurany Jannat - Multiple Test","email":"jannatnurani12@gmail.com","password":"$2b$10$G02oZYWHQGiWjerb8m6h6OrE6gQh4IXm1d9D6fGKPnJaJgtU6Us6y","role":"property","connected_entity_id":["67ff6a148cf571a9112eecea","67ff6a178cf571a9112eee8a"],"invited_user":"677271b67b9759f7412b112c","is_verified":true,"download_report":true,"createdAt":"2025-05-01T07:13:00.263Z","updatedAt":"2025-05-01T07:16:55.193Z","__v":0,"phone_number":""},"query":{"page":"1","limit":"10","search":"the sutton place hotel vancouver"}}
2025-05-01 15:51:28 [[32minfo[39m]: Building query for fetching sheet data {"page":1,"limit":10,"filters":{},"role":"property"}
2025-05-01 15:51:29 [[32minfo[39m]: Query executed successfully {"total":0}
2025-05-01 15:51:29 [[32minfo[39m]: Sheet data fetched successfully {"totalItems":0}
2025-05-01 15:51:33 [[32minfo[39m]: Received request to fetch sheet data {"user":{"_id":"68131efc9da85044aaa28c67","name":"Nurany Jannat - Multiple Test","email":"jannatnurani12@gmail.com","password":"$2b$10$G02oZYWHQGiWjerb8m6h6OrE6gQh4IXm1d9D6fGKPnJaJgtU6Us6y","role":"property","connected_entity_id":["67ff6a148cf571a9112eecea","67ff6a178cf571a9112eee8a"],"invited_user":"677271b67b9759f7412b112c","is_verified":true,"download_report":true,"createdAt":"2025-05-01T07:13:00.263Z","updatedAt":"2025-05-01T07:16:55.193Z","__v":0,"phone_number":""},"query":{"page":"1","limit":"10"}}
2025-05-01 15:51:33 [[32minfo[39m]: Building query for fetching sheet data {"page":1,"limit":10,"filters":{},"role":"property"}
2025-05-01 15:51:33 [[32minfo[39m]: Query executed successfully {"total":2}
2025-05-01 15:51:33 [[32minfo[39m]: Sheet data fetched successfully {"totalItems":2}
2025-05-01 15:51:46 [[32minfo[39m]: Received request to fetch sheet data {"user":{"_id":"68131efc9da85044aaa28c67","name":"Nurany Jannat - Multiple Test","email":"jannatnurani12@gmail.com","password":"$2b$10$G02oZYWHQGiWjerb8m6h6OrE6gQh4IXm1d9D6fGKPnJaJgtU6Us6y","role":"property","connected_entity_id":["67ff6a148cf571a9112eecea","67ff6a178cf571a9112eee8a"],"invited_user":"677271b67b9759f7412b112c","is_verified":true,"download_report":true,"createdAt":"2025-05-01T07:13:00.263Z","updatedAt":"2025-05-01T07:16:55.193Z","__v":0,"phone_number":""},"query":{"page":"1","limit":"10","search":"426497"}}
2025-05-01 15:51:46 [[32minfo[39m]: Building query for fetching sheet data {"page":1,"limit":10,"filters":{},"role":"property"}
2025-05-01 15:51:46 [[32minfo[39m]: Query executed successfully {"total":0}
2025-05-01 15:51:46 [[32minfo[39m]: Sheet data fetched successfully {"totalItems":0}
2025-05-01 15:51:53 [[32minfo[39m]: Received request to fetch sheet data {"user":{"_id":"68131efc9da85044aaa28c67","name":"Nurany Jannat - Multiple Test","email":"jannatnurani12@gmail.com","password":"$2b$10$G02oZYWHQGiWjerb8m6h6OrE6gQh4IXm1d9D6fGKPnJaJgtU6Us6y","role":"property","connected_entity_id":["67ff6a148cf571a9112eecea","67ff6a178cf571a9112eee8a"],"invited_user":"677271b67b9759f7412b112c","is_verified":true,"download_report":true,"createdAt":"2025-05-01T07:13:00.263Z","updatedAt":"2025-05-01T07:16:55.193Z","__v":0,"phone_number":""},"query":{"page":"1","limit":"10"}}
2025-05-01 15:51:53 [[32minfo[39m]: Building query for fetching sheet data {"page":1,"limit":10,"filters":{},"role":"property"}
2025-05-01 15:51:54 [[32minfo[39m]: Query executed successfully {"total":2}
2025-05-01 15:51:54 [[32minfo[39m]: Sheet data fetched successfully {"totalItems":2}
2025-05-01 15:52:02 [[32minfo[39m]: Received request to fetch sheet data {"user":{"_id":"68131efc9da85044aaa28c67","name":"Nurany Jannat - Multiple Test","email":"jannatnurani12@gmail.com","password":"$2b$10$G02oZYWHQGiWjerb8m6h6OrE6gQh4IXm1d9D6fGKPnJaJgtU6Us6y","role":"property","connected_entity_id":["67ff6a148cf571a9112eecea","67ff6a178cf571a9112eee8a"],"invited_user":"677271b67b9759f7412b112c","is_verified":true,"download_report":true,"createdAt":"2025-05-01T07:13:00.263Z","updatedAt":"2025-05-01T07:16:55.193Z","__v":0,"phone_number":""},"query":{"page":"1","limit":"10","search":"1312191"}}
2025-05-01 15:52:02 [[32minfo[39m]: Building query for fetching sheet data {"page":1,"limit":10,"filters":{},"role":"property"}
2025-05-01 15:52:02 [[32minfo[39m]: Query executed successfully {"total":1}
2025-05-01 15:52:02 [[32minfo[39m]: Sheet data fetched successfully {"totalItems":1}
