2025-01-16 00:04:59 [[31merror[39m]: Can't find /api/properties on this server {"statusCode":404,"status":"fail","isOperational":true}
2025-01-16 00:05:13 [[31merror[39m]: Can't find /api/properties/portfolios on this server {"statusCode":404,"status":"fail","isOperational":true}
2025-01-16 01:02:29 [[31merror[39m]: You are not permitted! {"statusCode":403,"status":"fail","isOperational":true}
2025-01-16 01:31:55 [[31merror[39m]: Can't find /api/portfolio/update/67880cdd64e2fcf2df2bccfc on this server {"statusCode":404,"status":"fail","isOperational":true}
2025-01-16 18:52:42 [[32minfo[39m]: Login request received {"email":"smahadalichowdhury@gmail.com"}
2025-01-16 18:52:43 [[32minfo[39m]: Token generated successfully {"email":"smahadalichowdhury@gmail.com","userId":"6772872d7465ba6f8c52c425"}
2025-01-16 18:52:43 [[32minfo[39m]: Login successful {"userId":"6772872d7465ba6f8c52c425","email":"smahadalichowdhury@gmail.com"}
2025-01-16 18:52:49 [[32minfo[39m]: Login request received {"email":"smahadalichowdhury@gmail.com"}
2025-01-16 18:52:49 [[33mwarn[39m]: Invalid password {"email":"smahadalichowdhury@gmail.com"}
2025-01-16 18:52:49 [[31merror[39m]: Login failed {"email":"smahadalichowdhury@gmail.com","error":"Invalid password"}
2025-01-16 18:52:49 [[31merror[39m]: Invalid password {"statusCode":401,"status":"fail","isOperational":true}
2025-01-16 19:02:26 [[32minfo[39m]: Login request received {"email":"smahadalichowdhury@gmail.com"}
2025-01-16 19:02:26 [[33mwarn[39m]: Invalid password {"email":"smahadalichowdhury@gmail.com"}
2025-01-16 19:02:26 [[31merror[39m]: Login failed {"email":"smahadalichowdhury@gmail.com","error":"Invalid password"}
2025-01-16 19:02:26 [[31merror[39m]: Invalid password {"statusCode":401,"status":"fail","isOperational":true}
2025-01-16 19:02:48 [[32minfo[39m]: Login request received {"email":"smahadalichowdhury@gmail.com"}
2025-01-16 19:02:48 [[32minfo[39m]: Token generated successfully {"email":"smahadalichowdhury@gmail.com","userId":"6772872d7465ba6f8c52c425"}
2025-01-16 19:02:48 [[32minfo[39m]: Login successful {"userId":"6772872d7465ba6f8c52c425","email":"smahadalichowdhury@gmail.com"}
2025-01-16 21:32:59 [[31merror[39m]: Failed to send OTP to smahadalichowdhury@gmail.com: User validation failed: invited_user: Path `invited_user` is required. 
2025-01-16 21:33:41 [[32minfo[39m]: Temporary password sent to smahadalichowdhury@gmail.com 
2025-01-16 21:33:41 [[32minfo[39m]: OTP successfully sent to smahadalichowdhury@gmail.com 
2025-01-16 21:35:43 [[32minfo[39m]: OTP successfully sent to smahadalichowdhury@gmail.com 
2025-01-16 21:39:14 [[32minfo[39m]: OTP successfully sent to smahadalichowdhury@gmail.com 
