2025-08-17 13:19:14 [[32minfo[39m]: Received request to fetch sheet data {"user":{"_id":"68a176fa625c63a7b500e58d","name":"Prop Multiple ","email":"mahi121.mr2@gmail.com","password":"$2b$10$JfcrBB66Jn/PsrGIg4Zdj.DUHCDE6w1Xoh0njWdj/7i4rU6seUgxm","role":"property","connected_entity_id":["685ce0b1e8c65c798a8964dd","685ce0b1e8c65c798a8964f5","685ce0b2e8c65c798a89655c"],"invited_user":"677271b67b9759f7412b112c","is_verified":true,"download_report":true,"createdAt":"2025-08-17T06:30:18.631Z","updatedAt":"2025-08-17T06:31:15.105Z","__v":0},"query":{"startDate":"2025-08-10","endDate":"2025-08-17","page":"1","limit":"10","multiplePropertyOwner":"true"}}
2025-08-17 13:19:14 [[32minfo[39m]: Building query for fetching sheet data {"page":1,"limit":10,"filters":{"startDate":"2025-08-10","endDate":"2025-08-17"},"role":"property"}
2025-08-17 13:19:15 [[32minfo[39m]: Query executed successfully {"total":0}
2025-08-17 13:19:15 [[32minfo[39m]: Sheet data fetched successfully {"totalItems":0}
2025-08-17 13:20:05 [[32minfo[39m]: Received request to fetch sheet data {"user":{"_id":"68a176fa625c63a7b500e58d","name":"Prop Multiple ","email":"mahi121.mr2@gmail.com","password":"$2b$10$JfcrBB66Jn/PsrGIg4Zdj.DUHCDE6w1Xoh0njWdj/7i4rU6seUgxm","role":"property","connected_entity_id":["685ce0b1e8c65c798a8964dd","685ce0b1e8c65c798a8964f5","685ce0b2e8c65c798a89655c"],"invited_user":"677271b67b9759f7412b112c","is_verified":true,"download_report":true,"createdAt":"2025-08-17T06:30:18.631Z","updatedAt":"2025-08-17T06:31:15.105Z","__v":0},"query":{"startDate":"2025-08-10","endDate":"2025-08-17","page":"1","limit":"10","multiplePropertyOwner":"true"}}
2025-08-17 13:20:05 [[32minfo[39m]: Building query for fetching sheet data {"page":1,"limit":10,"filters":{"startDate":"2025-08-10","endDate":"2025-08-17"},"role":"property"}
2025-08-17 13:20:05 [[32minfo[39m]: Query executed successfully {"total":0}
2025-08-17 13:20:05 [[32minfo[39m]: Sheet data fetched successfully {"totalItems":0}
2025-08-17 13:21:14 [[32minfo[39m]: Received request to fetch sheet data {"user":{"_id":"68a176fa625c63a7b500e58d","name":"Prop Multiple ","email":"mahi121.mr2@gmail.com","password":"$2b$10$JfcrBB66Jn/PsrGIg4Zdj.DUHCDE6w1Xoh0njWdj/7i4rU6seUgxm","role":"property","connected_entity_id":["685ce0b1e8c65c798a8964dd","685ce0b1e8c65c798a8964f5","685ce0b2e8c65c798a89655c"],"invited_user":"677271b67b9759f7412b112c","is_verified":true,"download_report":true,"createdAt":"2025-08-17T06:30:18.631Z","updatedAt":"2025-08-17T06:31:15.105Z","__v":0},"query":{"startDate":"2025-08-10","endDate":"2025-08-17","page":"1","limit":"10","multiplePropertyOwner":"true"}}
2025-08-17 13:21:14 [[32minfo[39m]: Building query for fetching sheet data {"page":1,"limit":10,"filters":{"startDate":"2025-08-10","endDate":"2025-08-17"},"role":"property"}
2025-08-17 13:21:15 [[32minfo[39m]: Query executed successfully {"total":0}
2025-08-17 13:21:15 [[32minfo[39m]: Sheet data fetched successfully {"totalItems":0}
2025-08-17 13:21:33 [[32minfo[39m]: Received request to fetch sheet data {"user":{"_id":"68a176fa625c63a7b500e58d","name":"Prop Multiple ","email":"mahi121.mr2@gmail.com","password":"$2b$10$JfcrBB66Jn/PsrGIg4Zdj.DUHCDE6w1Xoh0njWdj/7i4rU6seUgxm","role":"property","connected_entity_id":["685ce0b1e8c65c798a8964dd","685ce0b1e8c65c798a8964f5","685ce0b2e8c65c798a89655c"],"invited_user":"677271b67b9759f7412b112c","is_verified":true,"download_report":true,"createdAt":"2025-08-17T06:30:18.631Z","updatedAt":"2025-08-17T06:31:15.105Z","__v":0},"query":{"startDate":"2025-08-10","endDate":"2025-08-17","page":"1","limit":"10","multiplePropertyOwner":"true"}}
2025-08-17 13:21:33 [[32minfo[39m]: Building query for fetching sheet data {"page":1,"limit":10,"filters":{"startDate":"2025-08-10","endDate":"2025-08-17"},"role":"property"}
2025-08-17 13:21:34 [[32minfo[39m]: Query executed successfully {"total":0}
2025-08-17 13:21:34 [[32minfo[39m]: Sheet data fetched successfully {"totalItems":0}
2025-08-17 13:22:20 [[32minfo[39m]: Received request to fetch sheet data {"user":{"_id":"68a176fa625c63a7b500e58d","name":"Prop Multiple ","email":"mahi121.mr2@gmail.com","password":"$2b$10$JfcrBB66Jn/PsrGIg4Zdj.DUHCDE6w1Xoh0njWdj/7i4rU6seUgxm","role":"property","connected_entity_id":["685ce0b1e8c65c798a8964dd","685ce0b1e8c65c798a8964f5","685ce0b2e8c65c798a89655c"],"invited_user":"677271b67b9759f7412b112c","is_verified":true,"download_report":true,"createdAt":"2025-08-17T06:30:18.631Z","updatedAt":"2025-08-17T06:31:15.105Z","__v":0},"query":{"startDate":"2024-08-17","endDate":"2025-08-17","page":"1","limit":"10","multiplePropertyOwner":"true"}}
2025-08-17 13:22:20 [[32minfo[39m]: Building query for fetching sheet data {"page":1,"limit":10,"filters":{"startDate":"2024-08-17","endDate":"2025-08-17"},"role":"property"}
2025-08-17 13:22:21 [[32minfo[39m]: Query executed successfully {"total":0}
2025-08-17 13:22:21 [[32minfo[39m]: Sheet data fetched successfully {"totalItems":0}
2025-08-17 13:25:02 [[32minfo[39m]: Received request to fetch sheet data {"user":{"_id":"68a176fa625c63a7b500e58d","name":"Prop Multiple ","email":"mahi121.mr2@gmail.com","password":"$2b$10$JfcrBB66Jn/PsrGIg4Zdj.DUHCDE6w1Xoh0njWdj/7i4rU6seUgxm","role":"property","connected_entity_id":["685ce0b1e8c65c798a8964dd","685ce0b1e8c65c798a8964f5","685ce0b2e8c65c798a89655c"],"invited_user":"677271b67b9759f7412b112c","is_verified":true,"download_report":true,"createdAt":"2025-08-17T06:30:18.631Z","updatedAt":"2025-08-17T06:31:15.105Z","__v":0},"query":{"startDate":"2025-08-10","endDate":"2025-08-17","page":"1","limit":"10","multiplePropertyOwner":"true"}}
2025-08-17 13:25:02 [[32minfo[39m]: Building query for fetching sheet data {"page":1,"limit":10,"filters":{"startDate":"2025-08-10","endDate":"2025-08-17"},"role":"property"}
2025-08-17 13:25:03 [[32minfo[39m]: Query executed successfully {"total":0}
2025-08-17 13:25:03 [[32minfo[39m]: Sheet data fetched successfully {"totalItems":0}
2025-08-17 13:25:06 [[32minfo[39m]: Received request to fetch sheet data {"user":{"_id":"68a176fa625c63a7b500e58d","name":"Prop Multiple ","email":"mahi121.mr2@gmail.com","password":"$2b$10$JfcrBB66Jn/PsrGIg4Zdj.DUHCDE6w1Xoh0njWdj/7i4rU6seUgxm","role":"property","connected_entity_id":["685ce0b1e8c65c798a8964dd","685ce0b1e8c65c798a8964f5","685ce0b2e8c65c798a89655c"],"invited_user":"677271b67b9759f7412b112c","is_verified":true,"download_report":true,"createdAt":"2025-08-17T06:30:18.631Z","updatedAt":"2025-08-17T06:31:15.105Z","__v":0},"query":{"startDate":"2025-07-17","endDate":"2025-08-17","page":"1","limit":"10","multiplePropertyOwner":"true"}}
2025-08-17 13:25:06 [[32minfo[39m]: Building query for fetching sheet data {"page":1,"limit":10,"filters":{"startDate":"2025-07-17","endDate":"2025-08-17"},"role":"property"}
2025-08-17 13:25:06 [[32minfo[39m]: Query executed successfully {"total":0}
2025-08-17 13:25:06 [[32minfo[39m]: Sheet data fetched successfully {"totalItems":0}
2025-08-17 13:25:08 [[32minfo[39m]: Received request to fetch sheet data {"user":{"_id":"68a176fa625c63a7b500e58d","name":"Prop Multiple ","email":"mahi121.mr2@gmail.com","password":"$2b$10$JfcrBB66Jn/PsrGIg4Zdj.DUHCDE6w1Xoh0njWdj/7i4rU6seUgxm","role":"property","connected_entity_id":["685ce0b1e8c65c798a8964dd","685ce0b1e8c65c798a8964f5","685ce0b2e8c65c798a89655c"],"invited_user":"677271b67b9759f7412b112c","is_verified":true,"download_report":true,"createdAt":"2025-08-17T06:30:18.631Z","updatedAt":"2025-08-17T06:31:15.105Z","__v":0},"query":{"startDate":"2024-08-17","endDate":"2025-08-17","page":"1","limit":"10","multiplePropertyOwner":"true"}}
2025-08-17 13:25:08 [[32minfo[39m]: Building query for fetching sheet data {"page":1,"limit":10,"filters":{"startDate":"2024-08-17","endDate":"2025-08-17"},"role":"property"}
2025-08-17 13:25:08 [[32minfo[39m]: Query executed successfully {"total":0}
2025-08-17 13:25:08 [[32minfo[39m]: Sheet data fetched successfully {"totalItems":0}
2025-08-17 13:32:19 [[32minfo[39m]: Received request to fetch sheet data {"user":{"_id":"68a176fa625c63a7b500e58d","name":"Prop Multiple ","email":"mahi121.mr2@gmail.com","password":"$2b$10$JfcrBB66Jn/PsrGIg4Zdj.DUHCDE6w1Xoh0njWdj/7i4rU6seUgxm","role":"property","connected_entity_id":["685ce0b1e8c65c798a8964dd","685ce0b1e8c65c798a8964f5","685ce0b2e8c65c798a89655c"],"invited_user":"677271b67b9759f7412b112c","is_verified":true,"download_report":true,"createdAt":"2025-08-17T06:30:18.631Z","updatedAt":"2025-08-17T06:31:15.105Z","__v":0},"query":{"startDate":"2024-08-17","endDate":"2025-08-17","page":"1","limit":"10","multiplePropertyOwner":"true"}}
2025-08-17 13:32:19 [[32minfo[39m]: Building query for fetching sheet data {"page":1,"limit":10,"filters":{"startDate":"2024-08-17","endDate":"2025-08-17"},"role":"property"}
2025-08-17 13:32:20 [[32minfo[39m]: Query executed successfully {"total":0}
2025-08-17 13:32:20 [[32minfo[39m]: Sheet data fetched successfully {"totalItems":0}
2025-08-17 13:33:02 [[32minfo[39m]: Received request to fetch sheet data {"user":{"_id":"68a176fa625c63a7b500e58d","name":"Prop Multiple ","email":"mahi121.mr2@gmail.com","password":"$2b$10$JfcrBB66Jn/PsrGIg4Zdj.DUHCDE6w1Xoh0njWdj/7i4rU6seUgxm","role":"property","connected_entity_id":["685ce0b1e8c65c798a8964dd","685ce0b1e8c65c798a8964f5","685ce0b2e8c65c798a89655c"],"invited_user":"677271b67b9759f7412b112c","is_verified":true,"download_report":true,"createdAt":"2025-08-17T06:30:18.631Z","updatedAt":"2025-08-17T06:31:15.105Z","__v":0},"query":{"startDate":"2025-08-10","endDate":"2025-08-17","page":"1","limit":"10","multiplePropertyOwner":"true"}}
2025-08-17 13:33:02 [[32minfo[39m]: Building query for fetching sheet data {"page":1,"limit":10,"filters":{"startDate":"2025-08-10","endDate":"2025-08-17"},"role":"property"}
2025-08-17 13:33:02 [[32minfo[39m]: Received request to fetch sheet data {"user":{"_id":"68a176fa625c63a7b500e58d","name":"Prop Multiple ","email":"mahi121.mr2@gmail.com","password":"$2b$10$JfcrBB66Jn/PsrGIg4Zdj.DUHCDE6w1Xoh0njWdj/7i4rU6seUgxm","role":"property","connected_entity_id":["685ce0b1e8c65c798a8964dd","685ce0b1e8c65c798a8964f5","685ce0b2e8c65c798a89655c"],"invited_user":"677271b67b9759f7412b112c","is_verified":true,"download_report":true,"createdAt":"2025-08-17T06:30:18.631Z","updatedAt":"2025-08-17T06:31:15.105Z","__v":0},"query":{"startDate":"2024-08-17","endDate":"2025-08-17","page":"1","limit":"10","multiplePropertyOwner":"true"}}
2025-08-17 13:33:02 [[32minfo[39m]: Building query for fetching sheet data {"page":1,"limit":10,"filters":{"startDate":"2024-08-17","endDate":"2025-08-17"},"role":"property"}
2025-08-17 13:33:02 [[32minfo[39m]: Query executed successfully {"total":0}
2025-08-17 13:33:02 [[32minfo[39m]: Sheet data fetched successfully {"totalItems":0}
2025-08-17 13:33:02 [[32minfo[39m]: Query executed successfully {"total":0}
2025-08-17 13:33:02 [[32minfo[39m]: Sheet data fetched successfully {"totalItems":0}
2025-08-17 13:35:13 [[32minfo[39m]: Received request to fetch sheet data {"user":{"_id":"68a176fa625c63a7b500e58d","name":"Prop Multiple ","email":"mahi121.mr2@gmail.com","password":"$2b$10$JfcrBB66Jn/PsrGIg4Zdj.DUHCDE6w1Xoh0njWdj/7i4rU6seUgxm","role":"property","connected_entity_id":["685ce0b1e8c65c798a8964dd","685ce0b1e8c65c798a8964f5","685ce0b2e8c65c798a89655c"],"invited_user":"677271b67b9759f7412b112c","is_verified":true,"download_report":true,"createdAt":"2025-08-17T06:30:18.631Z","updatedAt":"2025-08-17T06:31:15.105Z","__v":0},"query":{"startDate":"2025-08-10","endDate":"2025-08-17","page":"1","limit":"10","multiplePropertyOwner":"true"}}
2025-08-17 13:35:13 [[32minfo[39m]: Building query for fetching sheet data {"page":1,"limit":10,"filters":{"startDate":"2025-08-10","endDate":"2025-08-17"},"role":"property"}
2025-08-17 13:35:14 [[32minfo[39m]: Query executed successfully {"total":0}
2025-08-17 13:35:14 [[32minfo[39m]: Sheet data fetched successfully {"totalItems":0}
2025-08-17 13:35:14 [[32minfo[39m]: Received request to fetch sheet data {"user":{"_id":"68a176fa625c63a7b500e58d","name":"Prop Multiple ","email":"mahi121.mr2@gmail.com","password":"$2b$10$JfcrBB66Jn/PsrGIg4Zdj.DUHCDE6w1Xoh0njWdj/7i4rU6seUgxm","role":"property","connected_entity_id":["685ce0b1e8c65c798a8964dd","685ce0b1e8c65c798a8964f5","685ce0b2e8c65c798a89655c"],"invited_user":"677271b67b9759f7412b112c","is_verified":true,"download_report":true,"createdAt":"2025-08-17T06:30:18.631Z","updatedAt":"2025-08-17T06:31:15.105Z","__v":0},"query":{"startDate":"2025-08-10","endDate":"2025-08-17","page":"1","limit":"10","multiplePropertyOwner":"true"}}
2025-08-17 13:35:14 [[32minfo[39m]: Building query for fetching sheet data {"page":1,"limit":10,"filters":{"startDate":"2025-08-10","endDate":"2025-08-17"},"role":"property"}
2025-08-17 13:35:15 [[32minfo[39m]: Query executed successfully {"total":0}
2025-08-17 13:35:15 [[32minfo[39m]: Sheet data fetched successfully {"totalItems":0}
2025-08-17 14:21:46 [[32minfo[39m]: Received request to fetch sheet data {"user":{"_id":"68a176fa625c63a7b500e58d","name":"Prop Multiple ","email":"mahi121.mr2@gmail.com","password":"$2b$10$JfcrBB66Jn/PsrGIg4Zdj.DUHCDE6w1Xoh0njWdj/7i4rU6seUgxm","role":"property","connected_entity_id":["685ce0b1e8c65c798a8964dd","685ce0b1e8c65c798a8964f5","685ce0b2e8c65c798a89655c"],"invited_user":"677271b67b9759f7412b112c","is_verified":true,"download_report":true,"createdAt":"2025-08-17T06:30:18.631Z","updatedAt":"2025-08-17T06:31:15.105Z","__v":0},"query":{"startDate":"2025-08-10","endDate":"2025-08-17","page":"1","limit":"10","multiplePropertyOwner":"true"}}
2025-08-17 14:21:46 [[32minfo[39m]: Building query for fetching sheet data {"page":1,"limit":10,"filters":{"startDate":"2025-08-10","endDate":"2025-08-17"},"role":"property"}
2025-08-17 14:21:46 [[32minfo[39m]: Query executed successfully {"total":0}
2025-08-17 14:21:46 [[32minfo[39m]: Sheet data fetched successfully {"totalItems":0}
2025-08-17 14:21:47 [[32minfo[39m]: Received request to fetch sheet data {"user":{"_id":"68a176fa625c63a7b500e58d","name":"Prop Multiple ","email":"mahi121.mr2@gmail.com","password":"$2b$10$JfcrBB66Jn/PsrGIg4Zdj.DUHCDE6w1Xoh0njWdj/7i4rU6seUgxm","role":"property","connected_entity_id":["685ce0b1e8c65c798a8964dd","685ce0b1e8c65c798a8964f5","685ce0b2e8c65c798a89655c"],"invited_user":"677271b67b9759f7412b112c","is_verified":true,"download_report":true,"createdAt":"2025-08-17T06:30:18.631Z","updatedAt":"2025-08-17T06:31:15.105Z","__v":0},"query":{"startDate":"2025-08-10","endDate":"2025-08-17","page":"1","limit":"10","multiplePropertyOwner":"true"}}
2025-08-17 14:21:47 [[32minfo[39m]: Building query for fetching sheet data {"page":1,"limit":10,"filters":{"startDate":"2025-08-10","endDate":"2025-08-17"},"role":"property"}
2025-08-17 14:21:47 [[32minfo[39m]: Query executed successfully {"total":0}
2025-08-17 14:21:47 [[32minfo[39m]: Sheet data fetched successfully {"totalItems":0}
2025-08-17 14:21:51 [[32minfo[39m]: Received request to fetch sheet data {"user":{"_id":"68a176fa625c63a7b500e58d","name":"Prop Multiple ","email":"mahi121.mr2@gmail.com","password":"$2b$10$JfcrBB66Jn/PsrGIg4Zdj.DUHCDE6w1Xoh0njWdj/7i4rU6seUgxm","role":"property","connected_entity_id":["685ce0b1e8c65c798a8964dd","685ce0b1e8c65c798a8964f5","685ce0b2e8c65c798a89655c"],"invited_user":"677271b67b9759f7412b112c","is_verified":true,"download_report":true,"createdAt":"2025-08-17T06:30:18.631Z","updatedAt":"2025-08-17T06:31:15.105Z","__v":0},"query":{"startDate":"2024-08-17","endDate":"2025-08-17","page":"1","limit":"10","multiplePropertyOwner":"true"}}
2025-08-17 14:21:51 [[32minfo[39m]: Building query for fetching sheet data {"page":1,"limit":10,"filters":{"startDate":"2024-08-17","endDate":"2025-08-17"},"role":"property"}
2025-08-17 14:21:52 [[32minfo[39m]: Query executed successfully {"total":0}
2025-08-17 14:21:52 [[32minfo[39m]: Sheet data fetched successfully {"totalItems":0}
2025-08-17 14:23:41 [[32minfo[39m]: Received request to fetch sheet data {"user":{"_id":"68a176fa625c63a7b500e58d","name":"Prop Multiple ","email":"mahi121.mr2@gmail.com","password":"$2b$10$JfcrBB66Jn/PsrGIg4Zdj.DUHCDE6w1Xoh0njWdj/7i4rU6seUgxm","role":"property","connected_entity_id":["685ce0b1e8c65c798a8964dd","685ce0b1e8c65c798a8964f5","685ce0b2e8c65c798a89655c"],"invited_user":"677271b67b9759f7412b112c","is_verified":true,"download_report":true,"createdAt":"2025-08-17T06:30:18.631Z","updatedAt":"2025-08-17T06:31:15.105Z","__v":0},"query":{"startDate":"2024-08-17","endDate":"2025-08-17","page":"1","limit":"10","multiplePropertyOwner":"true"}}
2025-08-17 14:23:41 [[32minfo[39m]: Building query for fetching sheet data {"page":1,"limit":10,"filters":{"startDate":"2024-08-17","endDate":"2025-08-17"},"role":"property"}
2025-08-17 14:23:41 [[32minfo[39m]: Query executed successfully {"total":0}
2025-08-17 14:23:41 [[32minfo[39m]: Sheet data fetched successfully {"totalItems":0}
2025-08-17 14:23:44 [[32minfo[39m]: Received request to fetch sheet data {"user":{"_id":"68a176fa625c63a7b500e58d","name":"Prop Multiple ","email":"mahi121.mr2@gmail.com","password":"$2b$10$JfcrBB66Jn/PsrGIg4Zdj.DUHCDE6w1Xoh0njWdj/7i4rU6seUgxm","role":"property","connected_entity_id":["685ce0b1e8c65c798a8964dd","685ce0b1e8c65c798a8964f5","685ce0b2e8c65c798a89655c"],"invited_user":"677271b67b9759f7412b112c","is_verified":true,"download_report":true,"createdAt":"2025-08-17T06:30:18.631Z","updatedAt":"2025-08-17T06:31:15.105Z","__v":0},"query":{"startDate":"2024-08-17","endDate":"2025-08-17","page":"1","limit":"10","multiplePropertyOwner":"true"}}
2025-08-17 14:23:44 [[32minfo[39m]: Building query for fetching sheet data {"page":1,"limit":10,"filters":{"startDate":"2024-08-17","endDate":"2025-08-17"},"role":"property"}
2025-08-17 14:23:45 [[32minfo[39m]: Query executed successfully {"total":0}
2025-08-17 14:23:45 [[32minfo[39m]: Sheet data fetched successfully {"totalItems":0}
2025-08-17 14:25:46 [[32minfo[39m]: Received request to fetch sheet data {"user":{"_id":"68a176fa625c63a7b500e58d","name":"Prop Multiple ","email":"mahi121.mr2@gmail.com","password":"$2b$10$JfcrBB66Jn/PsrGIg4Zdj.DUHCDE6w1Xoh0njWdj/7i4rU6seUgxm","role":"property","connected_entity_id":["685ce0b1e8c65c798a8964dd","685ce0b1e8c65c798a8964f5","685ce0b2e8c65c798a89655c"],"invited_user":"677271b67b9759f7412b112c","is_verified":true,"download_report":true,"createdAt":"2025-08-17T06:30:18.631Z","updatedAt":"2025-08-17T06:31:15.105Z","__v":0},"query":{"startDate":"2024-08-17","endDate":"2025-08-17","page":"1","limit":"10","multiplePropertyOwner":"true"}}
2025-08-17 14:25:46 [[32minfo[39m]: Building query for fetching sheet data {"page":1,"limit":10,"filters":{"startDate":"2024-08-17","endDate":"2025-08-17"},"role":"property"}
2025-08-17 14:25:47 [[32minfo[39m]: Query executed successfully {"total":0}
2025-08-17 14:25:47 [[32minfo[39m]: Sheet data fetched successfully {"totalItems":0}
2025-08-17 14:25:49 [[32minfo[39m]: Received request to fetch sheet data {"user":{"_id":"68a176fa625c63a7b500e58d","name":"Prop Multiple ","email":"mahi121.mr2@gmail.com","password":"$2b$10$JfcrBB66Jn/PsrGIg4Zdj.DUHCDE6w1Xoh0njWdj/7i4rU6seUgxm","role":"property","connected_entity_id":["685ce0b1e8c65c798a8964dd","685ce0b1e8c65c798a8964f5","685ce0b2e8c65c798a89655c"],"invited_user":"677271b67b9759f7412b112c","is_verified":true,"download_report":true,"createdAt":"2025-08-17T06:30:18.631Z","updatedAt":"2025-08-17T06:31:15.105Z","__v":0},"query":{"startDate":"2024-08-17","endDate":"2025-08-17","page":"1","limit":"10","multiplePropertyOwner":"true"}}
2025-08-17 14:25:49 [[32minfo[39m]: Building query for fetching sheet data {"page":1,"limit":10,"filters":{"startDate":"2024-08-17","endDate":"2025-08-17"},"role":"property"}
2025-08-17 14:25:50 [[32minfo[39m]: Query executed successfully {"total":0}
2025-08-17 14:25:50 [[32minfo[39m]: Sheet data fetched successfully {"totalItems":0}
2025-08-17 14:26:00 [[32minfo[39m]: Received request to fetch sheet data {"user":{"_id":"68a176fa625c63a7b500e58d","name":"Prop Multiple ","email":"mahi121.mr2@gmail.com","password":"$2b$10$JfcrBB66Jn/PsrGIg4Zdj.DUHCDE6w1Xoh0njWdj/7i4rU6seUgxm","role":"property","connected_entity_id":["685ce0b1e8c65c798a8964dd","685ce0b1e8c65c798a8964f5","685ce0b2e8c65c798a89655c"],"invited_user":"677271b67b9759f7412b112c","is_verified":true,"download_report":true,"createdAt":"2025-08-17T06:30:18.631Z","updatedAt":"2025-08-17T06:31:15.105Z","__v":0},"query":{"startDate":"2024-08-17","endDate":"2025-08-17","page":"1","limit":"10","multiplePropertyOwner":"true"}}
2025-08-17 14:26:00 [[32minfo[39m]: Building query for fetching sheet data {"page":1,"limit":10,"filters":{"startDate":"2024-08-17","endDate":"2025-08-17"},"role":"property"}
2025-08-17 14:26:01 [[32minfo[39m]: Query executed successfully {"total":0}
2025-08-17 14:26:01 [[32minfo[39m]: Sheet data fetched successfully {"totalItems":0}
2025-08-17 14:26:21 [[32minfo[39m]: Received request to fetch sheet data {"user":{"_id":"68a176fa625c63a7b500e58d","name":"Prop Multiple ","email":"mahi121.mr2@gmail.com","password":"$2b$10$JfcrBB66Jn/PsrGIg4Zdj.DUHCDE6w1Xoh0njWdj/7i4rU6seUgxm","role":"property","connected_entity_id":["685ce0b1e8c65c798a8964dd","685ce0b1e8c65c798a8964f5","685ce0b2e8c65c798a89655c"],"invited_user":"677271b67b9759f7412b112c","is_verified":true,"download_report":true,"createdAt":"2025-08-17T06:30:18.631Z","updatedAt":"2025-08-17T06:31:15.105Z","__v":0},"query":{"startDate":"2024-08-17","endDate":"2025-08-17","page":"1","limit":"10","multiplePropertyOwner":"true"}}
2025-08-17 14:26:21 [[32minfo[39m]: Building query for fetching sheet data {"page":1,"limit":10,"filters":{"startDate":"2024-08-17","endDate":"2025-08-17"},"role":"property"}
2025-08-17 14:26:22 [[32minfo[39m]: Query executed successfully {"total":0}
2025-08-17 14:26:22 [[32minfo[39m]: Sheet data fetched successfully {"totalItems":0}
2025-08-17 14:26:25 [[32minfo[39m]: Received request to fetch sheet data {"user":{"_id":"68a176fa625c63a7b500e58d","name":"Prop Multiple ","email":"mahi121.mr2@gmail.com","password":"$2b$10$JfcrBB66Jn/PsrGIg4Zdj.DUHCDE6w1Xoh0njWdj/7i4rU6seUgxm","role":"property","connected_entity_id":["685ce0b1e8c65c798a8964dd","685ce0b1e8c65c798a8964f5","685ce0b2e8c65c798a89655c"],"invited_user":"677271b67b9759f7412b112c","is_verified":true,"download_report":true,"createdAt":"2025-08-17T06:30:18.631Z","updatedAt":"2025-08-17T06:31:15.105Z","__v":0},"query":{"startDate":"2024-08-17","endDate":"2025-08-17","page":"1","limit":"10","multiplePropertyOwner":"true"}}
2025-08-17 14:26:25 [[32minfo[39m]: Building query for fetching sheet data {"page":1,"limit":10,"filters":{"startDate":"2024-08-17","endDate":"2025-08-17"},"role":"property"}
2025-08-17 14:26:25 [[32minfo[39m]: Query executed successfully {"total":0}
2025-08-17 14:26:25 [[32minfo[39m]: Sheet data fetched successfully {"totalItems":0}
2025-08-17 14:26:31 [[32minfo[39m]: Received request to fetch sheet data {"user":{"_id":"68a176fa625c63a7b500e58d","name":"Prop Multiple ","email":"mahi121.mr2@gmail.com","password":"$2b$10$JfcrBB66Jn/PsrGIg4Zdj.DUHCDE6w1Xoh0njWdj/7i4rU6seUgxm","role":"property","connected_entity_id":["685ce0b1e8c65c798a8964dd","685ce0b1e8c65c798a8964f5","685ce0b2e8c65c798a89655c"],"invited_user":"677271b67b9759f7412b112c","is_verified":true,"download_report":true,"createdAt":"2025-08-17T06:30:18.631Z","updatedAt":"2025-08-17T06:31:15.105Z","__v":0},"query":{"startDate":"2025-08-10","endDate":"2025-08-17","page":"1","limit":"10","multiplePropertyOwner":"true"}}
2025-08-17 14:26:31 [[32minfo[39m]: Building query for fetching sheet data {"page":1,"limit":10,"filters":{"startDate":"2025-08-10","endDate":"2025-08-17"},"role":"property"}
2025-08-17 14:26:32 [[32minfo[39m]: Query executed successfully {"total":0}
2025-08-17 14:26:32 [[32minfo[39m]: Sheet data fetched successfully {"totalItems":0}
2025-08-17 14:26:32 [[32minfo[39m]: Received request to fetch sheet data {"user":{"_id":"68a176fa625c63a7b500e58d","name":"Prop Multiple ","email":"mahi121.mr2@gmail.com","password":"$2b$10$JfcrBB66Jn/PsrGIg4Zdj.DUHCDE6w1Xoh0njWdj/7i4rU6seUgxm","role":"property","connected_entity_id":["685ce0b1e8c65c798a8964dd","685ce0b1e8c65c798a8964f5","685ce0b2e8c65c798a89655c"],"invited_user":"677271b67b9759f7412b112c","is_verified":true,"download_report":true,"createdAt":"2025-08-17T06:30:18.631Z","updatedAt":"2025-08-17T06:31:15.105Z","__v":0},"query":{"startDate":"2025-08-10","endDate":"2025-08-17","page":"1","limit":"10","multiplePropertyOwner":"true"}}
2025-08-17 14:26:32 [[32minfo[39m]: Building query for fetching sheet data {"page":1,"limit":10,"filters":{"startDate":"2025-08-10","endDate":"2025-08-17"},"role":"property"}
2025-08-17 14:26:33 [[32minfo[39m]: Query executed successfully {"total":0}
2025-08-17 14:26:33 [[32minfo[39m]: Sheet data fetched successfully {"totalItems":0}
2025-08-17 14:28:05 [[32minfo[39m]: Received request to fetch sheet data {"user":{"_id":"68a176fa625c63a7b500e58d","name":"Prop Multiple ","email":"mahi121.mr2@gmail.com","password":"$2b$10$JfcrBB66Jn/PsrGIg4Zdj.DUHCDE6w1Xoh0njWdj/7i4rU6seUgxm","role":"property","connected_entity_id":["685ce0b1e8c65c798a8964dd","685ce0b1e8c65c798a8964f5","685ce0b2e8c65c798a89655c"],"invited_user":"677271b67b9759f7412b112c","is_verified":true,"download_report":true,"createdAt":"2025-08-17T06:30:18.631Z","updatedAt":"2025-08-17T06:31:15.105Z","__v":0},"query":{"startDate":"2025-08-10","endDate":"2025-08-17","page":"1","limit":"10","multiplePropertyOwner":"true"}}
2025-08-17 14:28:05 [[32minfo[39m]: Building query for fetching sheet data {"page":1,"limit":10,"filters":{"startDate":"2025-08-10","endDate":"2025-08-17"},"role":"property"}
2025-08-17 14:28:06 [[32minfo[39m]: Query executed successfully {"total":0}
2025-08-17 14:28:06 [[32minfo[39m]: Sheet data fetched successfully {"totalItems":0}
2025-08-17 14:28:41 [[32minfo[39m]: Received request to fetch sheet data {"user":{"_id":"68a176fa625c63a7b500e58d","name":"Prop Multiple ","email":"mahi121.mr2@gmail.com","password":"$2b$10$JfcrBB66Jn/PsrGIg4Zdj.DUHCDE6w1Xoh0njWdj/7i4rU6seUgxm","role":"property","connected_entity_id":["685ce0b1e8c65c798a8964dd","685ce0b1e8c65c798a8964f5","685ce0b2e8c65c798a89655c"],"invited_user":"677271b67b9759f7412b112c","is_verified":true,"download_report":true,"createdAt":"2025-08-17T06:30:18.631Z","updatedAt":"2025-08-17T06:31:15.105Z","__v":0},"query":{"startDate":"2025-08-10","endDate":"2025-08-17","page":"1","limit":"10","multiplePropertyOwner":"true"}}
2025-08-17 14:28:41 [[32minfo[39m]: Building query for fetching sheet data {"page":1,"limit":10,"filters":{"startDate":"2025-08-10","endDate":"2025-08-17"},"role":"property"}
2025-08-17 14:28:41 [[32minfo[39m]: Query executed successfully {"total":0}
2025-08-17 14:28:41 [[32minfo[39m]: Sheet data fetched successfully {"totalItems":0}
2025-08-17 14:30:11 [[32minfo[39m]: Received request to fetch sheet data {"user":{"_id":"68a176fa625c63a7b500e58d","name":"Prop Multiple ","email":"mahi121.mr2@gmail.com","password":"$2b$10$JfcrBB66Jn/PsrGIg4Zdj.DUHCDE6w1Xoh0njWdj/7i4rU6seUgxm","role":"property","connected_entity_id":["685ce0b1e8c65c798a8964dd","685ce0b1e8c65c798a8964f5","685ce0b2e8c65c798a89655c"],"invited_user":"677271b67b9759f7412b112c","is_verified":true,"download_report":true,"createdAt":"2025-08-17T06:30:18.631Z","updatedAt":"2025-08-17T06:31:15.105Z","__v":0},"query":{"startDate":"2025-08-10","endDate":"2025-08-17","page":"1","limit":"10","multiplePropertyOwner":"true"}}
2025-08-17 14:30:11 [[32minfo[39m]: Building query for fetching sheet data {"page":1,"limit":10,"filters":{"startDate":"2025-08-10","endDate":"2025-08-17"},"role":"property"}
2025-08-17 14:30:12 [[32minfo[39m]: Query executed successfully {"total":0}
2025-08-17 14:30:12 [[32minfo[39m]: Sheet data fetched successfully {"totalItems":0}
2025-08-17 14:32:15 [[32minfo[39m]: Received request to fetch sheet data {"user":{"_id":"68a176fa625c63a7b500e58d","name":"Prop Multiple ","email":"mahi121.mr2@gmail.com","password":"$2b$10$JfcrBB66Jn/PsrGIg4Zdj.DUHCDE6w1Xoh0njWdj/7i4rU6seUgxm","role":"property","connected_entity_id":["685ce0b1e8c65c798a8964dd","685ce0b1e8c65c798a8964f5","685ce0b2e8c65c798a89655c"],"invited_user":"677271b67b9759f7412b112c","is_verified":true,"download_report":true,"createdAt":"2025-08-17T06:30:18.631Z","updatedAt":"2025-08-17T06:31:15.105Z","__v":0},"query":{"startDate":"2025-08-10","endDate":"2025-08-17","page":"1","limit":"10","multiplePropertyOwner":"true"}}
2025-08-17 14:32:15 [[32minfo[39m]: Building query for fetching sheet data {"page":1,"limit":10,"filters":{"startDate":"2025-08-10","endDate":"2025-08-17"},"role":"property"}
2025-08-17 14:32:16 [[32minfo[39m]: Query executed successfully {"total":0}
2025-08-17 14:32:16 [[32minfo[39m]: Sheet data fetched successfully {"totalItems":0}
2025-08-17 14:32:40 [[32minfo[39m]: Received request to fetch sheet data {"user":{"_id":"68a176fa625c63a7b500e58d","name":"Prop Multiple ","email":"mahi121.mr2@gmail.com","password":"$2b$10$JfcrBB66Jn/PsrGIg4Zdj.DUHCDE6w1Xoh0njWdj/7i4rU6seUgxm","role":"property","connected_entity_id":["685ce0b1e8c65c798a8964dd","685ce0b1e8c65c798a8964f5","685ce0b2e8c65c798a89655c"],"invited_user":"677271b67b9759f7412b112c","is_verified":true,"download_report":true,"createdAt":"2025-08-17T06:30:18.631Z","updatedAt":"2025-08-17T06:31:15.105Z","__v":0},"query":{"startDate":"2025-08-10","endDate":"2025-08-17","page":"1","limit":"10","multiplePropertyOwner":"true"}}
2025-08-17 14:32:40 [[32minfo[39m]: Building query for fetching sheet data {"page":1,"limit":10,"filters":{"startDate":"2025-08-10","endDate":"2025-08-17"},"role":"property"}
2025-08-17 14:32:40 [[32minfo[39m]: Query executed successfully {"total":0}
2025-08-17 14:32:40 [[32minfo[39m]: Sheet data fetched successfully {"totalItems":0}
2025-08-17 14:32:53 [[32minfo[39m]: Received request to fetch sheet data {"user":{"_id":"68a176fa625c63a7b500e58d","name":"Prop Multiple ","email":"mahi121.mr2@gmail.com","password":"$2b$10$JfcrBB66Jn/PsrGIg4Zdj.DUHCDE6w1Xoh0njWdj/7i4rU6seUgxm","role":"property","connected_entity_id":["685ce0b1e8c65c798a8964dd","685ce0b1e8c65c798a8964f5","685ce0b2e8c65c798a89655c"],"invited_user":"677271b67b9759f7412b112c","is_verified":true,"download_report":true,"createdAt":"2025-08-17T06:30:18.631Z","updatedAt":"2025-08-17T06:31:15.105Z","__v":0},"query":{"startDate":"2024-08-17","endDate":"2025-08-17","page":"1","limit":"10","multiplePropertyOwner":"true"}}
2025-08-17 14:32:53 [[32minfo[39m]: Building query for fetching sheet data {"page":1,"limit":10,"filters":{"startDate":"2024-08-17","endDate":"2025-08-17"},"role":"property"}
2025-08-17 14:32:53 [[32minfo[39m]: Query executed successfully {"total":0}
2025-08-17 14:32:53 [[32minfo[39m]: Sheet data fetched successfully {"totalItems":0}
2025-08-17 17:55:57 [[32minfo[39m]: Received request to fetch sheet data {"user":{"download_report":false,"_id":"677271b67b9759f7412b112c","name":"Admin User","email":"vnp@admin.com","password":"$2b$10$8bLqnhrEOhS34WTeYGfIXeQhe1YE8YfJqTiMV//.YFfaALA0pF4ta","role":"admin","access":"admin","createdAt":"2024-12-30T10:11:02.414Z","updatedAt":"2025-01-14T15:00:18.983Z","__v":1,"is_verified":true,"connected_entity_id":[],"phone_number":"01728704205"},"query":{"page":"1","limit":"10","ota":"expedia","entity_id":"685ce07ae8c65c798a8962ef","multiplePropertyOwner":"false"}}
2025-08-17 17:55:57 [[32minfo[39m]: Building query for fetching sheet data {"page":1,"limit":10,"filters":{},"role":"admin"}
2025-08-17 17:55:58 [[32minfo[39m]: Query executed successfully {"total":5988}
2025-08-17 17:55:58 [[32minfo[39m]: Sheet data fetched successfully {"totalItems":5988}
2025-08-17 17:56:00 [[32minfo[39m]: Received request to fetch sheet data {"user":{"download_report":false,"_id":"677271b67b9759f7412b112c","name":"Admin User","email":"vnp@admin.com","password":"$2b$10$8bLqnhrEOhS34WTeYGfIXeQhe1YE8YfJqTiMV//.YFfaALA0pF4ta","role":"admin","access":"admin","createdAt":"2024-12-30T10:11:02.414Z","updatedAt":"2025-01-14T15:00:18.983Z","__v":1,"is_verified":true,"connected_entity_id":[],"phone_number":"01728704205"},"query":{"page":"1","limit":"10","ota":"expedia","entity_id":"685ce07ae8c65c798a8962ef","multiplePropertyOwner":"false"}}
2025-08-17 17:56:00 [[32minfo[39m]: Building query for fetching sheet data {"page":1,"limit":10,"filters":{},"role":"admin"}
2025-08-17 17:56:01 [[32minfo[39m]: Query executed successfully {"total":5988}
2025-08-17 17:56:01 [[32minfo[39m]: Sheet data fetched successfully {"totalItems":5988}
2025-08-17 17:56:03 [[32minfo[39m]: Received request to fetch sheet data {"user":{"download_report":false,"_id":"677271b67b9759f7412b112c","name":"Admin User","email":"vnp@admin.com","password":"$2b$10$8bLqnhrEOhS34WTeYGfIXeQhe1YE8YfJqTiMV//.YFfaALA0pF4ta","role":"admin","access":"admin","createdAt":"2024-12-30T10:11:02.414Z","updatedAt":"2025-01-14T15:00:18.983Z","__v":1,"is_verified":true,"connected_entity_id":[],"phone_number":"01728704205"},"query":{"page":"1","limit":"10","ota":"booking","entity_id":"685ce07ae8c65c798a8962ef","multiplePropertyOwner":"false"}}
2025-08-17 17:56:03 [[32minfo[39m]: Building query for fetching sheet data {"page":1,"limit":10,"filters":{},"role":"admin"}
2025-08-17 17:56:04 [[32minfo[39m]: Query executed successfully {"total":5988}
2025-08-17 17:56:04 [[32minfo[39m]: Sheet data fetched successfully {"totalItems":5988}
2025-08-17 17:56:05 [[32minfo[39m]: Received request to fetch sheet data {"user":{"download_report":false,"_id":"677271b67b9759f7412b112c","name":"Admin User","email":"vnp@admin.com","password":"$2b$10$8bLqnhrEOhS34WTeYGfIXeQhe1YE8YfJqTiMV//.YFfaALA0pF4ta","role":"admin","access":"admin","createdAt":"2024-12-30T10:11:02.414Z","updatedAt":"2025-01-14T15:00:18.983Z","__v":1,"is_verified":true,"connected_entity_id":[],"phone_number":"01728704205"},"query":{"page":"1","limit":"10","ota":"expedia","entity_id":"685ce07ae8c65c798a8962ef","multiplePropertyOwner":"false"}}
2025-08-17 17:56:05 [[32minfo[39m]: Building query for fetching sheet data {"page":1,"limit":10,"filters":{},"role":"admin"}
2025-08-17 17:56:06 [[32minfo[39m]: Query executed successfully {"total":5988}
2025-08-17 17:56:06 [[32minfo[39m]: Sheet data fetched successfully {"totalItems":5988}
2025-08-17 17:59:07 [[32minfo[39m]: Received request to fetch sheet data {"user":{"download_report":false,"_id":"677271b67b9759f7412b112c","name":"Admin User","email":"vnp@admin.com","password":"$2b$10$8bLqnhrEOhS34WTeYGfIXeQhe1YE8YfJqTiMV//.YFfaALA0pF4ta","role":"admin","access":"admin","createdAt":"2024-12-30T10:11:02.414Z","updatedAt":"2025-01-14T15:00:18.983Z","__v":1,"is_verified":true,"connected_entity_id":[],"phone_number":"01728704205"},"query":{"page":"1","limit":"10","ota":"expedia","entity_id":"685ce07be8c65c798a8962f2","multiplePropertyOwner":"false"}}
2025-08-17 17:59:07 [[32minfo[39m]: Building query for fetching sheet data {"page":1,"limit":10,"filters":{},"role":"admin"}
2025-08-17 17:59:08 [[32minfo[39m]: Query executed successfully {"total":5988}
2025-08-17 17:59:08 [[32minfo[39m]: Sheet data fetched successfully {"totalItems":5988}
2025-08-17 17:59:08 [[32minfo[39m]: Received request to fetch sheet data {"user":{"download_report":false,"_id":"677271b67b9759f7412b112c","name":"Admin User","email":"vnp@admin.com","password":"$2b$10$8bLqnhrEOhS34WTeYGfIXeQhe1YE8YfJqTiMV//.YFfaALA0pF4ta","role":"admin","access":"admin","createdAt":"2024-12-30T10:11:02.414Z","updatedAt":"2025-01-14T15:00:18.983Z","__v":1,"is_verified":true,"connected_entity_id":[],"phone_number":"01728704205"},"query":{"page":"1","limit":"10","ota":"expedia","entity_id":"685ce07be8c65c798a8962f2","multiplePropertyOwner":"false"}}
2025-08-17 17:59:08 [[32minfo[39m]: Building query for fetching sheet data {"page":1,"limit":10,"filters":{},"role":"admin"}
2025-08-17 17:59:09 [[32minfo[39m]: Query executed successfully {"total":5988}
2025-08-17 17:59:09 [[32minfo[39m]: Sheet data fetched successfully {"totalItems":5988}
2025-08-17 17:59:12 [[32minfo[39m]: Received request to fetch sheet data {"user":{"download_report":false,"_id":"677271b67b9759f7412b112c","name":"Admin User","email":"vnp@admin.com","password":"$2b$10$8bLqnhrEOhS34WTeYGfIXeQhe1YE8YfJqTiMV//.YFfaALA0pF4ta","role":"admin","access":"admin","createdAt":"2024-12-30T10:11:02.414Z","updatedAt":"2025-01-14T15:00:18.983Z","__v":1,"is_verified":true,"connected_entity_id":[],"phone_number":"01728704205"},"query":{"page":"1","limit":"10","ota":"booking","entity_id":"685ce07be8c65c798a8962f2","multiplePropertyOwner":"false"}}
2025-08-17 17:59:12 [[32minfo[39m]: Building query for fetching sheet data {"page":1,"limit":10,"filters":{},"role":"admin"}
2025-08-17 17:59:13 [[32minfo[39m]: Query executed successfully {"total":5988}
2025-08-17 17:59:13 [[32minfo[39m]: Sheet data fetched successfully {"totalItems":5988}
2025-08-17 17:59:14 [[32minfo[39m]: Received request to fetch sheet data {"user":{"download_report":false,"_id":"677271b67b9759f7412b112c","name":"Admin User","email":"vnp@admin.com","password":"$2b$10$8bLqnhrEOhS34WTeYGfIXeQhe1YE8YfJqTiMV//.YFfaALA0pF4ta","role":"admin","access":"admin","createdAt":"2024-12-30T10:11:02.414Z","updatedAt":"2025-01-14T15:00:18.983Z","__v":1,"is_verified":true,"connected_entity_id":[],"phone_number":"01728704205"},"query":{"page":"1","limit":"10","ota":"agoda","entity_id":"685ce07be8c65c798a8962f2","multiplePropertyOwner":"false"}}
2025-08-17 17:59:14 [[32minfo[39m]: Building query for fetching sheet data {"page":1,"limit":10,"filters":{},"role":"admin"}
2025-08-17 17:59:14 [[32minfo[39m]: Received request to fetch sheet data {"user":{"download_report":false,"_id":"677271b67b9759f7412b112c","name":"Admin User","email":"vnp@admin.com","password":"$2b$10$8bLqnhrEOhS34WTeYGfIXeQhe1YE8YfJqTiMV//.YFfaALA0pF4ta","role":"admin","access":"admin","createdAt":"2024-12-30T10:11:02.414Z","updatedAt":"2025-01-14T15:00:18.983Z","__v":1,"is_verified":true,"connected_entity_id":[],"phone_number":"01728704205"},"query":{"page":"1","limit":"10","ota":"expedia","entity_id":"685ce07be8c65c798a8962f2","multiplePropertyOwner":"false"}}
2025-08-17 17:59:14 [[32minfo[39m]: Building query for fetching sheet data {"page":1,"limit":10,"filters":{},"role":"admin"}
2025-08-17 17:59:15 [[32minfo[39m]: Query executed successfully {"total":5988}
2025-08-17 17:59:15 [[32minfo[39m]: Sheet data fetched successfully {"totalItems":5988}
2025-08-17 17:59:16 [[32minfo[39m]: Query executed successfully {"total":5988}
2025-08-17 17:59:16 [[32minfo[39m]: Sheet data fetched successfully {"totalItems":5988}
2025-08-17 18:06:43 [[32minfo[39m]: Received request to fetch sheet data {"user":{"download_report":false,"_id":"677271b67b9759f7412b112c","name":"Admin User","email":"vnp@admin.com","password":"$2b$10$8bLqnhrEOhS34WTeYGfIXeQhe1YE8YfJqTiMV//.YFfaALA0pF4ta","role":"admin","access":"admin","createdAt":"2024-12-30T10:11:02.414Z","updatedAt":"2025-01-14T15:00:18.983Z","__v":1,"is_verified":true,"connected_entity_id":[],"phone_number":"01728704205"},"query":{"page":"1","limit":"10","entity_id":"685ce07be8c65c798a8962f2","multiplePropertyOwner":"false"}}
2025-08-17 18:06:43 [[32minfo[39m]: Building query for fetching sheet data {"page":1,"limit":10,"filters":{},"role":"admin"}
2025-08-17 18:06:43 [[32minfo[39m]: Received request to fetch sheet data {"user":{"download_report":false,"_id":"677271b67b9759f7412b112c","name":"Admin User","email":"vnp@admin.com","password":"$2b$10$8bLqnhrEOhS34WTeYGfIXeQhe1YE8YfJqTiMV//.YFfaALA0pF4ta","role":"admin","access":"admin","createdAt":"2024-12-30T10:11:02.414Z","updatedAt":"2025-01-14T15:00:18.983Z","__v":1,"is_verified":true,"connected_entity_id":[],"phone_number":"01728704205"},"query":{"page":"1","limit":"10","ota":"expedia","entity_id":"685ce07be8c65c798a8962f2","multiplePropertyOwner":"false"}}
2025-08-17 18:06:43 [[32minfo[39m]: Building query for fetching sheet data {"page":1,"limit":10,"filters":{},"role":"admin"}
2025-08-17 18:06:44 [[32minfo[39m]: Query executed successfully {"total":5988}
2025-08-17 18:06:44 [[32minfo[39m]: Sheet data fetched successfully {"totalItems":5988}
2025-08-17 18:06:44 [[32minfo[39m]: Query executed successfully {"total":5988}
2025-08-17 18:06:44 [[32minfo[39m]: Sheet data fetched successfully {"totalItems":5988}
2025-08-17 18:06:58 [[32minfo[39m]: Received request to fetch sheet data {"user":{"download_report":false,"_id":"677271b67b9759f7412b112c","name":"Admin User","email":"vnp@admin.com","password":"$2b$10$8bLqnhrEOhS34WTeYGfIXeQhe1YE8YfJqTiMV//.YFfaALA0pF4ta","role":"admin","access":"admin","createdAt":"2024-12-30T10:11:02.414Z","updatedAt":"2025-01-14T15:00:18.983Z","__v":1,"is_verified":true,"connected_entity_id":[],"phone_number":"01728704205"},"query":{"page":"1","limit":"10","entity_id":"685ce07be8c65c798a8962f2","multiplePropertyOwner":"false"}}
2025-08-17 18:06:58 [[32minfo[39m]: Building query for fetching sheet data {"page":1,"limit":10,"filters":{},"role":"admin"}
2025-08-17 18:07:00 [[32minfo[39m]: Query executed successfully {"total":5988}
2025-08-17 18:07:00 [[32minfo[39m]: Sheet data fetched successfully {"totalItems":5988}
2025-08-17 18:07:26 [[32minfo[39m]: Received request to fetch sheet data {"user":{"download_report":false,"_id":"677271b67b9759f7412b112c","name":"Admin User","email":"vnp@admin.com","password":"$2b$10$8bLqnhrEOhS34WTeYGfIXeQhe1YE8YfJqTiMV//.YFfaALA0pF4ta","role":"admin","access":"admin","createdAt":"2024-12-30T10:11:02.414Z","updatedAt":"2025-01-14T15:00:18.983Z","__v":1,"is_verified":true,"connected_entity_id":[],"phone_number":"01728704205"},"query":{"page":"1","limit":"10","entity_id":"685ce07be8c65c798a8962f2","multiplePropertyOwner":"false"}}
2025-08-17 18:07:26 [[32minfo[39m]: Building query for fetching sheet data {"page":1,"limit":10,"filters":{},"role":"admin"}
2025-08-17 18:07:27 [[32minfo[39m]: Query executed successfully {"total":5988}
2025-08-17 18:07:27 [[32minfo[39m]: Sheet data fetched successfully {"totalItems":5988}
2025-08-17 18:10:18 [[32minfo[39m]: Received request to fetch sheet data {"user":{"download_report":false,"_id":"677271b67b9759f7412b112c","name":"Admin User","email":"vnp@admin.com","password":"$2b$10$8bLqnhrEOhS34WTeYGfIXeQhe1YE8YfJqTiMV//.YFfaALA0pF4ta","role":"admin","access":"admin","createdAt":"2024-12-30T10:11:02.414Z","updatedAt":"2025-01-14T15:00:18.983Z","__v":1,"is_verified":true,"connected_entity_id":[],"phone_number":"01728704205"},"query":{"page":"1","limit":"10","entity_id":"685ce07be8c65c798a8962f2","multiplePropertyOwner":"false"}}
2025-08-17 18:10:18 [[32minfo[39m]: Building query for fetching sheet data {"page":1,"limit":10,"filters":{},"role":"admin"}
2025-08-17 18:10:19 [[32minfo[39m]: Query executed successfully {"total":5988}
2025-08-17 18:10:19 [[32minfo[39m]: Sheet data fetched successfully {"totalItems":5988}
2025-08-17 18:11:01 [[32minfo[39m]: Received request to fetch sheet data {"user":{"download_report":false,"_id":"677271b67b9759f7412b112c","name":"Admin User","email":"vnp@admin.com","password":"$2b$10$8bLqnhrEOhS34WTeYGfIXeQhe1YE8YfJqTiMV//.YFfaALA0pF4ta","role":"admin","access":"admin","createdAt":"2024-12-30T10:11:02.414Z","updatedAt":"2025-01-14T15:00:18.983Z","__v":1,"is_verified":true,"connected_entity_id":[],"phone_number":"01728704205"},"query":{"page":"1","limit":"10","entity_id":"685ce07be8c65c798a8962f2","multiplePropertyOwner":"false"}}
2025-08-17 18:11:01 [[32minfo[39m]: Building query for fetching sheet data {"page":1,"limit":10,"filters":{},"role":"admin"}
2025-08-17 18:11:02 [[32minfo[39m]: Query executed successfully {"total":5988}
2025-08-17 18:11:02 [[32minfo[39m]: Sheet data fetched successfully {"totalItems":5988}
2025-08-17 18:11:12 [[32minfo[39m]: Received request to fetch sheet data {"user":{"download_report":false,"_id":"677271b67b9759f7412b112c","name":"Admin User","email":"vnp@admin.com","password":"$2b$10$8bLqnhrEOhS34WTeYGfIXeQhe1YE8YfJqTiMV//.YFfaALA0pF4ta","role":"admin","access":"admin","createdAt":"2024-12-30T10:11:02.414Z","updatedAt":"2025-01-14T15:00:18.983Z","__v":1,"is_verified":true,"connected_entity_id":[],"phone_number":"01728704205"},"query":{"page":"1","limit":"10","entity_id":"685ce07be8c65c798a8962f2","multiplePropertyOwner":"false"}}
2025-08-17 18:11:12 [[32minfo[39m]: Building query for fetching sheet data {"page":1,"limit":10,"filters":{},"role":"admin"}
2025-08-17 18:11:13 [[32minfo[39m]: Query executed successfully {"total":5988}
2025-08-17 18:11:13 [[32minfo[39m]: Sheet data fetched successfully {"totalItems":5988}
2025-08-17 18:14:40 [[32minfo[39m]: Received request to fetch sheet data {"user":{"download_report":false,"_id":"677271b67b9759f7412b112c","name":"Admin User","email":"vnp@admin.com","password":"$2b$10$8bLqnhrEOhS34WTeYGfIXeQhe1YE8YfJqTiMV//.YFfaALA0pF4ta","role":"admin","access":"admin","createdAt":"2024-12-30T10:11:02.414Z","updatedAt":"2025-01-14T15:00:18.983Z","__v":1,"is_verified":true,"connected_entity_id":[],"phone_number":"01728704205"},"query":{"page":"1","limit":"10","entity_id":"685ce079e8c65c798a8962ed","multiplePropertyOwner":"false"}}
2025-08-17 18:14:40 [[32minfo[39m]: Building query for fetching sheet data {"page":1,"limit":10,"filters":{},"role":"admin"}
2025-08-17 18:14:41 [[32minfo[39m]: Query executed successfully {"total":5988}
2025-08-17 18:14:41 [[32minfo[39m]: Sheet data fetched successfully {"totalItems":5988}
2025-08-17 18:14:41 [[32minfo[39m]: Received request to fetch sheet data {"user":{"download_report":false,"_id":"677271b67b9759f7412b112c","name":"Admin User","email":"vnp@admin.com","password":"$2b$10$8bLqnhrEOhS34WTeYGfIXeQhe1YE8YfJqTiMV//.YFfaALA0pF4ta","role":"admin","access":"admin","createdAt":"2024-12-30T10:11:02.414Z","updatedAt":"2025-01-14T15:00:18.983Z","__v":1,"is_verified":true,"connected_entity_id":[],"phone_number":"01728704205"},"query":{"page":"1","limit":"10","entity_id":"685ce079e8c65c798a8962ed","multiplePropertyOwner":"false"}}
2025-08-17 18:14:41 [[32minfo[39m]: Building query for fetching sheet data {"page":1,"limit":10,"filters":{},"role":"admin"}
2025-08-17 18:14:43 [[32minfo[39m]: Query executed successfully {"total":5988}
2025-08-17 18:14:43 [[32minfo[39m]: Sheet data fetched successfully {"totalItems":5988}
