2025-03-27 12:48:52 [[32minfo[39m]: Login request received {"email":"smahadalichowdhury@gmail.com"}
2025-03-27 12:52:34 [[31merror[39m]: Can't find /api/verify-otp on this server {"statusCode":404,"status":"fail","isOperational":true}
2025-03-27 12:55:54 [[32minfo[39m]: Login request received {"email":"smahadalichowdhury@gmail.com"}
2025-03-27 12:55:54 [[33mwarn[39m]: Invalid password {"email":"smahadalichowdhury@gmail.com"}
2025-03-27 12:55:54 [[31merror[39m]: Login failed {"email":"smahadalichowdhury@gmail.com","error":"Invalid password"}
2025-03-27 12:55:54 [[31merror[39m]: Invalid password {"statusCode":401,"status":"fail","isOperational":true}
2025-03-27 12:56:31 [[32minfo[39m]: Login request received {"email":"smahadalichowdhury@gmail.com"}
2025-03-27 13:00:51 [[31merror[39m]: OTP verification failed {"error":"OTP expired or not found"}
2025-03-27 13:00:51 [[31merror[39m]: OTP expired or not found {"statusCode":400,"status":"fail","isOperational":true}
2025-03-27 13:01:08 [[31merror[39m]: OTP verification failed {"error":"OTP expired or not found"}
2025-03-27 13:01:08 [[31merror[39m]: OTP expired or not found {"statusCode":400,"status":"fail","isOperational":true}
2025-03-27 13:01:09 [[31merror[39m]: OTP verification failed {"error":"OTP expired or not found"}
2025-03-27 13:01:09 [[31merror[39m]: OTP expired or not found {"statusCode":400,"status":"fail","isOperational":true}
2025-03-27 13:01:14 [[32minfo[39m]: Login request received {"email":"smahadalichowdhury@gmail.com"}
2025-03-27 13:01:42 [[31merror[39m]: OTP verification failed {"error":"OTP expired or not found"}
2025-03-27 13:01:42 [[31merror[39m]: OTP expired or not found {"statusCode":400,"status":"fail","isOperational":true}
2025-03-27 13:04:19 [[32minfo[39m]: Login request received {"email":"smahadalichowdhury@gmail.com"}
2025-03-27 13:04:46 [[31merror[39m]: OTP verification failed {"error":"Your verification code has expired. Please request a new code by logging in again."}
2025-03-27 13:04:46 [[31merror[39m]: Your verification code has expired. Please request a new code by logging in again. {"statusCode":400,"status":"fail","isOperational":true}
2025-03-27 13:06:53 [[31merror[39m]: OTP verification failed {"error":"Your verification code has expired. Please request a new code by logging in again."}
2025-03-27 13:06:53 [[31merror[39m]: Your verification code has expired. Please request a new code by logging in again. {"statusCode":400,"status":"fail","isOperational":true}
2025-03-27 13:07:08 [[32minfo[39m]: Login request received {"email":"smahadalichowdhury@gmail.com"}
2025-03-27 13:07:15 [[31merror[39m]: OTP verification failed {"error":"Invalid verification code. Please check and try again."}
2025-03-27 13:07:15 [[31merror[39m]: Invalid verification code. Please check and try again. {"statusCode":401,"status":"fail","isOperational":true}
2025-03-27 13:07:50 [[31merror[39m]: OTP verification failed {"error":"This verification code has already been used. Please request a new code by logging in again."}
2025-03-27 13:07:50 [[31merror[39m]: This verification code has already been used. Please request a new code by logging in again. {"statusCode":401,"status":"fail","isOperational":true}
2025-03-27 13:07:55 [[31merror[39m]: OTP verification failed {"error":"This verification code has already been used. Please request a new code by logging in again."}
2025-03-27 13:07:55 [[31merror[39m]: This verification code has already been used. Please request a new code by logging in again. {"statusCode":401,"status":"fail","isOperational":true}
2025-03-27 13:07:57 [[31merror[39m]: OTP verification failed {"error":"This verification code has already been used. Please request a new code by logging in again."}
2025-03-27 13:07:57 [[31merror[39m]: This verification code has already been used. Please request a new code by logging in again. {"statusCode":401,"status":"fail","isOperational":true}
2025-03-27 13:07:59 [[31merror[39m]: OTP verification failed {"error":"This verification code has already been used. Please request a new code by logging in again."}
2025-03-27 13:07:59 [[31merror[39m]: This verification code has already been used. Please request a new code by logging in again. {"statusCode":401,"status":"fail","isOperational":true}
2025-03-27 13:08:00 [[31merror[39m]: OTP verification failed {"error":"This verification code has already been used. Please request a new code by logging in again."}
2025-03-27 13:08:00 [[31merror[39m]: This verification code has already been used. Please request a new code by logging in again. {"statusCode":401,"status":"fail","isOperational":true}
